04/Nov/2024 12:42:52  Defined reference frequency for open boundary condition (2.5 GHz) is larger
                      than the lowest relevant system frequency (monitor at 1.8 GHz).
                      Please check the Settings for PML Boundary (Simulation > Settings > Boundary
                      Conditions > Open Boundary) to ensure accurate monitor results for the lowest
                      frequency of interest. More...
                      
                      ------------------------------------------------------------------------------
04/Nov/2024 12:42:52  *** Warning ***
                      
                      The monitor loss (f=3.2) is only available for dielectric or magnetic losses
                      and will be ignored.
                      
                      ------------------------------------------------------------------------------
04/Nov/2024 12:42:52  *** Warning ***
                      
                      The monitor loss (f=2.5) is only available for dielectric or magnetic losses
                      and will be ignored.
                      
                      ------------------------------------------------------------------------------
04/Nov/2024 12:42:52  *** Warning ***
                      
                      The monitor loss (f=1.8) is only available for dielectric or magnetic losses
                      and will be ignored.
                      
                      ------------------------------------------------------------------------------
04/Nov/2024 12:42:52  *** Warning ***
                      
                      This software is licensed for personal and educational purposes only.
                      
                      ------------------------------------------------------------------------------
04/Nov/2024 12:42:53  Modeler
                      
                      ------------------------------------------------------------------------------
04/Nov/2024 12:42:53  
                      ------------------------------------------------------------------------------
