Port monitor named: Port2_e1[2.5].prt

nx        = 43
ny        = 4
nz        = 25

nu        = 23
nv        = 41
iu        = 2
iv        = 2

idir      = 1
dcut      = -3.050000e-002
icut      = 2
type      = 0
frequency = 2.500000e+009

fcutoff   = 0.000000e+000
alpha     = 0.000000e+000
beta      = 9.872216e+001
accuracy  = 7.708435e-011

type          = QTEM
wave imp.     = 2.492135e+002
wave imp.sig. = 1.119564e-008
line imp.     = 5.287458e+001

ref. port     = 0

-5.441297e+001  -5.424684e+001  -5.391671e+001  -5.342675e+001  -5.278309e+001  -5.199365e+001  -5.106798e+001  -5.001696e+001  -2.315209e+002  -2.290406e+002  -2.257703e+002  -2.217641e+002  -2.170826e+002  -2.117909e+002  -2.059573e+002  -1.996509e+002  -1.890861e+002  -1.732898e+002  -1.484185e+002  -1.150668e+002  -8.359567e+001  -3.202924e+001  -0.000000e+000  
-6.923931e+001  -6.887950e+001  -6.816698e+001  -6.711570e+001  -6.574608e+001  -6.408435e+001  -6.216176e+001  -6.001365e+001  -2.749266e+002  -2.702951e+002  -2.644624e+002  -2.575725e+002  -2.497764e+002  -2.412261e+002  -2.320705e+002  -2.224508e+002  -2.067814e+002  -1.847236e+002  -1.519587e+002  -1.127339e+002  -7.925144e+001  -2.883133e+001  -0.000000e+000  
-1.368476e+002  -1.352270e+002  -1.320309e+002  -1.273477e+002  -1.213067e+002  -1.140731e+002  -1.058424e+002  -9.683396e+001  -4.259277e+002  -4.091008e+002  -3.896548e+002  -3.682994e+002  -3.457039e+002  -3.224717e+002  -2.991234e+002  -2.760897e+002  -2.408560e+002  -1.976455e+002  -1.416621e+002  -9.051303e+001  -5.685883e+001  -1.748087e+001  -0.000000e+000  
-2.507180e+002  -2.462152e+002  -2.373494e+002  -2.243965e+002  -2.077612e+002  -1.879643e+002  -1.656256e+002  -1.414410e+002  -5.874905e+002  -5.464775e+002  -5.022586e+002  -4.567226e+002  -4.114601e+002  -3.677151e+002  -3.263827e+002  -2.880406e+002  -2.328713e+002  -1.735367e+002  -1.059600e+002  -5.684101e+001  -3.103115e+001  -7.700574e+000  -0.000000e+000  
-5.113509e+002  -4.993977e+002  -4.758447e+002  -4.414049e+002  -3.971582e+002  -3.445491e+002  -2.853620e+002  -2.216633e+002  -8.402241e+002  -7.405053e+002  -6.401753e+002  -5.440019e+002  -4.553140e+002  -3.760365e+002  -3.069292e+002  -2.479011e+002  -1.698237e+002  -9.990234e+001  -3.459639e+001  -2.861447e+000  5.832303e+000  4.499454e+000  -0.000000e+000  
-6.996189e+002  -6.821894e+002  -6.477085e+002  -5.969876e+002  -5.313668e+002  -4.528172e+002  -3.640012e+002  -2.682353e+002  -9.583584e+002  -8.137740e+002  -6.741170e+002  -5.463339e+002  -4.342419e+002  -3.390586e+002  -2.602425e+002  -1.962666e+002  -1.158390e+002  -5.087557e+001  2.876070e+000  2.145409e+001  2.109098e+001  9.113374e+000  -0.000000e+000  
-9.609017e+002  -9.364132e+002  -8.876058e+002  -8.149888e+002  -7.197314e+002  -6.040755e+002  -4.717190e+002  -3.279709e+002  -1.087564e+003  -8.774250e+002  -6.836708e+002  -5.161147e+002  -3.779466e+002  -2.679095e+002  -1.825278e+002  -1.176509e+002  -4.151415e+001  1.139726e+001  4.640864e+001  4.795090e+001  3.709785e+001  1.375373e+001  -0.000000e+000  
-1.324780e+003  -1.292530e+003  -1.227274e+003  -1.127874e+003  -9.935903e+002  -8.253234e+002  -6.271518e+002  -4.075869e+002  -1.218481e+003  -9.073737e+002  -6.386612e+002  -4.244520e+002  -2.627268e+002  -1.450563e+002  -6.177530e+001  -4.338174e+000  5.604848e+001  8.717622e+001  9.513509e+001  7.590708e+001  5.340163e+001  1.830124e+001  -0.000000e+000  
-1.557379e+003  -1.522441e+003  -1.450771e+003  -1.339161e+003  -1.183964e+003  -9.829855e+002  -7.385125e+002  -4.607985e+002  -1.275551e+003  -8.891662e+002  -5.733115e+002  -3.372959e+002  -1.703961e+002  -5.650506e+001  1.900180e+001  6.739582e+001  1.136276e+002  1.295157e+002  1.208086e+002  9.005217e+001  6.145538e+001  2.049052e+001  -0.000000e+000  
-1.826551e+003  -1.790817e+003  -1.716111e+003  -1.596141e+003  -1.422352e+003  -1.186280e+003  -8.847492e+002  -5.282034e+002  -1.319695e+003  -8.340110e+002  -4.660356e+002  -2.138075e+002  -5.017929e+001  5.225447e+001  1.140670e+002  1.491708e+002  1.766199e+002  1.743606e+002  1.470567e+002  1.041568e+002  6.936609e+001  2.260625e+001  -0.000000e+000  
-2.031550e+003  -1.997228e+003  -1.924251e+003  -1.803745e+003  -1.622393e+003  -1.364320e+003  -1.017598e+003  -5.885636e+002  -1.334314e+003  -7.609471e+002  -3.579714e+002  -1.028552e+002  5.028390e+001  1.387025e+002  1.869811e+002  2.102954e+002  2.222002e+002  2.060092e+002  1.650825e+002  1.136569e+002  7.463186e+001  2.399687e+001  -0.000000e+000  
-2.253234e+003  -2.222443e+003  -2.155540e+003  -2.041015e+003  -1.859874e+003  -1.585643e+003  -1.190649e+003  -6.681957e+002  -1.327387e+003  -6.462209e+002  -2.137211e+002  3.307001e+001  1.666090e+002  2.349998e+002  2.660320e+002  2.753023e+002  2.695260e+002  2.382689e+002  1.830847e+002  1.230048e+002  7.976647e+001  2.533965e+001  -0.000000e+000  
-2.489864e+003  -2.465208e+003  -2.410010e+003  -2.310761e+003  -2.142785e+003  -1.865944e+003  -1.425972e+003  -7.824032e+002  -1.282155e+003  -4.706426e+002  -2.399597e+001  1.967454e+002  2.989135e+002  3.404757e+002  3.504435e+002  3.435095e+002  3.181215e+002  2.708482e+002  2.009278e+002  1.321428e+002  8.474292e+001  2.662908e+001  -0.000000e+000  
-2.738428e+003  -2.722787e+003  -2.685903e+003  -2.614002e+003  -2.478828e+003  -2.225927e+003  -1.760789e+003  -9.650730e+002  -1.164634e+003  -2.057246e+002  2.210729e+002  3.894925e+002  4.460990e+002  4.537293e+002  4.390343e+002  4.140061e+002  3.674216e+002  3.034222e+002  2.184687e+002  1.410116e+002  8.953411e+001  2.785978e+001  -0.000000e+000  
-2.994506e+003  -2.990620e+003  -2.978787e+003  -2.948056e+003  -2.872320e+003  -2.689589e+003  -2.257177e+003  -1.297963e+003  -9.003844e+002  1.895372e+002  5.294680e+002  6.096762e+002  6.053323e+002  5.725023e+002  5.302047e+002  4.856653e+002  4.167841e+002  3.356386e+002  2.355584e+002  1.495512e+002  9.411307e+001  2.902647e+001  -0.000000e+000  
-3.252337e+003  -3.262192e+003  -3.280765e+003  -3.303974e+003  -3.317994e+003  -3.275218e+003  -3.011072e+003  -1.993715e+003  -3.143626e+002  7.685660e+002  9.015526e+002  8.506417e+002  7.716109e+002  6.936575e+002  6.219823e+002  5.571844e+002  4.655095e+002  3.671263e+002  2.520447e+002  1.577017e+002  9.845327e+001  3.012404e+001  -0.000000e+000  
-3.505188e+003  -3.529339e+003  -3.580315e+003  -3.664222e+003  -3.791277e+003  -3.968941e+003  -4.133154e+003  -3.640825e+003  1.031904e+003  1.580413e+003  1.318790e+003  1.098590e+003  9.377099e+002  8.133503e+002  7.121431e+002  6.271549e+002  5.128671e+002  3.975048e+002  2.677746e+002  1.654038e+002  1.025289e+002  3.114757e+001  -0.000000e+000  
-3.746056e+003  -3.783194e+003  -3.863585e+003  -4.003188e+003  -4.239625e+003  -4.669047e+003  -5.576094e+003  -7.963993e+003  5.453980e+003  2.590913e+003  1.726024e+003  1.332124e+003  1.094964e+003  9.274599e+002  7.984081e+002  6.941567e+002  5.581254e+002  4.263946e+002  2.825972e+002  1.726002e+002  1.063150e+002  3.209243e+001  -0.000000e+000  
-4.237992e+003  -4.293831e+003  -4.412538e+003  -4.610546e+003  -4.919151e+003  -5.393650e+003  -6.121597e+003  -7.193228e+003  4.394932e+003  3.043528e+003  2.228762e+003  1.729101e+003  1.396719e+003  1.158058e+003  9.768655e+002  8.341483e+002  6.530861e+002  4.867424e+002  3.131663e+002  1.872476e+002  1.139512e+002  3.397884e+001  -0.000000e+000  
-4.579264e+003  -4.634968e+003  -4.747953e+003  -4.920516e+003  -5.153136e+003  -5.438139e+003  -5.745171e+003  -5.991219e+003  3.184202e+003  2.778062e+003  2.310118e+003  1.902706e+003  1.573582e+003  1.312255e+003  1.104293e+003  9.374612e+002  7.249695e+002  5.326730e+002  3.362589e+002  1.981850e+002  1.196038e+002  3.536153e+001  -0.000000e+000  
-4.810626e+003  -4.853342e+003  -4.936346e+003  -5.054030e+003  -5.196135e+003  -5.345744e+003  -5.477562e+003  -5.558857e+003  2.666142e+003  2.500855e+003  2.233365e+003  1.938265e+003  1.657285e+003  1.408241e+003  1.195601e+003  1.017527e+003  7.848653e+002  5.720154e+002  3.560696e+002  2.074523e+002  1.243409e+002  3.650538e+001  -0.000000e+000  
-4.579264e+003  -4.634968e+003  -4.747953e+003  -4.920516e+003  -5.153136e+003  -5.438139e+003  -5.745171e+003  -5.991219e+003  3.184202e+003  2.778062e+003  2.310118e+003  1.902706e+003  1.573582e+003  1.312255e+003  1.104293e+003  9.374612e+002  7.249695e+002  5.326730e+002  3.362589e+002  1.981850e+002  1.196038e+002  3.536153e+001  -0.000000e+000  
-4.237992e+003  -4.293831e+003  -4.412538e+003  -4.610546e+003  -4.919151e+003  -5.393650e+003  -6.121597e+003  -7.193228e+003  4.394932e+003  3.043528e+003  2.228762e+003  1.729101e+003  1.396719e+003  1.158058e+003  9.768655e+002  8.341483e+002  6.530861e+002  4.867424e+002  3.131663e+002  1.872476e+002  1.139512e+002  3.397884e+001  -0.000000e+000  
-3.746056e+003  -3.783194e+003  -3.863585e+003  -4.003188e+003  -4.239625e+003  -4.669047e+003  -5.576094e+003  -7.963993e+003  5.453980e+003  2.590913e+003  1.726024e+003  1.332124e+003  1.094964e+003  9.274599e+002  7.984081e+002  6.941567e+002  5.581254e+002  4.263946e+002  2.825972e+002  1.726002e+002  1.063150e+002  3.209243e+001  -0.000000e+000  
-3.505188e+003  -3.529339e+003  -3.580315e+003  -3.664222e+003  -3.791277e+003  -3.968941e+003  -4.133154e+003  -3.640825e+003  1.031904e+003  1.580413e+003  1.318790e+003  1.098590e+003  9.377099e+002  8.133503e+002  7.121431e+002  6.271549e+002  5.128671e+002  3.975048e+002  2.677746e+002  1.654038e+002  1.025289e+002  3.114757e+001  -0.000000e+000  
-3.252337e+003  -3.262192e+003  -3.280765e+003  -3.303974e+003  -3.317994e+003  -3.275218e+003  -3.011072e+003  -1.993715e+003  -3.143626e+002  7.685660e+002  9.015526e+002  8.506417e+002  7.716109e+002  6.936575e+002  6.219823e+002  5.571844e+002  4.655095e+002  3.671263e+002  2.520447e+002  1.577017e+002  9.845327e+001  3.012404e+001  -0.000000e+000  
-2.994506e+003  -2.990620e+003  -2.978787e+003  -2.948056e+003  -2.872320e+003  -2.689589e+003  -2.257177e+003  -1.297963e+003  -9.003844e+002  1.895372e+002  5.294680e+002  6.096762e+002  6.053323e+002  5.725023e+002  5.302047e+002  4.856653e+002  4.167841e+002  3.356386e+002  2.355584e+002  1.495512e+002  9.411307e+001  2.902647e+001  -0.000000e+000  
-2.738428e+003  -2.722787e+003  -2.685903e+003  -2.614002e+003  -2.478828e+003  -2.225927e+003  -1.760789e+003  -9.650730e+002  -1.164634e+003  -2.057246e+002  2.210729e+002  3.894925e+002  4.460990e+002  4.537293e+002  4.390343e+002  4.140061e+002  3.674216e+002  3.034222e+002  2.184687e+002  1.410116e+002  8.953411e+001  2.785978e+001  -0.000000e+000  
-2.489864e+003  -2.465208e+003  -2.410010e+003  -2.310761e+003  -2.142785e+003  -1.865944e+003  -1.425972e+003  -7.824032e+002  -1.282155e+003  -4.706426e+002  -2.399597e+001  1.967454e+002  2.989135e+002  3.404757e+002  3.504435e+002  3.435095e+002  3.181215e+002  2.708482e+002  2.009278e+002  1.321428e+002  8.474292e+001  2.662908e+001  -0.000000e+000  
-2.253234e+003  -2.222443e+003  -2.155540e+003  -2.041015e+003  -1.859874e+003  -1.585643e+003  -1.190649e+003  -6.681957e+002  -1.327387e+003  -6.462209e+002  -2.137211e+002  3.307001e+001  1.666090e+002  2.349998e+002  2.660320e+002  2.753023e+002  2.695260e+002  2.382689e+002  1.830847e+002  1.230048e+002  7.976647e+001  2.533965e+001  -0.000000e+000  
-2.031550e+003  -1.997228e+003  -1.924251e+003  -1.803745e+003  -1.622393e+003  -1.364320e+003  -1.017598e+003  -5.885636e+002  -1.334314e+003  -7.609471e+002  -3.579714e+002  -1.028552e+002  5.028390e+001  1.387025e+002  1.869811e+002  2.102954e+002  2.222002e+002  2.060092e+002  1.650825e+002  1.136569e+002  7.463186e+001  2.399687e+001  -0.000000e+000  
-1.826551e+003  -1.790817e+003  -1.716111e+003  -1.596141e+003  -1.422352e+003  -1.186280e+003  -8.847492e+002  -5.282034e+002  -1.319695e+003  -8.340110e+002  -4.660356e+002  -2.138075e+002  -5.017929e+001  5.225447e+001  1.140670e+002  1.491708e+002  1.766199e+002  1.743606e+002  1.470567e+002  1.041568e+002  6.936609e+001  2.260625e+001  -0.000000e+000  
-1.557379e+003  -1.522441e+003  -1.450771e+003  -1.339161e+003  -1.183964e+003  -9.829855e+002  -7.385125e+002  -4.607985e+002  -1.275551e+003  -8.891662e+002  -5.733115e+002  -3.372959e+002  -1.703961e+002  -5.650506e+001  1.900180e+001  6.739582e+001  1.136276e+002  1.295157e+002  1.208086e+002  9.005217e+001  6.145538e+001  2.049052e+001  -0.000000e+000  
-1.324780e+003  -1.292530e+003  -1.227274e+003  -1.127874e+003  -9.935903e+002  -8.253234e+002  -6.271518e+002  -4.075869e+002  -1.218481e+003  -9.073737e+002  -6.386612e+002  -4.244520e+002  -2.627268e+002  -1.450563e+002  -6.177530e+001  -4.338174e+000  5.604848e+001  8.717622e+001  9.513509e+001  7.590708e+001  5.340163e+001  1.830124e+001  -0.000000e+000  
-9.609017e+002  -9.364132e+002  -8.876058e+002  -8.149888e+002  -7.197314e+002  -6.040755e+002  -4.717190e+002  -3.279709e+002  -1.087564e+003  -8.774250e+002  -6.836708e+002  -5.161147e+002  -3.779466e+002  -2.679095e+002  -1.825278e+002  -1.176509e+002  -4.151415e+001  1.139726e+001  4.640864e+001  4.795090e+001  3.709785e+001  1.375373e+001  -0.000000e+000  
-6.996189e+002  -6.821894e+002  -6.477085e+002  -5.969876e+002  -5.313668e+002  -4.528172e+002  -3.640012e+002  -2.682353e+002  -9.583584e+002  -8.137740e+002  -6.741170e+002  -5.463339e+002  -4.342419e+002  -3.390586e+002  -2.602425e+002  -1.962666e+002  -1.158390e+002  -5.087557e+001  2.876070e+000  2.145409e+001  2.109098e+001  9.113374e+000  -0.000000e+000  
-5.113509e+002  -4.993977e+002  -4.758447e+002  -4.414049e+002  -3.971582e+002  -3.445491e+002  -2.853620e+002  -2.216633e+002  -8.402241e+002  -7.405053e+002  -6.401753e+002  -5.440019e+002  -4.553140e+002  -3.760365e+002  -3.069292e+002  -2.479011e+002  -1.698237e+002  -9.990234e+001  -3.459639e+001  -2.861447e+000  5.832303e+000  4.499454e+000  -0.000000e+000  
-2.507180e+002  -2.462152e+002  -2.373494e+002  -2.243965e+002  -2.077612e+002  -1.879643e+002  -1.656256e+002  -1.414410e+002  -5.874905e+002  -5.464775e+002  -5.022586e+002  -4.567226e+002  -4.114601e+002  -3.677151e+002  -3.263827e+002  -2.880406e+002  -2.328713e+002  -1.735367e+002  -1.059600e+002  -5.684101e+001  -3.103115e+001  -7.700574e+000  -0.000000e+000  
-1.368476e+002  -1.352270e+002  -1.320309e+002  -1.273477e+002  -1.213067e+002  -1.140731e+002  -1.058424e+002  -9.683396e+001  -4.259277e+002  -4.091008e+002  -3.896548e+002  -3.682994e+002  -3.457039e+002  -3.224717e+002  -2.991234e+002  -2.760897e+002  -2.408560e+002  -1.976455e+002  -1.416621e+002  -9.051303e+001  -5.685883e+001  -1.748087e+001  -0.000000e+000  
-6.923931e+001  -6.887950e+001  -6.816698e+001  -6.711570e+001  -6.574608e+001  -6.408435e+001  -6.216176e+001  -6.001365e+001  -2.749266e+002  -2.702951e+002  -2.644624e+002  -2.575725e+002  -2.497764e+002  -2.412261e+002  -2.320705e+002  -2.224508e+002  -2.067814e+002  -1.847236e+002  -1.519587e+002  -1.127339e+002  -7.925144e+001  -2.883133e+001  -0.000000e+000  
-5.441297e+001  -5.424684e+001  -5.391671e+001  -5.342675e+001  -5.278309e+001  -5.199365e+001  -5.106798e+001  -5.001696e+001  -2.315209e+002  -2.290406e+002  -2.257703e+002  -2.217641e+002  -2.170826e+002  -2.117909e+002  -2.059573e+002  -1.996509e+002  -1.890861e+002  -1.732898e+002  -1.484185e+002  -1.150668e+002  -8.359567e+001  -3.202924e+001  -0.000000e+000  

-0.000000e+000  -6.548207e-001  -1.296056e+000  -1.910484e+000  -2.485606e+000  -3.009966e+000  -3.473455e+000  -3.867555e+000  -4.185543e+000  -8.119172e+000  -1.184370e+001  -1.531754e+001  -1.850834e+001  -2.139298e+001  -2.395723e+001  -2.619507e+001  -2.810786e+001  -3.114444e+001  -3.287440e+001  -3.308082e+001  -3.099946e+001  -2.831768e+001  -2.397197e+001  
-0.000000e+000  -4.244268e+000  -8.385931e+000  -1.232554e+001  -1.596986e+001  -1.923469e+001  -2.204739e+001  -2.434900e+001  -2.609583e+001  -4.199385e+001  -5.651684e+001  -6.950246e+001  -8.085395e+001  -9.053469e+001  -9.856032e+001  -1.049894e+002  -1.099140e+002  -1.157981e+002  -1.166627e+002  -1.075830e+002  -9.352418e+001  -8.024091e+001  -6.381931e+001  
-0.000000e+000  -1.766778e+001  -3.483445e+001  -5.101550e+001  -6.575934e+001  -7.866266e+001  -8.938453e+001  -9.765839e+001  -1.033013e+002  -1.402089e+002  -1.712710e+002  -1.963490e+002  -2.155935e+002  -2.293802e+002  -2.382413e+002  -2.427999e+002  -2.437139e+002  -2.355462e+002  -2.193829e+002  -1.762643e+002  -1.368593e+002  -1.069667e+002  -7.831712e+001  
-0.000000e+000  -4.268422e+001  -8.406725e+001  -1.228854e+002  -1.579517e+002  -1.881978e+002  -2.127175e+002  -2.308089e+002  -2.420105e+002  -3.005149e+002  -3.447352e+002  -3.753184e+002  -3.936181e+002  -4.014129e+002  -4.006465e+002  -3.932268e+002  -3.808952e+002  -3.428695e+002  -2.999733e+002  -2.185100e+002  -1.573286e+002  -1.156264e+002  -8.040212e+001  
-0.000000e+000  -8.854147e+001  -1.744066e+002  -2.549315e+002  -3.275014e+002  -3.896297e+002  -4.390881e+002  -4.740790e+002  -4.934166e+002  -5.701740e+002  -6.163334e+002  -6.357138e+002  -6.336271e+002  -6.157153e+002  -5.871293e+002  -5.521208e+002  -5.139511e+002  -4.292250e+002  -3.527116e+002  -2.360413e+002  -1.602514e+002  -1.125966e+002  -7.567984e+001  
-0.000000e+000  -1.239504e+002  -2.444475e+002  -3.579369e+002  -4.607182e+002  -5.490095e+002  -6.191636e+002  -6.680413e+002  -6.934789e+002  -7.774318e+002  -8.166101e+002  -8.189055e+002  -7.941736e+002  -7.518307e+002  -6.995839e+002  -6.431171e+002  -5.863062e+002  -4.714325e+002  -3.753317e+002  -2.408467e+002  -1.587338e+002  -1.089719e+002  -7.196518e+001  
-0.000000e+000  -1.738323e+002  -3.438604e+002  -5.058309e+002  -6.546872e+002  -7.844448e+002  -8.884688e+002  -9.603143e+002  -9.951035e+002  -1.079774e+003  -1.095378e+003  -1.059822e+003  -9.925786e+002  -9.095239e+002  -8.215896e+002  -7.354434e+002  -6.547270e+002  -5.055159e+002  -3.895246e+002  -2.399033e+002  -1.536745e+002  -1.031841e+002  -6.702018e+001  
-0.000000e+000  -2.231889e+002  -4.437299e+002  -6.579608e+002  -8.602052e+002  -1.041952e+003  -1.191677e+003  -1.296113e+003  -1.343701e+003  -1.416450e+003  -1.386084e+003  -1.291338e+003  -1.167072e+003  -1.036148e+003  -9.108477e+002  -7.966252e+002  -6.951837e+002  -5.200645e+002  -3.910470e+002  -2.339405e+002  -1.469302e+002  -9.716574e+001  -6.240736e+001  
-0.000000e+000  -2.588540e+002  -5.168980e+002  -7.719153e+002  -1.018680e+003  -1.247186e+003  -1.441312e+003  -1.579620e+003  -1.640864e+003  -1.695557e+003  -1.614130e+003  -1.461537e+003  -1.287183e+003  -1.117844e+003  -9.647314e+002  -8.308673e+002  -7.156441e+002  -5.246260e+002  -3.883155e+002  -2.280209e+002  -1.414062e+002  -9.259576e+001  -5.904202e+001  
-0.000000e+000  -2.895406e+002  -5.810610e+002  -8.749767e+002  -1.168009e+003  -1.450072e+003  -1.700482e+003  -1.886049e+003  -1.967718e+003  -1.990921e+003  -1.837760e+003  -1.614599e+003  -1.386227e+003  -1.179581e+003  -1.001709e+003  -8.515695e+002  -7.255835e+002  -5.233165e+002  -3.825026e+002  -2.213204e+002  -1.358818e+002  -8.828908e+001  -5.597610e+001  
-0.000000e+000  -3.134418e+002  -6.318907e+002  -9.589379e+002  -1.294407e+003  -1.630001e+003  -1.942269e+003  -2.185247e+003  -2.294348e+003  -2.273858e+003  -2.036452e+003  -1.740171e+003  -1.461370e+003  -1.222724e+003  -1.025009e+003  -8.625326e+002  -7.287654e+002  -5.190513e+002  -3.757005e+002  -2.149064e+002  -1.309149e+002  -8.454549e+001  -5.336430e+001  
-0.000000e+000  -3.348791e+002  -6.784845e+002  -1.038733e+003  -1.420681e+003  -1.821256e+003  -2.217844e+003  -2.549806e+003  -2.708225e+003  -2.610189e+003  -2.249791e+003  -1.861651e+003  -1.526835e+003  -1.255972e+003  -1.039787e+003  -8.665565e+002  -7.263983e+002  -5.113215e+002  -3.667126e+002  -2.074971e+002  -1.254633e+002  -8.055603e+001  -5.063117e+001  
-0.000000e+000  -3.520324e+002  -7.169058e+002  -1.107866e+003  -1.537775e+003  -2.014371e+003  -2.524913e+003  -2.999106e+003  -3.255306e+003  -3.011082e+003  -2.470173e+003  -1.970270e+003  -1.576798e+003  -1.275961e+003  -1.044156e+003  -8.625726e+002  -7.178757e+002  -4.999087e+002  -3.554655e+002  -1.990867e+002  -1.195329e+002  -7.632750e+001  -4.778155e+001  
-0.000000e+000  -3.628889e+002  -7.425350e+002  -1.157897e+003  -1.631963e+003  -2.190787e+003  -2.849634e+003  -3.554861e+003  -4.025767e+003  -3.484992e+003  -2.680779e+003  -2.053029e+003  -1.604239e+003  -1.279177e+003  -1.036334e+003  -8.496459e+002  -7.026996e+002  -4.846494e+002  -3.419136e+002  -1.896790e+002  -1.131334e+002  -7.186812e+001  -4.482075e+001  
-0.000000e+000  -3.655329e+002  -7.506619e+002  -1.179162e+003  -1.684621e+003  -2.318182e+003  -3.151532e+003  -4.225028e+003  -5.214743e+003  -4.023825e+003  -2.848446e+003  -2.092168e+003  -1.601542e+003  -1.262390e+003  -1.014868e+003  -8.270756e+002  -6.805245e+002  -4.654470e+002  -3.260427e+002  -1.792881e+002  -1.062783e+002  -6.718750e+001  -4.175454e+001  
-0.000000e+000  -3.585759e+002  -7.375423e+002  -1.162735e+003  -1.674553e+003  -2.347760e+003  -3.335839e+003  -4.935957e+003  -7.286094e+003  -4.559291e+003  -2.913745e+003  -2.066451e+003  -1.561909e+003  -1.223293e+003  -9.788785e+002  -7.944918e+002  -6.511940e+002  -4.422803e+002  -3.078718e+002  -1.679385e+002  -9.898494e+001  -6.229665e+001  -3.858919e+001  
-0.000000e+000  -3.416297e+002  -7.017806e+002  -1.103890e+003  -1.585479e+003  -2.223244e+003  -3.220681e+003  -5.279867e+003  -1.143688e+004  -4.830350e+003  -2.783793e+003  -1.956986e+003  -1.481797e+003  -1.161249e+003  -9.282899e+002  -7.519281e+002  -6.147650e+002  -4.152087e+002  -2.874551e+002  -1.556658e+002  -9.127437e+001  -5.720793e+001  -3.533138e+001  
-0.000000e+000  -2.981759e+002  -6.077350e+002  -9.406178e+002  -1.309050e+003  -1.721387e+003  -2.161007e+003  -2.490848e+003  -0.000000e+000  -2.463216e+003  -2.068226e+003  -1.630674e+003  -1.285008e+003  -1.022012e+003  -8.208200e+002  -6.649462e+002  -5.425297e+002  -3.637126e+002  -2.497575e+002  -1.337057e+002  -7.774262e+001  -4.840216e+001  -2.974831e+001  
-0.000000e+000  -2.067275e+002  -4.133412e+002  -6.163958e+002  -8.038069e+002  -9.446606e+002  -9.695675e+002  -7.371011e+002  -0.000000e+000  -8.976053e+002  -1.123908e+003  -1.051160e+003  -8.991336e+002  -7.446136e+002  -6.099306e+002  -4.985822e+002  -4.082377e+002  -2.729295e+002  -1.862523e+002  -9.865097e+001  -5.689483e+001  -3.519134e+001  -2.152660e+001  
-0.000000e+000  -6.992837e+001  -1.358778e+002  -1.926455e+002  -2.326154e+002  -2.448927e+002  -2.157626e+002  -1.330619e+002  -0.000000e+000  -1.916326e+002  -3.102100e+002  -3.423611e+002  -3.261484e+002  -2.892682e+002  -2.471891e+002  -2.072187e+002  -1.721773e+002  -1.158066e+002  -7.870489e+001  -4.116261e+001  -2.348951e+001  -1.440355e+001  -8.755685e+000  
-0.000000e+000  6.992837e+001  1.358778e+002  1.926455e+002  2.326154e+002  2.448927e+002  2.157626e+002  1.330619e+002  -0.000000e+000  1.916326e+002  3.102100e+002  3.423611e+002  3.261484e+002  2.892682e+002  2.471891e+002  2.072187e+002  1.721773e+002  1.158066e+002  7.870489e+001  4.116261e+001  2.348951e+001  1.440355e+001  8.755685e+000  
-0.000000e+000  2.067275e+002  4.133412e+002  6.163958e+002  8.038069e+002  9.446606e+002  9.695675e+002  7.371011e+002  -0.000000e+000  8.976053e+002  1.123908e+003  1.051160e+003  8.991336e+002  7.446136e+002  6.099306e+002  4.985822e+002  4.082377e+002  2.729295e+002  1.862523e+002  9.865097e+001  5.689483e+001  3.519134e+001  2.152660e+001  
-0.000000e+000  2.981759e+002  6.077350e+002  9.406178e+002  1.309050e+003  1.721387e+003  2.161007e+003  2.490848e+003  -0.000000e+000  2.463216e+003  2.068226e+003  1.630674e+003  1.285008e+003  1.022012e+003  8.208200e+002  6.649462e+002  5.425297e+002  3.637126e+002  2.497575e+002  1.337057e+002  7.774262e+001  4.840216e+001  2.974831e+001  
-0.000000e+000  3.416297e+002  7.017806e+002  1.103890e+003  1.585479e+003  2.223244e+003  3.220681e+003  5.279867e+003  1.143688e+004  4.830350e+003  2.783793e+003  1.956986e+003  1.481797e+003  1.161249e+003  9.282899e+002  7.519281e+002  6.147650e+002  4.152087e+002  2.874551e+002  1.556658e+002  9.127437e+001  5.720793e+001  3.533138e+001  
-0.000000e+000  3.585759e+002  7.375423e+002  1.162735e+003  1.674553e+003  2.347760e+003  3.335839e+003  4.935957e+003  7.286094e+003  4.559291e+003  2.913745e+003  2.066451e+003  1.561909e+003  1.223293e+003  9.788785e+002  7.944918e+002  6.511940e+002  4.422803e+002  3.078718e+002  1.679385e+002  9.898494e+001  6.229665e+001  3.858919e+001  
-0.000000e+000  3.655329e+002  7.506619e+002  1.179162e+003  1.684621e+003  2.318182e+003  3.151532e+003  4.225028e+003  5.214743e+003  4.023825e+003  2.848446e+003  2.092168e+003  1.601542e+003  1.262390e+003  1.014868e+003  8.270756e+002  6.805245e+002  4.654470e+002  3.260427e+002  1.792881e+002  1.062783e+002  6.718750e+001  4.175454e+001  
-0.000000e+000  3.628889e+002  7.425350e+002  1.157897e+003  1.631963e+003  2.190787e+003  2.849634e+003  3.554861e+003  4.025767e+003  3.484992e+003  2.680779e+003  2.053029e+003  1.604239e+003  1.279177e+003  1.036334e+003  8.496459e+002  7.026996e+002  4.846494e+002  3.419136e+002  1.896790e+002  1.131334e+002  7.186812e+001  4.482075e+001  
-0.000000e+000  3.520324e+002  7.169058e+002  1.107866e+003  1.537775e+003  2.014371e+003  2.524913e+003  2.999106e+003  3.255306e+003  3.011082e+003  2.470173e+003  1.970270e+003  1.576798e+003  1.275961e+003  1.044156e+003  8.625726e+002  7.178757e+002  4.999087e+002  3.554655e+002  1.990867e+002  1.195329e+002  7.632750e+001  4.778155e+001  
-0.000000e+000  3.348791e+002  6.784845e+002  1.038733e+003  1.420681e+003  1.821256e+003  2.217844e+003  2.549806e+003  2.708225e+003  2.610189e+003  2.249791e+003  1.861651e+003  1.526835e+003  1.255972e+003  1.039787e+003  8.665565e+002  7.263983e+002  5.113215e+002  3.667126e+002  2.074971e+002  1.254633e+002  8.055603e+001  5.063117e+001  
-0.000000e+000  3.134418e+002  6.318907e+002  9.589379e+002  1.294407e+003  1.630001e+003  1.942269e+003  2.185247e+003  2.294348e+003  2.273858e+003  2.036452e+003  1.740171e+003  1.461370e+003  1.222724e+003  1.025009e+003  8.625326e+002  7.287654e+002  5.190513e+002  3.757005e+002  2.149064e+002  1.309149e+002  8.454549e+001  5.336430e+001  
-0.000000e+000  2.895406e+002  5.810610e+002  8.749767e+002  1.168009e+003  1.450072e+003  1.700482e+003  1.886049e+003  1.967718e+003  1.990921e+003  1.837760e+003  1.614599e+003  1.386227e+003  1.179581e+003  1.001709e+003  8.515695e+002  7.255835e+002  5.233165e+002  3.825026e+002  2.213204e+002  1.358818e+002  8.828908e+001  5.597610e+001  
-0.000000e+000  2.588540e+002  5.168980e+002  7.719153e+002  1.018680e+003  1.247186e+003  1.441312e+003  1.579620e+003  1.640864e+003  1.695557e+003  1.614130e+003  1.461537e+003  1.287183e+003  1.117844e+003  9.647314e+002  8.308673e+002  7.156441e+002  5.246260e+002  3.883155e+002  2.280209e+002  1.414062e+002  9.259576e+001  5.904202e+001  
-0.000000e+000  2.231889e+002  4.437299e+002  6.579608e+002  8.602052e+002  1.041952e+003  1.191677e+003  1.296113e+003  1.343701e+003  1.416450e+003  1.386084e+003  1.291338e+003  1.167072e+003  1.036148e+003  9.108477e+002  7.966252e+002  6.951837e+002  5.200645e+002  3.910470e+002  2.339405e+002  1.469302e+002  9.716574e+001  6.240736e+001  
-0.000000e+000  1.738323e+002  3.438604e+002  5.058309e+002  6.546872e+002  7.844448e+002  8.884688e+002  9.603143e+002  9.951035e+002  1.079774e+003  1.095378e+003  1.059822e+003  9.925786e+002  9.095239e+002  8.215896e+002  7.354434e+002  6.547270e+002  5.055159e+002  3.895246e+002  2.399033e+002  1.536745e+002  1.031841e+002  6.702018e+001  
-0.000000e+000  1.239504e+002  2.444475e+002  3.579369e+002  4.607182e+002  5.490095e+002  6.191636e+002  6.680413e+002  6.934789e+002  7.774318e+002  8.166101e+002  8.189055e+002  7.941736e+002  7.518307e+002  6.995839e+002  6.431171e+002  5.863062e+002  4.714325e+002  3.753317e+002  2.408467e+002  1.587338e+002  1.089719e+002  7.196518e+001  
-0.000000e+000  8.854147e+001  1.744066e+002  2.549315e+002  3.275014e+002  3.896297e+002  4.390881e+002  4.740790e+002  4.934166e+002  5.701740e+002  6.163334e+002  6.357138e+002  6.336271e+002  6.157153e+002  5.871293e+002  5.521208e+002  5.139511e+002  4.292250e+002  3.527116e+002  2.360413e+002  1.602514e+002  1.125966e+002  7.567984e+001  
-0.000000e+000  4.268422e+001  8.406725e+001  1.228854e+002  1.579517e+002  1.881978e+002  2.127175e+002  2.308089e+002  2.420105e+002  3.005149e+002  3.447352e+002  3.753184e+002  3.936181e+002  4.014129e+002  4.006465e+002  3.932268e+002  3.808952e+002  3.428695e+002  2.999733e+002  2.185100e+002  1.573286e+002  1.156264e+002  8.040212e+001  
-0.000000e+000  1.766778e+001  3.483445e+001  5.101550e+001  6.575934e+001  7.866266e+001  8.938453e+001  9.765839e+001  1.033013e+002  1.402089e+002  1.712710e+002  1.963490e+002  2.155935e+002  2.293802e+002  2.382413e+002  2.427999e+002  2.437139e+002  2.355462e+002  2.193829e+002  1.762643e+002  1.368593e+002  1.069667e+002  7.831712e+001  
-0.000000e+000  4.244268e+000  8.385931e+000  1.232554e+001  1.596986e+001  1.923469e+001  2.204739e+001  2.434900e+001  2.609583e+001  4.199385e+001  5.651684e+001  6.950246e+001  8.085395e+001  9.053469e+001  9.856032e+001  1.049894e+002  1.099140e+002  1.157981e+002  1.166627e+002  1.075830e+002  9.352418e+001  8.024091e+001  6.381931e+001  
-0.000000e+000  6.548207e-001  1.296056e+000  1.910484e+000  2.485606e+000  3.009966e+000  3.473455e+000  3.867555e+000  4.185543e+000  8.119172e+000  1.184370e+001  1.531754e+001  1.850834e+001  2.139298e+001  2.395723e+001  2.619507e+001  2.810786e+001  3.114444e+001  3.287440e+001  3.308082e+001  3.099946e+001  2.831768e+001  2.397197e+001  
-0.000000e+000  -0.000000e+000  -0.000000e+000  -0.000000e+000  -0.000000e+000  -0.000000e+000  -0.000000e+000  -0.000000e+000  -0.000000e+000  -0.000000e+000  -0.000000e+000  -0.000000e+000  -0.000000e+000  -0.000000e+000  -0.000000e+000  -0.000000e+000  -0.000000e+000  -0.000000e+000  -0.000000e+000  -0.000000e+000  -0.000000e+000  -0.000000e+000  -0.000000e+000  

0.000000e+000  0.000000e+000  0.000000e+000  0.000000e+000  0.000000e+000  0.000000e+000  0.000000e+000  0.000000e+000  0.000000e+000  0.000000e+000  0.000000e+000  0.000000e+000  0.000000e+000  0.000000e+000  0.000000e+000  0.000000e+000  0.000000e+000  0.000000e+000  0.000000e+000  0.000000e+000  0.000000e+000  0.000000e+000  0.000000e+000  
0.000000e+000  0.000000e+000  0.000000e+000  0.000000e+000  0.000000e+000  0.000000e+000  0.000000e+000  0.000000e+000  0.000000e+000  0.000000e+000  0.000000e+000  0.000000e+000  0.000000e+000  0.000000e+000  0.000000e+000  0.000000e+000  0.000000e+000  0.000000e+000  0.000000e+000  0.000000e+000  0.000000e+000  0.000000e+000  0.000000e+000  
0.000000e+000  0.000000e+000  0.000000e+000  0.000000e+000  0.000000e+000  0.000000e+000  0.000000e+000  0.000000e+000  0.000000e+000  0.000000e+000  0.000000e+000  0.000000e+000  0.000000e+000  0.000000e+000  0.000000e+000  0.000000e+000  0.000000e+000  0.000000e+000  0.000000e+000  0.000000e+000  0.000000e+000  0.000000e+000  0.000000e+000  
0.000000e+000  0.000000e+000  0.000000e+000  0.000000e+000  0.000000e+000  0.000000e+000  0.000000e+000  0.000000e+000  0.000000e+000  0.000000e+000  0.000000e+000  0.000000e+000  0.000000e+000  0.000000e+000  0.000000e+000  0.000000e+000  0.000000e+000  0.000000e+000  0.000000e+000  0.000000e+000  0.000000e+000  0.000000e+000  0.000000e+000  
0.000000e+000  0.000000e+000  0.000000e+000  0.000000e+000  0.000000e+000  0.000000e+000  0.000000e+000  0.000000e+000  0.000000e+000  0.000000e+000  0.000000e+000  0.000000e+000  0.000000e+000  0.000000e+000  0.000000e+000  0.000000e+000  0.000000e+000  0.000000e+000  0.000000e+000  0.000000e+000  0.000000e+000  0.000000e+000  0.000000e+000  
0.000000e+000  0.000000e+000  0.000000e+000  0.000000e+000  0.000000e+000  0.000000e+000  0.000000e+000  0.000000e+000  0.000000e+000  0.000000e+000  0.000000e+000  0.000000e+000  0.000000e+000  0.000000e+000  0.000000e+000  0.000000e+000  0.000000e+000  0.000000e+000  0.000000e+000  0.000000e+000  0.000000e+000  0.000000e+000  0.000000e+000  
0.000000e+000  0.000000e+000  0.000000e+000  0.000000e+000  0.000000e+000  0.000000e+000  0.000000e+000  0.000000e+000  0.000000e+000  0.000000e+000  0.000000e+000  0.000000e+000  0.000000e+000  0.000000e+000  0.000000e+000  0.000000e+000  0.000000e+000  0.000000e+000  0.000000e+000  0.000000e+000  0.000000e+000  0.000000e+000  0.000000e+000  
0.000000e+000  0.000000e+000  0.000000e+000  0.000000e+000  0.000000e+000  0.000000e+000  0.000000e+000  0.000000e+000  0.000000e+000  0.000000e+000  0.000000e+000  0.000000e+000  0.000000e+000  0.000000e+000  0.000000e+000  0.000000e+000  0.000000e+000  0.000000e+000  0.000000e+000  0.000000e+000  0.000000e+000  0.000000e+000  0.000000e+000  
0.000000e+000  0.000000e+000  0.000000e+000  0.000000e+000  0.000000e+000  0.000000e+000  0.000000e+000  0.000000e+000  0.000000e+000  0.000000e+000  0.000000e+000  0.000000e+000  0.000000e+000  0.000000e+000  0.000000e+000  0.000000e+000  0.000000e+000  0.000000e+000  0.000000e+000  0.000000e+000  0.000000e+000  0.000000e+000  0.000000e+000  
0.000000e+000  0.000000e+000  0.000000e+000  0.000000e+000  0.000000e+000  0.000000e+000  0.000000e+000  0.000000e+000  0.000000e+000  0.000000e+000  0.000000e+000  0.000000e+000  0.000000e+000  0.000000e+000  0.000000e+000  0.000000e+000  0.000000e+000  0.000000e+000  0.000000e+000  0.000000e+000  0.000000e+000  0.000000e+000  0.000000e+000  
0.000000e+000  0.000000e+000  0.000000e+000  0.000000e+000  0.000000e+000  0.000000e+000  0.000000e+000  0.000000e+000  0.000000e+000  0.000000e+000  0.000000e+000  0.000000e+000  0.000000e+000  0.000000e+000  0.000000e+000  0.000000e+000  0.000000e+000  0.000000e+000  0.000000e+000  0.000000e+000  0.000000e+000  0.000000e+000  0.000000e+000  
0.000000e+000  0.000000e+000  0.000000e+000  0.000000e+000  0.000000e+000  0.000000e+000  0.000000e+000  0.000000e+000  0.000000e+000  0.000000e+000  0.000000e+000  0.000000e+000  0.000000e+000  0.000000e+000  0.000000e+000  0.000000e+000  0.000000e+000  0.000000e+000  0.000000e+000  0.000000e+000  0.000000e+000  0.000000e+000  0.000000e+000  
0.000000e+000  0.000000e+000  0.000000e+000  0.000000e+000  0.000000e+000  0.000000e+000  0.000000e+000  0.000000e+000  0.000000e+000  0.000000e+000  0.000000e+000  0.000000e+000  0.000000e+000  0.000000e+000  0.000000e+000  0.000000e+000  0.000000e+000  0.000000e+000  0.000000e+000  0.000000e+000  0.000000e+000  0.000000e+000  0.000000e+000  
0.000000e+000  0.000000e+000  0.000000e+000  0.000000e+000  0.000000e+000  0.000000e+000  0.000000e+000  0.000000e+000  0.000000e+000  0.000000e+000  0.000000e+000  0.000000e+000  0.000000e+000  0.000000e+000  0.000000e+000  0.000000e+000  0.000000e+000  0.000000e+000  0.000000e+000  0.000000e+000  0.000000e+000  0.000000e+000  0.000000e+000  
0.000000e+000  0.000000e+000  0.000000e+000  0.000000e+000  0.000000e+000  0.000000e+000  0.000000e+000  0.000000e+000  0.000000e+000  0.000000e+000  0.000000e+000  0.000000e+000  0.000000e+000  0.000000e+000  0.000000e+000  0.000000e+000  0.000000e+000  0.000000e+000  0.000000e+000  0.000000e+000  0.000000e+000  0.000000e+000  0.000000e+000  
0.000000e+000  0.000000e+000  0.000000e+000  0.000000e+000  0.000000e+000  0.000000e+000  0.000000e+000  0.000000e+000  0.000000e+000  0.000000e+000  0.000000e+000  0.000000e+000  0.000000e+000  0.000000e+000  0.000000e+000  0.000000e+000  0.000000e+000  0.000000e+000  0.000000e+000  0.000000e+000  0.000000e+000  0.000000e+000  0.000000e+000  
0.000000e+000  0.000000e+000  0.000000e+000  0.000000e+000  0.000000e+000  0.000000e+000  0.000000e+000  0.000000e+000  0.000000e+000  0.000000e+000  0.000000e+000  0.000000e+000  0.000000e+000  0.000000e+000  0.000000e+000  0.000000e+000  0.000000e+000  0.000000e+000  0.000000e+000  0.000000e+000  0.000000e+000  0.000000e+000  0.000000e+000  
0.000000e+000  0.000000e+000  0.000000e+000  0.000000e+000  0.000000e+000  0.000000e+000  0.000000e+000  0.000000e+000  0.000000e+000  0.000000e+000  0.000000e+000  0.000000e+000  0.000000e+000  0.000000e+000  0.000000e+000  0.000000e+000  0.000000e+000  0.000000e+000  0.000000e+000  0.000000e+000  0.000000e+000  0.000000e+000  0.000000e+000  
0.000000e+000  0.000000e+000  0.000000e+000  0.000000e+000  0.000000e+000  0.000000e+000  0.000000e+000  0.000000e+000  0.000000e+000  0.000000e+000  0.000000e+000  0.000000e+000  0.000000e+000  0.000000e+000  0.000000e+000  0.000000e+000  0.000000e+000  0.000000e+000  0.000000e+000  0.000000e+000  0.000000e+000  0.000000e+000  0.000000e+000  
0.000000e+000  0.000000e+000  0.000000e+000  0.000000e+000  0.000000e+000  0.000000e+000  0.000000e+000  0.000000e+000  0.000000e+000  0.000000e+000  0.000000e+000  0.000000e+000  0.000000e+000  0.000000e+000  0.000000e+000  0.000000e+000  0.000000e+000  0.000000e+000  0.000000e+000  0.000000e+000  0.000000e+000  0.000000e+000  0.000000e+000  
0.000000e+000  0.000000e+000  0.000000e+000  0.000000e+000  0.000000e+000  0.000000e+000  0.000000e+000  0.000000e+000  0.000000e+000  0.000000e+000  0.000000e+000  0.000000e+000  0.000000e+000  0.000000e+000  0.000000e+000  0.000000e+000  0.000000e+000  0.000000e+000  0.000000e+000  0.000000e+000  0.000000e+000  0.000000e+000  0.000000e+000  
0.000000e+000  0.000000e+000  0.000000e+000  0.000000e+000  0.000000e+000  0.000000e+000  0.000000e+000  0.000000e+000  0.000000e+000  0.000000e+000  0.000000e+000  0.000000e+000  0.000000e+000  0.000000e+000  0.000000e+000  0.000000e+000  0.000000e+000  0.000000e+000  0.000000e+000  0.000000e+000  0.000000e+000  0.000000e+000  0.000000e+000  
0.000000e+000  0.000000e+000  0.000000e+000  0.000000e+000  0.000000e+000  0.000000e+000  0.000000e+000  0.000000e+000  0.000000e+000  0.000000e+000  0.000000e+000  0.000000e+000  0.000000e+000  0.000000e+000  0.000000e+000  0.000000e+000  0.000000e+000  0.000000e+000  0.000000e+000  0.000000e+000  0.000000e+000  0.000000e+000  0.000000e+000  
0.000000e+000  0.000000e+000  0.000000e+000  0.000000e+000  0.000000e+000  0.000000e+000  0.000000e+000  0.000000e+000  0.000000e+000  0.000000e+000  0.000000e+000  0.000000e+000  0.000000e+000  0.000000e+000  0.000000e+000  0.000000e+000  0.000000e+000  0.000000e+000  0.000000e+000  0.000000e+000  0.000000e+000  0.000000e+000  0.000000e+000  
0.000000e+000  0.000000e+000  0.000000e+000  0.000000e+000  0.000000e+000  0.000000e+000  0.000000e+000  0.000000e+000  0.000000e+000  0.000000e+000  0.000000e+000  0.000000e+000  0.000000e+000  0.000000e+000  0.000000e+000  0.000000e+000  0.000000e+000  0.000000e+000  0.000000e+000  0.000000e+000  0.000000e+000  0.000000e+000  0.000000e+000  
0.000000e+000  0.000000e+000  0.000000e+000  0.000000e+000  0.000000e+000  0.000000e+000  0.000000e+000  0.000000e+000  0.000000e+000  0.000000e+000  0.000000e+000  0.000000e+000  0.000000e+000  0.000000e+000  0.000000e+000  0.000000e+000  0.000000e+000  0.000000e+000  0.000000e+000  0.000000e+000  0.000000e+000  0.000000e+000  0.000000e+000  
0.000000e+000  0.000000e+000  0.000000e+000  0.000000e+000  0.000000e+000  0.000000e+000  0.000000e+000  0.000000e+000  0.000000e+000  0.000000e+000  0.000000e+000  0.000000e+000  0.000000e+000  0.000000e+000  0.000000e+000  0.000000e+000  0.000000e+000  0.000000e+000  0.000000e+000  0.000000e+000  0.000000e+000  0.000000e+000  0.000000e+000  
0.000000e+000  0.000000e+000  0.000000e+000  0.000000e+000  0.000000e+000  0.000000e+000  0.000000e+000  0.000000e+000  0.000000e+000  0.000000e+000  0.000000e+000  0.000000e+000  0.000000e+000  0.000000e+000  0.000000e+000  0.000000e+000  0.000000e+000  0.000000e+000  0.000000e+000  0.000000e+000  0.000000e+000  0.000000e+000  0.000000e+000  
0.000000e+000  0.000000e+000  0.000000e+000  0.000000e+000  0.000000e+000  0.000000e+000  0.000000e+000  0.000000e+000  0.000000e+000  0.000000e+000  0.000000e+000  0.000000e+000  0.000000e+000  0.000000e+000  0.000000e+000  0.000000e+000  0.000000e+000  0.000000e+000  0.000000e+000  0.000000e+000  0.000000e+000  0.000000e+000  0.000000e+000  
0.000000e+000  0.000000e+000  0.000000e+000  0.000000e+000  0.000000e+000  0.000000e+000  0.000000e+000  0.000000e+000  0.000000e+000  0.000000e+000  0.000000e+000  0.000000e+000  0.000000e+000  0.000000e+000  0.000000e+000  0.000000e+000  0.000000e+000  0.000000e+000  0.000000e+000  0.000000e+000  0.000000e+000  0.000000e+000  0.000000e+000  
0.000000e+000  0.000000e+000  0.000000e+000  0.000000e+000  0.000000e+000  0.000000e+000  0.000000e+000  0.000000e+000  0.000000e+000  0.000000e+000  0.000000e+000  0.000000e+000  0.000000e+000  0.000000e+000  0.000000e+000  0.000000e+000  0.000000e+000  0.000000e+000  0.000000e+000  0.000000e+000  0.000000e+000  0.000000e+000  0.000000e+000  
0.000000e+000  0.000000e+000  0.000000e+000  0.000000e+000  0.000000e+000  0.000000e+000  0.000000e+000  0.000000e+000  0.000000e+000  0.000000e+000  0.000000e+000  0.000000e+000  0.000000e+000  0.000000e+000  0.000000e+000  0.000000e+000  0.000000e+000  0.000000e+000  0.000000e+000  0.000000e+000  0.000000e+000  0.000000e+000  0.000000e+000  
0.000000e+000  0.000000e+000  0.000000e+000  0.000000e+000  0.000000e+000  0.000000e+000  0.000000e+000  0.000000e+000  0.000000e+000  0.000000e+000  0.000000e+000  0.000000e+000  0.000000e+000  0.000000e+000  0.000000e+000  0.000000e+000  0.000000e+000  0.000000e+000  0.000000e+000  0.000000e+000  0.000000e+000  0.000000e+000  0.000000e+000  
0.000000e+000  0.000000e+000  0.000000e+000  0.000000e+000  0.000000e+000  0.000000e+000  0.000000e+000  0.000000e+000  0.000000e+000  0.000000e+000  0.000000e+000  0.000000e+000  0.000000e+000  0.000000e+000  0.000000e+000  0.000000e+000  0.000000e+000  0.000000e+000  0.000000e+000  0.000000e+000  0.000000e+000  0.000000e+000  0.000000e+000  
0.000000e+000  0.000000e+000  0.000000e+000  0.000000e+000  0.000000e+000  0.000000e+000  0.000000e+000  0.000000e+000  0.000000e+000  0.000000e+000  0.000000e+000  0.000000e+000  0.000000e+000  0.000000e+000  0.000000e+000  0.000000e+000  0.000000e+000  0.000000e+000  0.000000e+000  0.000000e+000  0.000000e+000  0.000000e+000  0.000000e+000  
0.000000e+000  0.000000e+000  0.000000e+000  0.000000e+000  0.000000e+000  0.000000e+000  0.000000e+000  0.000000e+000  0.000000e+000  0.000000e+000  0.000000e+000  0.000000e+000  0.000000e+000  0.000000e+000  0.000000e+000  0.000000e+000  0.000000e+000  0.000000e+000  0.000000e+000  0.000000e+000  0.000000e+000  0.000000e+000  0.000000e+000  
0.000000e+000  0.000000e+000  0.000000e+000  0.000000e+000  0.000000e+000  0.000000e+000  0.000000e+000  0.000000e+000  0.000000e+000  0.000000e+000  0.000000e+000  0.000000e+000  0.000000e+000  0.000000e+000  0.000000e+000  0.000000e+000  0.000000e+000  0.000000e+000  0.000000e+000  0.000000e+000  0.000000e+000  0.000000e+000  0.000000e+000  
0.000000e+000  0.000000e+000  0.000000e+000  0.000000e+000  0.000000e+000  0.000000e+000  0.000000e+000  0.000000e+000  0.000000e+000  0.000000e+000  0.000000e+000  0.000000e+000  0.000000e+000  0.000000e+000  0.000000e+000  0.000000e+000  0.000000e+000  0.000000e+000  0.000000e+000  0.000000e+000  0.000000e+000  0.000000e+000  0.000000e+000  
0.000000e+000  0.000000e+000  0.000000e+000  0.000000e+000  0.000000e+000  0.000000e+000  0.000000e+000  0.000000e+000  0.000000e+000  0.000000e+000  0.000000e+000  0.000000e+000  0.000000e+000  0.000000e+000  0.000000e+000  0.000000e+000  0.000000e+000  0.000000e+000  0.000000e+000  0.000000e+000  0.000000e+000  0.000000e+000  0.000000e+000  
0.000000e+000  0.000000e+000  0.000000e+000  0.000000e+000  0.000000e+000  0.000000e+000  0.000000e+000  0.000000e+000  0.000000e+000  0.000000e+000  0.000000e+000  0.000000e+000  0.000000e+000  0.000000e+000  0.000000e+000  0.000000e+000  0.000000e+000  0.000000e+000  0.000000e+000  0.000000e+000  0.000000e+000  0.000000e+000  0.000000e+000  
0.000000e+000  0.000000e+000  0.000000e+000  0.000000e+000  0.000000e+000  0.000000e+000  0.000000e+000  0.000000e+000  0.000000e+000  0.000000e+000  0.000000e+000  0.000000e+000  0.000000e+000  0.000000e+000  0.000000e+000  0.000000e+000  0.000000e+000  0.000000e+000  0.000000e+000  0.000000e+000  0.000000e+000  0.000000e+000  0.000000e+000  

0.000000e+000  0.000000e+000  0.000000e+000  0.000000e+000  0.000000e+000  0.000000e+000  0.000000e+000  0.000000e+000  0.000000e+000  0.000000e+000  0.000000e+000  0.000000e+000  0.000000e+000  0.000000e+000  0.000000e+000  0.000000e+000  0.000000e+000  0.000000e+000  0.000000e+000  0.000000e+000  0.000000e+000  0.000000e+000  0.000000e+000  
0.000000e+000  0.000000e+000  0.000000e+000  0.000000e+000  0.000000e+000  0.000000e+000  0.000000e+000  0.000000e+000  0.000000e+000  0.000000e+000  0.000000e+000  0.000000e+000  0.000000e+000  0.000000e+000  0.000000e+000  0.000000e+000  0.000000e+000  0.000000e+000  0.000000e+000  0.000000e+000  0.000000e+000  0.000000e+000  0.000000e+000  
0.000000e+000  0.000000e+000  0.000000e+000  0.000000e+000  0.000000e+000  0.000000e+000  0.000000e+000  0.000000e+000  0.000000e+000  0.000000e+000  0.000000e+000  0.000000e+000  0.000000e+000  0.000000e+000  0.000000e+000  0.000000e+000  0.000000e+000  0.000000e+000  0.000000e+000  0.000000e+000  0.000000e+000  0.000000e+000  0.000000e+000  
0.000000e+000  0.000000e+000  0.000000e+000  0.000000e+000  0.000000e+000  0.000000e+000  0.000000e+000  0.000000e+000  0.000000e+000  0.000000e+000  0.000000e+000  0.000000e+000  0.000000e+000  0.000000e+000  0.000000e+000  0.000000e+000  0.000000e+000  0.000000e+000  0.000000e+000  0.000000e+000  0.000000e+000  0.000000e+000  0.000000e+000  
0.000000e+000  0.000000e+000  0.000000e+000  0.000000e+000  0.000000e+000  0.000000e+000  0.000000e+000  0.000000e+000  0.000000e+000  0.000000e+000  0.000000e+000  0.000000e+000  0.000000e+000  0.000000e+000  0.000000e+000  0.000000e+000  0.000000e+000  0.000000e+000  0.000000e+000  0.000000e+000  0.000000e+000  0.000000e+000  0.000000e+000  
0.000000e+000  0.000000e+000  0.000000e+000  0.000000e+000  0.000000e+000  0.000000e+000  0.000000e+000  0.000000e+000  0.000000e+000  0.000000e+000  0.000000e+000  0.000000e+000  0.000000e+000  0.000000e+000  0.000000e+000  0.000000e+000  0.000000e+000  0.000000e+000  0.000000e+000  0.000000e+000  0.000000e+000  0.000000e+000  0.000000e+000  
0.000000e+000  0.000000e+000  0.000000e+000  0.000000e+000  0.000000e+000  0.000000e+000  0.000000e+000  0.000000e+000  0.000000e+000  0.000000e+000  0.000000e+000  0.000000e+000  0.000000e+000  0.000000e+000  0.000000e+000  0.000000e+000  0.000000e+000  0.000000e+000  0.000000e+000  0.000000e+000  0.000000e+000  0.000000e+000  0.000000e+000  
0.000000e+000  0.000000e+000  0.000000e+000  0.000000e+000  0.000000e+000  0.000000e+000  0.000000e+000  0.000000e+000  0.000000e+000  0.000000e+000  0.000000e+000  0.000000e+000  0.000000e+000  0.000000e+000  0.000000e+000  0.000000e+000  0.000000e+000  0.000000e+000  0.000000e+000  0.000000e+000  0.000000e+000  0.000000e+000  0.000000e+000  
0.000000e+000  0.000000e+000  0.000000e+000  0.000000e+000  0.000000e+000  0.000000e+000  0.000000e+000  0.000000e+000  0.000000e+000  0.000000e+000  0.000000e+000  0.000000e+000  0.000000e+000  0.000000e+000  0.000000e+000  0.000000e+000  0.000000e+000  0.000000e+000  0.000000e+000  0.000000e+000  0.000000e+000  0.000000e+000  0.000000e+000  
0.000000e+000  0.000000e+000  0.000000e+000  0.000000e+000  0.000000e+000  0.000000e+000  0.000000e+000  0.000000e+000  0.000000e+000  0.000000e+000  0.000000e+000  0.000000e+000  0.000000e+000  0.000000e+000  0.000000e+000  0.000000e+000  0.000000e+000  0.000000e+000  0.000000e+000  0.000000e+000  0.000000e+000  0.000000e+000  0.000000e+000  
0.000000e+000  0.000000e+000  0.000000e+000  0.000000e+000  0.000000e+000  0.000000e+000  0.000000e+000  0.000000e+000  0.000000e+000  0.000000e+000  0.000000e+000  0.000000e+000  0.000000e+000  0.000000e+000  0.000000e+000  0.000000e+000  0.000000e+000  0.000000e+000  0.000000e+000  0.000000e+000  0.000000e+000  0.000000e+000  0.000000e+000  
0.000000e+000  0.000000e+000  0.000000e+000  0.000000e+000  0.000000e+000  0.000000e+000  0.000000e+000  0.000000e+000  0.000000e+000  0.000000e+000  0.000000e+000  0.000000e+000  0.000000e+000  0.000000e+000  0.000000e+000  0.000000e+000  0.000000e+000  0.000000e+000  0.000000e+000  0.000000e+000  0.000000e+000  0.000000e+000  0.000000e+000  
0.000000e+000  0.000000e+000  0.000000e+000  0.000000e+000  0.000000e+000  0.000000e+000  0.000000e+000  0.000000e+000  0.000000e+000  0.000000e+000  0.000000e+000  0.000000e+000  0.000000e+000  0.000000e+000  0.000000e+000  0.000000e+000  0.000000e+000  0.000000e+000  0.000000e+000  0.000000e+000  0.000000e+000  0.000000e+000  0.000000e+000  
0.000000e+000  0.000000e+000  0.000000e+000  0.000000e+000  0.000000e+000  0.000000e+000  0.000000e+000  0.000000e+000  0.000000e+000  0.000000e+000  0.000000e+000  0.000000e+000  0.000000e+000  0.000000e+000  0.000000e+000  0.000000e+000  0.000000e+000  0.000000e+000  0.000000e+000  0.000000e+000  0.000000e+000  0.000000e+000  0.000000e+000  
0.000000e+000  0.000000e+000  0.000000e+000  0.000000e+000  0.000000e+000  0.000000e+000  0.000000e+000  0.000000e+000  0.000000e+000  0.000000e+000  0.000000e+000  0.000000e+000  0.000000e+000  0.000000e+000  0.000000e+000  0.000000e+000  0.000000e+000  0.000000e+000  0.000000e+000  0.000000e+000  0.000000e+000  0.000000e+000  0.000000e+000  
0.000000e+000  0.000000e+000  0.000000e+000  0.000000e+000  0.000000e+000  0.000000e+000  0.000000e+000  0.000000e+000  0.000000e+000  0.000000e+000  0.000000e+000  0.000000e+000  0.000000e+000  0.000000e+000  0.000000e+000  0.000000e+000  0.000000e+000  0.000000e+000  0.000000e+000  0.000000e+000  0.000000e+000  0.000000e+000  0.000000e+000  
0.000000e+000  0.000000e+000  0.000000e+000  0.000000e+000  0.000000e+000  0.000000e+000  0.000000e+000  0.000000e+000  0.000000e+000  0.000000e+000  0.000000e+000  0.000000e+000  0.000000e+000  0.000000e+000  0.000000e+000  0.000000e+000  0.000000e+000  0.000000e+000  0.000000e+000  0.000000e+000  0.000000e+000  0.000000e+000  0.000000e+000  
0.000000e+000  0.000000e+000  0.000000e+000  0.000000e+000  0.000000e+000  0.000000e+000  0.000000e+000  0.000000e+000  0.000000e+000  0.000000e+000  0.000000e+000  0.000000e+000  0.000000e+000  0.000000e+000  0.000000e+000  0.000000e+000  0.000000e+000  0.000000e+000  0.000000e+000  0.000000e+000  0.000000e+000  0.000000e+000  0.000000e+000  
0.000000e+000  0.000000e+000  0.000000e+000  0.000000e+000  0.000000e+000  0.000000e+000  0.000000e+000  0.000000e+000  0.000000e+000  0.000000e+000  0.000000e+000  0.000000e+000  0.000000e+000  0.000000e+000  0.000000e+000  0.000000e+000  0.000000e+000  0.000000e+000  0.000000e+000  0.000000e+000  0.000000e+000  0.000000e+000  0.000000e+000  
0.000000e+000  0.000000e+000  0.000000e+000  0.000000e+000  0.000000e+000  0.000000e+000  0.000000e+000  0.000000e+000  0.000000e+000  0.000000e+000  0.000000e+000  0.000000e+000  0.000000e+000  0.000000e+000  0.000000e+000  0.000000e+000  0.000000e+000  0.000000e+000  0.000000e+000  0.000000e+000  0.000000e+000  0.000000e+000  0.000000e+000  
0.000000e+000  0.000000e+000  0.000000e+000  0.000000e+000  0.000000e+000  0.000000e+000  0.000000e+000  0.000000e+000  0.000000e+000  0.000000e+000  0.000000e+000  0.000000e+000  0.000000e+000  0.000000e+000  0.000000e+000  0.000000e+000  0.000000e+000  0.000000e+000  0.000000e+000  0.000000e+000  0.000000e+000  0.000000e+000  0.000000e+000  
0.000000e+000  0.000000e+000  0.000000e+000  0.000000e+000  0.000000e+000  0.000000e+000  0.000000e+000  0.000000e+000  0.000000e+000  0.000000e+000  0.000000e+000  0.000000e+000  0.000000e+000  0.000000e+000  0.000000e+000  0.000000e+000  0.000000e+000  0.000000e+000  0.000000e+000  0.000000e+000  0.000000e+000  0.000000e+000  0.000000e+000  
0.000000e+000  0.000000e+000  0.000000e+000  0.000000e+000  0.000000e+000  0.000000e+000  0.000000e+000  0.000000e+000  0.000000e+000  0.000000e+000  0.000000e+000  0.000000e+000  0.000000e+000  0.000000e+000  0.000000e+000  0.000000e+000  0.000000e+000  0.000000e+000  0.000000e+000  0.000000e+000  0.000000e+000  0.000000e+000  0.000000e+000  
0.000000e+000  0.000000e+000  0.000000e+000  0.000000e+000  0.000000e+000  0.000000e+000  0.000000e+000  0.000000e+000  0.000000e+000  0.000000e+000  0.000000e+000  0.000000e+000  0.000000e+000  0.000000e+000  0.000000e+000  0.000000e+000  0.000000e+000  0.000000e+000  0.000000e+000  0.000000e+000  0.000000e+000  0.000000e+000  0.000000e+000  
0.000000e+000  0.000000e+000  0.000000e+000  0.000000e+000  0.000000e+000  0.000000e+000  0.000000e+000  0.000000e+000  0.000000e+000  0.000000e+000  0.000000e+000  0.000000e+000  0.000000e+000  0.000000e+000  0.000000e+000  0.000000e+000  0.000000e+000  0.000000e+000  0.000000e+000  0.000000e+000  0.000000e+000  0.000000e+000  0.000000e+000  
0.000000e+000  0.000000e+000  0.000000e+000  0.000000e+000  0.000000e+000  0.000000e+000  0.000000e+000  0.000000e+000  0.000000e+000  0.000000e+000  0.000000e+000  0.000000e+000  0.000000e+000  0.000000e+000  0.000000e+000  0.000000e+000  0.000000e+000  0.000000e+000  0.000000e+000  0.000000e+000  0.000000e+000  0.000000e+000  0.000000e+000  
0.000000e+000  0.000000e+000  0.000000e+000  0.000000e+000  0.000000e+000  0.000000e+000  0.000000e+000  0.000000e+000  0.000000e+000  0.000000e+000  0.000000e+000  0.000000e+000  0.000000e+000  0.000000e+000  0.000000e+000  0.000000e+000  0.000000e+000  0.000000e+000  0.000000e+000  0.000000e+000  0.000000e+000  0.000000e+000  0.000000e+000  
0.000000e+000  0.000000e+000  0.000000e+000  0.000000e+000  0.000000e+000  0.000000e+000  0.000000e+000  0.000000e+000  0.000000e+000  0.000000e+000  0.000000e+000  0.000000e+000  0.000000e+000  0.000000e+000  0.000000e+000  0.000000e+000  0.000000e+000  0.000000e+000  0.000000e+000  0.000000e+000  0.000000e+000  0.000000e+000  0.000000e+000  
0.000000e+000  0.000000e+000  0.000000e+000  0.000000e+000  0.000000e+000  0.000000e+000  0.000000e+000  0.000000e+000  0.000000e+000  0.000000e+000  0.000000e+000  0.000000e+000  0.000000e+000  0.000000e+000  0.000000e+000  0.000000e+000  0.000000e+000  0.000000e+000  0.000000e+000  0.000000e+000  0.000000e+000  0.000000e+000  0.000000e+000  
0.000000e+000  0.000000e+000  0.000000e+000  0.000000e+000  0.000000e+000  0.000000e+000  0.000000e+000  0.000000e+000  0.000000e+000  0.000000e+000  0.000000e+000  0.000000e+000  0.000000e+000  0.000000e+000  0.000000e+000  0.000000e+000  0.000000e+000  0.000000e+000  0.000000e+000  0.000000e+000  0.000000e+000  0.000000e+000  0.000000e+000  
0.000000e+000  0.000000e+000  0.000000e+000  0.000000e+000  0.000000e+000  0.000000e+000  0.000000e+000  0.000000e+000  0.000000e+000  0.000000e+000  0.000000e+000  0.000000e+000  0.000000e+000  0.000000e+000  0.000000e+000  0.000000e+000  0.000000e+000  0.000000e+000  0.000000e+000  0.000000e+000  0.000000e+000  0.000000e+000  0.000000e+000  
0.000000e+000  0.000000e+000  0.000000e+000  0.000000e+000  0.000000e+000  0.000000e+000  0.000000e+000  0.000000e+000  0.000000e+000  0.000000e+000  0.000000e+000  0.000000e+000  0.000000e+000  0.000000e+000  0.000000e+000  0.000000e+000  0.000000e+000  0.000000e+000  0.000000e+000  0.000000e+000  0.000000e+000  0.000000e+000  0.000000e+000  
0.000000e+000  0.000000e+000  0.000000e+000  0.000000e+000  0.000000e+000  0.000000e+000  0.000000e+000  0.000000e+000  0.000000e+000  0.000000e+000  0.000000e+000  0.000000e+000  0.000000e+000  0.000000e+000  0.000000e+000  0.000000e+000  0.000000e+000  0.000000e+000  0.000000e+000  0.000000e+000  0.000000e+000  0.000000e+000  0.000000e+000  
0.000000e+000  0.000000e+000  0.000000e+000  0.000000e+000  0.000000e+000  0.000000e+000  0.000000e+000  0.000000e+000  0.000000e+000  0.000000e+000  0.000000e+000  0.000000e+000  0.000000e+000  0.000000e+000  0.000000e+000  0.000000e+000  0.000000e+000  0.000000e+000  0.000000e+000  0.000000e+000  0.000000e+000  0.000000e+000  0.000000e+000  
0.000000e+000  0.000000e+000  0.000000e+000  0.000000e+000  0.000000e+000  0.000000e+000  0.000000e+000  0.000000e+000  0.000000e+000  0.000000e+000  0.000000e+000  0.000000e+000  0.000000e+000  0.000000e+000  0.000000e+000  0.000000e+000  0.000000e+000  0.000000e+000  0.000000e+000  0.000000e+000  0.000000e+000  0.000000e+000  0.000000e+000  
0.000000e+000  0.000000e+000  0.000000e+000  0.000000e+000  0.000000e+000  0.000000e+000  0.000000e+000  0.000000e+000  0.000000e+000  0.000000e+000  0.000000e+000  0.000000e+000  0.000000e+000  0.000000e+000  0.000000e+000  0.000000e+000  0.000000e+000  0.000000e+000  0.000000e+000  0.000000e+000  0.000000e+000  0.000000e+000  0.000000e+000  
0.000000e+000  0.000000e+000  0.000000e+000  0.000000e+000  0.000000e+000  0.000000e+000  0.000000e+000  0.000000e+000  0.000000e+000  0.000000e+000  0.000000e+000  0.000000e+000  0.000000e+000  0.000000e+000  0.000000e+000  0.000000e+000  0.000000e+000  0.000000e+000  0.000000e+000  0.000000e+000  0.000000e+000  0.000000e+000  0.000000e+000  
0.000000e+000  0.000000e+000  0.000000e+000  0.000000e+000  0.000000e+000  0.000000e+000  0.000000e+000  0.000000e+000  0.000000e+000  0.000000e+000  0.000000e+000  0.000000e+000  0.000000e+000  0.000000e+000  0.000000e+000  0.000000e+000  0.000000e+000  0.000000e+000  0.000000e+000  0.000000e+000  0.000000e+000  0.000000e+000  0.000000e+000  
0.000000e+000  0.000000e+000  0.000000e+000  0.000000e+000  0.000000e+000  0.000000e+000  0.000000e+000  0.000000e+000  0.000000e+000  0.000000e+000  0.000000e+000  0.000000e+000  0.000000e+000  0.000000e+000  0.000000e+000  0.000000e+000  0.000000e+000  0.000000e+000  0.000000e+000  0.000000e+000  0.000000e+000  0.000000e+000  0.000000e+000  
0.000000e+000  0.000000e+000  0.000000e+000  0.000000e+000  0.000000e+000  0.000000e+000  0.000000e+000  0.000000e+000  0.000000e+000  0.000000e+000  0.000000e+000  0.000000e+000  0.000000e+000  0.000000e+000  0.000000e+000  0.000000e+000  0.000000e+000  0.000000e+000  0.000000e+000  0.000000e+000  0.000000e+000  0.000000e+000  0.000000e+000  
0.000000e+000  0.000000e+000  0.000000e+000  0.000000e+000  0.000000e+000  0.000000e+000  0.000000e+000  0.000000e+000  0.000000e+000  0.000000e+000  0.000000e+000  0.000000e+000  0.000000e+000  0.000000e+000  0.000000e+000  0.000000e+000  0.000000e+000  0.000000e+000  0.000000e+000  0.000000e+000  0.000000e+000  0.000000e+000  0.000000e+000  

0.000000e+000  0.000000e+000  0.000000e+000  0.000000e+000  0.000000e+000  0.000000e+000  0.000000e+000  0.000000e+000  0.000000e+000  0.000000e+000  0.000000e+000  0.000000e+000  0.000000e+000  0.000000e+000  0.000000e+000  0.000000e+000  0.000000e+000  0.000000e+000  0.000000e+000  0.000000e+000  0.000000e+000  0.000000e+000  0.000000e+000  
0.000000e+000  0.000000e+000  0.000000e+000  0.000000e+000  0.000000e+000  0.000000e+000  0.000000e+000  0.000000e+000  0.000000e+000  0.000000e+000  0.000000e+000  0.000000e+000  0.000000e+000  0.000000e+000  0.000000e+000  0.000000e+000  0.000000e+000  0.000000e+000  0.000000e+000  0.000000e+000  0.000000e+000  0.000000e+000  0.000000e+000  
0.000000e+000  0.000000e+000  0.000000e+000  0.000000e+000  0.000000e+000  0.000000e+000  0.000000e+000  0.000000e+000  0.000000e+000  0.000000e+000  0.000000e+000  0.000000e+000  0.000000e+000  0.000000e+000  0.000000e+000  0.000000e+000  0.000000e+000  0.000000e+000  0.000000e+000  0.000000e+000  0.000000e+000  0.000000e+000  0.000000e+000  
0.000000e+000  0.000000e+000  0.000000e+000  0.000000e+000  0.000000e+000  0.000000e+000  0.000000e+000  0.000000e+000  0.000000e+000  0.000000e+000  0.000000e+000  0.000000e+000  0.000000e+000  0.000000e+000  0.000000e+000  0.000000e+000  0.000000e+000  0.000000e+000  0.000000e+000  0.000000e+000  0.000000e+000  0.000000e+000  0.000000e+000  
0.000000e+000  0.000000e+000  0.000000e+000  0.000000e+000  0.000000e+000  0.000000e+000  0.000000e+000  0.000000e+000  0.000000e+000  0.000000e+000  0.000000e+000  0.000000e+000  0.000000e+000  0.000000e+000  0.000000e+000  0.000000e+000  0.000000e+000  0.000000e+000  0.000000e+000  0.000000e+000  0.000000e+000  0.000000e+000  0.000000e+000  
0.000000e+000  0.000000e+000  0.000000e+000  0.000000e+000  0.000000e+000  0.000000e+000  0.000000e+000  0.000000e+000  0.000000e+000  0.000000e+000  0.000000e+000  0.000000e+000  0.000000e+000  0.000000e+000  0.000000e+000  0.000000e+000  0.000000e+000  0.000000e+000  0.000000e+000  0.000000e+000  0.000000e+000  0.000000e+000  0.000000e+000  
0.000000e+000  0.000000e+000  0.000000e+000  0.000000e+000  0.000000e+000  0.000000e+000  0.000000e+000  0.000000e+000  0.000000e+000  0.000000e+000  0.000000e+000  0.000000e+000  0.000000e+000  0.000000e+000  0.000000e+000  0.000000e+000  0.000000e+000  0.000000e+000  0.000000e+000  0.000000e+000  0.000000e+000  0.000000e+000  0.000000e+000  
0.000000e+000  0.000000e+000  0.000000e+000  0.000000e+000  0.000000e+000  0.000000e+000  0.000000e+000  0.000000e+000  0.000000e+000  0.000000e+000  0.000000e+000  0.000000e+000  0.000000e+000  0.000000e+000  0.000000e+000  0.000000e+000  0.000000e+000  0.000000e+000  0.000000e+000  0.000000e+000  0.000000e+000  0.000000e+000  0.000000e+000  
0.000000e+000  0.000000e+000  0.000000e+000  0.000000e+000  0.000000e+000  0.000000e+000  0.000000e+000  0.000000e+000  0.000000e+000  0.000000e+000  0.000000e+000  0.000000e+000  0.000000e+000  0.000000e+000  0.000000e+000  0.000000e+000  0.000000e+000  0.000000e+000  0.000000e+000  0.000000e+000  0.000000e+000  0.000000e+000  0.000000e+000  
0.000000e+000  0.000000e+000  0.000000e+000  0.000000e+000  0.000000e+000  0.000000e+000  0.000000e+000  0.000000e+000  0.000000e+000  0.000000e+000  0.000000e+000  0.000000e+000  0.000000e+000  0.000000e+000  0.000000e+000  0.000000e+000  0.000000e+000  0.000000e+000  0.000000e+000  0.000000e+000  0.000000e+000  0.000000e+000  0.000000e+000  
0.000000e+000  0.000000e+000  0.000000e+000  0.000000e+000  0.000000e+000  0.000000e+000  0.000000e+000  0.000000e+000  0.000000e+000  0.000000e+000  0.000000e+000  0.000000e+000  0.000000e+000  0.000000e+000  0.000000e+000  0.000000e+000  0.000000e+000  0.000000e+000  0.000000e+000  0.000000e+000  0.000000e+000  0.000000e+000  0.000000e+000  
0.000000e+000  0.000000e+000  0.000000e+000  0.000000e+000  0.000000e+000  0.000000e+000  0.000000e+000  0.000000e+000  0.000000e+000  0.000000e+000  0.000000e+000  0.000000e+000  0.000000e+000  0.000000e+000  0.000000e+000  0.000000e+000  0.000000e+000  0.000000e+000  0.000000e+000  0.000000e+000  0.000000e+000  0.000000e+000  0.000000e+000  
0.000000e+000  0.000000e+000  0.000000e+000  0.000000e+000  0.000000e+000  0.000000e+000  0.000000e+000  0.000000e+000  0.000000e+000  0.000000e+000  0.000000e+000  0.000000e+000  0.000000e+000  0.000000e+000  0.000000e+000  0.000000e+000  0.000000e+000  0.000000e+000  0.000000e+000  0.000000e+000  0.000000e+000  0.000000e+000  0.000000e+000  
0.000000e+000  0.000000e+000  0.000000e+000  0.000000e+000  0.000000e+000  0.000000e+000  0.000000e+000  0.000000e+000  0.000000e+000  0.000000e+000  0.000000e+000  0.000000e+000  0.000000e+000  0.000000e+000  0.000000e+000  0.000000e+000  0.000000e+000  0.000000e+000  0.000000e+000  0.000000e+000  0.000000e+000  0.000000e+000  0.000000e+000  
0.000000e+000  0.000000e+000  0.000000e+000  0.000000e+000  0.000000e+000  0.000000e+000  0.000000e+000  0.000000e+000  0.000000e+000  0.000000e+000  0.000000e+000  0.000000e+000  0.000000e+000  0.000000e+000  0.000000e+000  0.000000e+000  0.000000e+000  0.000000e+000  0.000000e+000  0.000000e+000  0.000000e+000  0.000000e+000  0.000000e+000  
0.000000e+000  0.000000e+000  0.000000e+000  0.000000e+000  0.000000e+000  0.000000e+000  0.000000e+000  0.000000e+000  0.000000e+000  0.000000e+000  0.000000e+000  0.000000e+000  0.000000e+000  0.000000e+000  0.000000e+000  0.000000e+000  0.000000e+000  0.000000e+000  0.000000e+000  0.000000e+000  0.000000e+000  0.000000e+000  0.000000e+000  
0.000000e+000  0.000000e+000  0.000000e+000  0.000000e+000  0.000000e+000  0.000000e+000  0.000000e+000  0.000000e+000  0.000000e+000  0.000000e+000  0.000000e+000  0.000000e+000  0.000000e+000  0.000000e+000  0.000000e+000  0.000000e+000  0.000000e+000  0.000000e+000  0.000000e+000  0.000000e+000  0.000000e+000  0.000000e+000  0.000000e+000  
0.000000e+000  0.000000e+000  0.000000e+000  0.000000e+000  0.000000e+000  0.000000e+000  0.000000e+000  0.000000e+000  0.000000e+000  0.000000e+000  0.000000e+000  0.000000e+000  0.000000e+000  0.000000e+000  0.000000e+000  0.000000e+000  0.000000e+000  0.000000e+000  0.000000e+000  0.000000e+000  0.000000e+000  0.000000e+000  0.000000e+000  
0.000000e+000  0.000000e+000  0.000000e+000  0.000000e+000  0.000000e+000  0.000000e+000  0.000000e+000  0.000000e+000  0.000000e+000  0.000000e+000  0.000000e+000  0.000000e+000  0.000000e+000  0.000000e+000  0.000000e+000  0.000000e+000  0.000000e+000  0.000000e+000  0.000000e+000  0.000000e+000  0.000000e+000  0.000000e+000  0.000000e+000  
0.000000e+000  0.000000e+000  0.000000e+000  0.000000e+000  0.000000e+000  0.000000e+000  0.000000e+000  0.000000e+000  0.000000e+000  0.000000e+000  0.000000e+000  0.000000e+000  0.000000e+000  0.000000e+000  0.000000e+000  0.000000e+000  0.000000e+000  0.000000e+000  0.000000e+000  0.000000e+000  0.000000e+000  0.000000e+000  0.000000e+000  
0.000000e+000  0.000000e+000  0.000000e+000  0.000000e+000  0.000000e+000  0.000000e+000  0.000000e+000  0.000000e+000  0.000000e+000  0.000000e+000  0.000000e+000  0.000000e+000  0.000000e+000  0.000000e+000  0.000000e+000  0.000000e+000  0.000000e+000  0.000000e+000  0.000000e+000  0.000000e+000  0.000000e+000  0.000000e+000  0.000000e+000  
0.000000e+000  0.000000e+000  0.000000e+000  0.000000e+000  0.000000e+000  0.000000e+000  0.000000e+000  0.000000e+000  0.000000e+000  0.000000e+000  0.000000e+000  0.000000e+000  0.000000e+000  0.000000e+000  0.000000e+000  0.000000e+000  0.000000e+000  0.000000e+000  0.000000e+000  0.000000e+000  0.000000e+000  0.000000e+000  0.000000e+000  
0.000000e+000  0.000000e+000  0.000000e+000  0.000000e+000  0.000000e+000  0.000000e+000  0.000000e+000  0.000000e+000  0.000000e+000  0.000000e+000  0.000000e+000  0.000000e+000  0.000000e+000  0.000000e+000  0.000000e+000  0.000000e+000  0.000000e+000  0.000000e+000  0.000000e+000  0.000000e+000  0.000000e+000  0.000000e+000  0.000000e+000  
0.000000e+000  0.000000e+000  0.000000e+000  0.000000e+000  0.000000e+000  0.000000e+000  0.000000e+000  0.000000e+000  0.000000e+000  0.000000e+000  0.000000e+000  0.000000e+000  0.000000e+000  0.000000e+000  0.000000e+000  0.000000e+000  0.000000e+000  0.000000e+000  0.000000e+000  0.000000e+000  0.000000e+000  0.000000e+000  0.000000e+000  
0.000000e+000  0.000000e+000  0.000000e+000  0.000000e+000  0.000000e+000  0.000000e+000  0.000000e+000  0.000000e+000  0.000000e+000  0.000000e+000  0.000000e+000  0.000000e+000  0.000000e+000  0.000000e+000  0.000000e+000  0.000000e+000  0.000000e+000  0.000000e+000  0.000000e+000  0.000000e+000  0.000000e+000  0.000000e+000  0.000000e+000  
0.000000e+000  0.000000e+000  0.000000e+000  0.000000e+000  0.000000e+000  0.000000e+000  0.000000e+000  0.000000e+000  0.000000e+000  0.000000e+000  0.000000e+000  0.000000e+000  0.000000e+000  0.000000e+000  0.000000e+000  0.000000e+000  0.000000e+000  0.000000e+000  0.000000e+000  0.000000e+000  0.000000e+000  0.000000e+000  0.000000e+000  
0.000000e+000  0.000000e+000  0.000000e+000  0.000000e+000  0.000000e+000  0.000000e+000  0.000000e+000  0.000000e+000  0.000000e+000  0.000000e+000  0.000000e+000  0.000000e+000  0.000000e+000  0.000000e+000  0.000000e+000  0.000000e+000  0.000000e+000  0.000000e+000  0.000000e+000  0.000000e+000  0.000000e+000  0.000000e+000  0.000000e+000  
0.000000e+000  0.000000e+000  0.000000e+000  0.000000e+000  0.000000e+000  0.000000e+000  0.000000e+000  0.000000e+000  0.000000e+000  0.000000e+000  0.000000e+000  0.000000e+000  0.000000e+000  0.000000e+000  0.000000e+000  0.000000e+000  0.000000e+000  0.000000e+000  0.000000e+000  0.000000e+000  0.000000e+000  0.000000e+000  0.000000e+000  
0.000000e+000  0.000000e+000  0.000000e+000  0.000000e+000  0.000000e+000  0.000000e+000  0.000000e+000  0.000000e+000  0.000000e+000  0.000000e+000  0.000000e+000  0.000000e+000  0.000000e+000  0.000000e+000  0.000000e+000  0.000000e+000  0.000000e+000  0.000000e+000  0.000000e+000  0.000000e+000  0.000000e+000  0.000000e+000  0.000000e+000  
0.000000e+000  0.000000e+000  0.000000e+000  0.000000e+000  0.000000e+000  0.000000e+000  0.000000e+000  0.000000e+000  0.000000e+000  0.000000e+000  0.000000e+000  0.000000e+000  0.000000e+000  0.000000e+000  0.000000e+000  0.000000e+000  0.000000e+000  0.000000e+000  0.000000e+000  0.000000e+000  0.000000e+000  0.000000e+000  0.000000e+000  
0.000000e+000  0.000000e+000  0.000000e+000  0.000000e+000  0.000000e+000  0.000000e+000  0.000000e+000  0.000000e+000  0.000000e+000  0.000000e+000  0.000000e+000  0.000000e+000  0.000000e+000  0.000000e+000  0.000000e+000  0.000000e+000  0.000000e+000  0.000000e+000  0.000000e+000  0.000000e+000  0.000000e+000  0.000000e+000  0.000000e+000  
0.000000e+000  0.000000e+000  0.000000e+000  0.000000e+000  0.000000e+000  0.000000e+000  0.000000e+000  0.000000e+000  0.000000e+000  0.000000e+000  0.000000e+000  0.000000e+000  0.000000e+000  0.000000e+000  0.000000e+000  0.000000e+000  0.000000e+000  0.000000e+000  0.000000e+000  0.000000e+000  0.000000e+000  0.000000e+000  0.000000e+000  
0.000000e+000  0.000000e+000  0.000000e+000  0.000000e+000  0.000000e+000  0.000000e+000  0.000000e+000  0.000000e+000  0.000000e+000  0.000000e+000  0.000000e+000  0.000000e+000  0.000000e+000  0.000000e+000  0.000000e+000  0.000000e+000  0.000000e+000  0.000000e+000  0.000000e+000  0.000000e+000  0.000000e+000  0.000000e+000  0.000000e+000  
0.000000e+000  0.000000e+000  0.000000e+000  0.000000e+000  0.000000e+000  0.000000e+000  0.000000e+000  0.000000e+000  0.000000e+000  0.000000e+000  0.000000e+000  0.000000e+000  0.000000e+000  0.000000e+000  0.000000e+000  0.000000e+000  0.000000e+000  0.000000e+000  0.000000e+000  0.000000e+000  0.000000e+000  0.000000e+000  0.000000e+000  
0.000000e+000  0.000000e+000  0.000000e+000  0.000000e+000  0.000000e+000  0.000000e+000  0.000000e+000  0.000000e+000  0.000000e+000  0.000000e+000  0.000000e+000  0.000000e+000  0.000000e+000  0.000000e+000  0.000000e+000  0.000000e+000  0.000000e+000  0.000000e+000  0.000000e+000  0.000000e+000  0.000000e+000  0.000000e+000  0.000000e+000  
0.000000e+000  0.000000e+000  0.000000e+000  0.000000e+000  0.000000e+000  0.000000e+000  0.000000e+000  0.000000e+000  0.000000e+000  0.000000e+000  0.000000e+000  0.000000e+000  0.000000e+000  0.000000e+000  0.000000e+000  0.000000e+000  0.000000e+000  0.000000e+000  0.000000e+000  0.000000e+000  0.000000e+000  0.000000e+000  0.000000e+000  
0.000000e+000  0.000000e+000  0.000000e+000  0.000000e+000  0.000000e+000  0.000000e+000  0.000000e+000  0.000000e+000  0.000000e+000  0.000000e+000  0.000000e+000  0.000000e+000  0.000000e+000  0.000000e+000  0.000000e+000  0.000000e+000  0.000000e+000  0.000000e+000  0.000000e+000  0.000000e+000  0.000000e+000  0.000000e+000  0.000000e+000  
0.000000e+000  0.000000e+000  0.000000e+000  0.000000e+000  0.000000e+000  0.000000e+000  0.000000e+000  0.000000e+000  0.000000e+000  0.000000e+000  0.000000e+000  0.000000e+000  0.000000e+000  0.000000e+000  0.000000e+000  0.000000e+000  0.000000e+000  0.000000e+000  0.000000e+000  0.000000e+000  0.000000e+000  0.000000e+000  0.000000e+000  
0.000000e+000  0.000000e+000  0.000000e+000  0.000000e+000  0.000000e+000  0.000000e+000  0.000000e+000  0.000000e+000  0.000000e+000  0.000000e+000  0.000000e+000  0.000000e+000  0.000000e+000  0.000000e+000  0.000000e+000  0.000000e+000  0.000000e+000  0.000000e+000  0.000000e+000  0.000000e+000  0.000000e+000  0.000000e+000  0.000000e+000  
0.000000e+000  0.000000e+000  0.000000e+000  0.000000e+000  0.000000e+000  0.000000e+000  0.000000e+000  0.000000e+000  0.000000e+000  0.000000e+000  0.000000e+000  0.000000e+000  0.000000e+000  0.000000e+000  0.000000e+000  0.000000e+000  0.000000e+000  0.000000e+000  0.000000e+000  0.000000e+000  0.000000e+000  0.000000e+000  0.000000e+000  
0.000000e+000  0.000000e+000  0.000000e+000  0.000000e+000  0.000000e+000  0.000000e+000  0.000000e+000  0.000000e+000  0.000000e+000  0.000000e+000  0.000000e+000  0.000000e+000  0.000000e+000  0.000000e+000  0.000000e+000  0.000000e+000  0.000000e+000  0.000000e+000  0.000000e+000  0.000000e+000  0.000000e+000  0.000000e+000  0.000000e+000  

-0.000000e+000  -3.951555e+000  -7.896573e+000  -1.182854e+001  -1.574097e+001  -1.962744e+001  -2.348162e+001  -2.729725e+001  -3.106821e+001  -3.175943e+001  -3.237344e+001  -3.291440e+001  -3.338680e+001  -3.379530e+001  -3.414469e+001  -3.443976e+001  -3.468527e+001  -3.506092e+001  -3.527317e+001  -3.532562e+001  -3.513521e+001  -3.487755e+001  -3.443464e+001  
-0.000000e+000  -4.518105e+000  -9.027967e+000  -1.352135e+001  -1.799004e+001  -2.242583e+001  -2.682059e+001  -3.116622e+001  -3.545470e+001  -3.598583e+001  -3.641931e+001  -3.676450e+001  -3.703064e+001  -3.722672e+001  -3.736130e+001  -3.744245e+001  -3.747766e+001  -3.742123e+001  -3.724334e+001  -3.666301e+001  -3.602894e+001  -3.547915e+001  -3.480467e+001  
-0.000000e+000  -6.222517e+000  -1.243419e+001  -1.862404e+001  -2.478075e+001  -3.089259e+001  -3.694729e+001  -4.293194e+001  -4.883297e+001  -4.852701e+001  -4.809226e+001  -4.756016e+001  -4.695826e+001  -4.631012e+001  -4.563538e+001  -4.495008e+001  -4.426697e+001  -4.284006e+001  -4.152958e+001  -3.933966e+001  -3.771243e+001  -3.656452e+001  -3.546623e+001  
-0.000000e+000  -7.552111e+000  -1.510011e+001  -2.263925e+001  -3.016356e+001  -3.766528e+001  -4.513433e+001  -5.255787e+001  -5.992001e+001  -5.832236e+001  -5.666873e+001  -5.501145e+001  -5.338995e+001  -5.183225e+001  -5.035672e+001  -4.897407e+001  -4.768911e+001  -4.526053e+001  -4.324644e+001  -4.028310e+001  -3.828033e+001  -3.693895e+001  -3.571834e+001  
-0.000000e+000  -8.991610e+000  -1.800632e+001  -2.706553e+001  -3.618729e+001  -4.538455e+001  -5.466356e+001  -6.402228e+001  -7.344916e+001  -6.946461e+001  -6.572064e+001  -6.227833e+001  -5.916553e+001  -5.638497e+001  -5.392224e+001  -5.175271e+001  -4.984676e+001  -4.653873e+001  -4.401802e+001  -4.066785e+001  -3.854087e+001  -3.715207e+001  -3.589868e+001  
-0.000000e+000  -9.315872e+000  -1.867800e+001  -2.813065e+001  -3.771396e+001  -4.746150e+001  -5.739753e+001  -6.753418e+001  -7.786887e+001  -7.261886e+001  -6.787537e+001  -6.367622e+001  -6.001278e+001  -5.684671e+001  -5.412440e+001  -5.178735e+001  -4.977871e+001  -4.639843e+001  -4.388518e+001  -4.061364e+001  -3.854327e+001  -3.718535e+001  -3.594397e+001  
-0.000000e+000  -9.441630e+000  -1.896099e+001  -2.863424e+001  -3.853388e+001  -4.872549e+001  -5.926326e+001  -7.018442e+001  -8.150349e+001  -7.477405e+001  -6.894688e+001  -6.400511e+001  -5.986838e+001  -5.642682e+001  -5.356560e+001  -5.117869e+001  -4.917454e+001  -4.590609e+001  -4.352665e+001  -4.046059e+001  -3.850065e+001  -3.719763e+001  -3.597954e+001  
-0.000000e+000  -9.236449e+000  -1.858860e+001  -2.817348e+001  -3.810936e+001  -4.851279e+001  -5.949127e+001  -7.113118e+001  -8.348278e+001  -7.509823e+001  -6.821745e+001  -6.269780e+001  -5.831537e+001  -5.483705e+001  -5.205773e+001  -4.981156e+001  -4.797003e+001  -4.505121e+001  -4.295155e+001  -4.021942e+001  -3.841931e+001  -3.719185e+001  -3.600623e+001  
-0.000000e+000  -8.949891e+000  -1.803236e+001  -2.738497e+001  -3.715358e+001  -4.749168e+001  -5.855250e+001  -7.047070e+001  -8.333448e+001  -7.409850e+001  -6.680119e+001  -6.116760e+001  -5.684500e+001  -5.350913e+001  -5.090084e+001  -4.882582e+001  -4.714216e+001  -4.449948e+001  -4.259545e+001  -4.007314e+001  -3.836769e+001  -3.718370e+001  -3.601669e+001  
-0.000000e+000  -8.522973e+000  -1.719014e+001  -2.615610e+001  -3.559500e+001  -4.570557e+001  -5.670592e+001  -6.880843e+001  -8.216804e+001  -7.209485e+001  -6.452416e+001  -5.896113e+001  -5.486815e+001  -5.181050e+001  -4.947499e+001  -4.764539e+001  -4.617354e+001  -4.387393e+001  -4.220048e+001  -3.991299e+001  -3.831022e+001  -3.717263e+001  -3.602538e+001  
-0.000000e+000  -8.144361e+000  -1.643456e+001  -2.503128e+001  -3.412491e+001  -4.394817e+001  -5.477855e+001  -6.691256e+001  -8.058853e+001  -6.998212e+001  -6.237348e+001  -5.702025e+001  -5.321465e+001  -5.044093e+001  -4.835646e+001  -4.673874e+001  -4.544213e+001  -4.341229e+001  -4.191371e+001  -3.979796e+001  -3.826859e+001  -3.716376e+001  -3.603040e+001  
-0.000000e+000  -7.694027e+000  -1.552828e+001  -2.366223e+001  -3.229632e+001  -4.169610e+001  -5.221097e+001  -6.425932e+001  -7.822188e+001  -6.714259e+001  -5.967704e+001  -5.470644e+001  -5.131417e+001  -4.890802e+001  -4.712886e+001  -4.575853e+001  -4.466092e+001  -4.292721e+001  -4.161594e+001  -3.967950e+001  -3.822551e+001  -3.715401e+001  -3.603473e+001  
-0.000000e+000  -7.174742e+000  -1.447466e+001  -2.204744e+001  -3.009171e+001  -3.889666e+001  -4.889090e+001  -6.066684e+001  -7.486268e+001  -6.342505e+001  -5.637588e+001  -5.201192e+001  -4.917770e+001  -4.722684e+001  -4.580626e+001  -4.471651e+001  -4.383935e+001  -4.242441e+001  -4.131059e+001  -3.955898e+001  -3.818154e+001  -3.714361e+001  -3.603845e+001  
-0.000000e+000  -6.593887e+000  -1.328690e+001  -2.020100e+001  -2.751361e+001  -3.551373e+001  -4.469714e+001  -5.588797e+001  -7.020542e+001  -5.863928e+001  -5.242302e+001  -4.894831e+001  -4.683019e+001  -4.542091e+001  -4.440761e+001  -4.362730e+001  -4.298855e+001  -4.191028e+001  -4.100133e+001  -3.943783e+001  -3.813724e+001  -3.713274e+001  -3.604160e+001  
-0.000000e+000  -5.964231e+000  -1.199037e+001  -1.815867e+001  -2.459795e+001  -3.155039e+001  -3.951949e+001  -4.957738e+001  -6.372748e+001  -5.254922e+001  -4.780422e+001  -4.555769e+001  -4.431413e+001  -4.352293e+001  -4.295675e+001  -4.250819e+001  -4.212113e+001  -4.139174e+001  -4.069207e+001  -3.931750e+001  -3.809319e+001  -3.712164e+001  -3.604424e+001  
-0.000000e+000  -5.304006e+000  -1.062374e+001  -1.598293e+001  -2.143014e+001  -2.708831e+001  -3.331844e+001  -4.126315e+001  -5.435730e+001  -4.488877e+001  -4.257853e+001  -4.192632e+001  -4.169210e+001  -4.157459e+001  -4.148176e+001  -4.137865e+001  -4.125091e+001  -4.087615e+001  -4.038681e+001  -3.919949e+001  -3.804995e+001  -3.711048e+001  -3.604643e+001  
-0.000000e+000  -4.635828e+000  -9.237279e+000  -1.376335e+001  -1.815811e+001  -2.234521e+001  -2.627727e+001  -3.042870e+001  -3.945723e+001  -3.547946e+001  -3.695128e+001  -3.819714e+001  -3.904604e+001  -3.962474e+001  -4.001383e+001  -4.025968e+001  -4.039247e+001  -4.037112e+001  -4.008966e+001  -3.908525e+001  -3.800809e+001  -3.709949e+001  -3.604822e+001  
-0.000000e+000  -3.984234e+000  -7.887230e+000  -1.160730e+001  -1.498674e+001  -1.772571e+001  -1.912754e+001  -1.720774e+001  -0.000000e+000  -2.473889e+001  -3.138343e+001  -3.456938e+001  -3.647044e+001  -3.772569e+001  -3.858536e+001  -3.917280e+001  -3.956065e+001  -3.988430e+001  -3.980471e+001  -3.897626e+001  -3.796815e+001  -3.708884e+001  -3.604968e+001  
-0.000000e+000  -2.613982e+000  -5.076163e+000  -7.210872e+000  -8.786785e+000  -9.467935e+000  -8.741155e+000  -5.851095e+000  -0.000000e+000  -1.269928e+001  -2.167937e+001  -2.732538e+001  -3.107744e+001  -3.367677e+001  -3.551989e+001  -3.683736e+001  -3.777538e+001  -3.884581e+001  -3.920119e+001  -3.874720e+001  -3.788423e+001  -3.706601e+001  -3.605192e+001  
-0.000000e+000  -1.649504e+000  -3.140587e+000  -4.308777e+000  -4.980352e+000  -4.977598e+000  -4.144983e+000  -2.421598e+000  -0.000000e+000  -8.399396e+000  -1.646101e+001  -2.263850e+001  -2.724945e+001  -3.066248e+001  -3.318087e+001  -3.503301e+001  -3.638754e+001  -3.803833e+001  -3.873395e+001  -3.857105e+001  -3.781976e+001  -3.704816e+001  -3.605312e+001  
-0.000000e+000  -9.918093e-001  -1.860708e+000  -2.490430e+000  -2.780364e+000  -2.659216e+000  -2.104893e+000  -1.169415e+000  -0.000000e+000  -6.616449e+000  -1.363655e+001  -1.961002e+001  -2.446349e+001  -2.828952e+001  -3.124375e+001  -3.348993e+001  -3.517594e+001  -3.732425e+001  -3.832061e+001  -3.841627e+001  -3.776321e+001  -3.703222e+001  -3.605363e+001  
-0.000000e+000  -1.649504e+000  -3.140587e+000  -4.308777e+000  -4.980351e+000  -4.977598e+000  -4.144983e+000  -2.421598e+000  -0.000000e+000  -8.399396e+000  -1.646101e+001  -2.263850e+001  -2.724945e+001  -3.066248e+001  -3.318087e+001  -3.503301e+001  -3.638754e+001  -3.803833e+001  -3.873395e+001  -3.857105e+001  -3.781976e+001  -3.704816e+001  -3.605312e+001  
-0.000000e+000  -2.613982e+000  -5.076163e+000  -7.210872e+000  -8.786785e+000  -9.467935e+000  -8.741155e+000  -5.851095e+000  -0.000000e+000  -1.269928e+001  -2.167937e+001  -2.732538e+001  -3.107744e+001  -3.367677e+001  -3.551989e+001  -3.683736e+001  -3.777538e+001  -3.884581e+001  -3.920119e+001  -3.874720e+001  -3.788423e+001  -3.706601e+001  -3.605192e+001  
-0.000000e+000  -3.984234e+000  -7.887230e+000  -1.160730e+001  -1.498674e+001  -1.772571e+001  -1.912754e+001  -1.720774e+001  -0.000000e+000  -2.473889e+001  -3.138343e+001  -3.456938e+001  -3.647044e+001  -3.772569e+001  -3.858536e+001  -3.917280e+001  -3.956065e+001  -3.988430e+001  -3.980471e+001  -3.897626e+001  -3.796815e+001  -3.708884e+001  -3.604968e+001  
-0.000000e+000  -4.635828e+000  -9.237279e+000  -1.376335e+001  -1.815811e+001  -2.234521e+001  -2.627727e+001  -3.042870e+001  -3.945723e+001  -3.547946e+001  -3.695128e+001  -3.819714e+001  -3.904604e+001  -3.962474e+001  -4.001383e+001  -4.025968e+001  -4.039247e+001  -4.037112e+001  -4.008966e+001  -3.908525e+001  -3.800809e+001  -3.709949e+001  -3.604822e+001  
-0.000000e+000  -5.304006e+000  -1.062374e+001  -1.598293e+001  -2.143014e+001  -2.708831e+001  -3.331844e+001  -4.126315e+001  -5.435730e+001  -4.488877e+001  -4.257853e+001  -4.192632e+001  -4.169210e+001  -4.157459e+001  -4.148176e+001  -4.137865e+001  -4.125091e+001  -4.087615e+001  -4.038681e+001  -3.919949e+001  -3.804995e+001  -3.711048e+001  -3.604643e+001  
-0.000000e+000  -5.964231e+000  -1.199037e+001  -1.815867e+001  -2.459795e+001  -3.155039e+001  -3.951949e+001  -4.957738e+001  -6.372748e+001  -5.254922e+001  -4.780422e+001  -4.555769e+001  -4.431413e+001  -4.352293e+001  -4.295675e+001  -4.250819e+001  -4.212113e+001  -4.139174e+001  -4.069207e+001  -3.931750e+001  -3.809319e+001  -3.712164e+001  -3.604424e+001  
-0.000000e+000  -6.593887e+000  -1.328690e+001  -2.020100e+001  -2.751361e+001  -3.551373e+001  -4.469714e+001  -5.588797e+001  -7.020542e+001  -5.863928e+001  -5.242302e+001  -4.894831e+001  -4.683019e+001  -4.542091e+001  -4.440761e+001  -4.362730e+001  -4.298855e+001  -4.191028e+001  -4.100133e+001  -3.943783e+001  -3.813724e+001  -3.713274e+001  -3.604160e+001  
-0.000000e+000  -7.174742e+000  -1.447466e+001  -2.204744e+001  -3.009171e+001  -3.889666e+001  -4.889090e+001  -6.066684e+001  -7.486268e+001  -6.342505e+001  -5.637588e+001  -5.201192e+001  -4.917770e+001  -4.722684e+001  -4.580626e+001  -4.471651e+001  -4.383935e+001  -4.242441e+001  -4.131059e+001  -3.955898e+001  -3.818154e+001  -3.714361e+001  -3.603845e+001  
-0.000000e+000  -7.694027e+000  -1.552828e+001  -2.366223e+001  -3.229632e+001  -4.169610e+001  -5.221097e+001  -6.425932e+001  -7.822188e+001  -6.714259e+001  -5.967704e+001  -5.470644e+001  -5.131417e+001  -4.890802e+001  -4.712886e+001  -4.575853e+001  -4.466092e+001  -4.292721e+001  -4.161594e+001  -3.967950e+001  -3.822551e+001  -3.715401e+001  -3.603473e+001  
-0.000000e+000  -8.144361e+000  -1.643456e+001  -2.503128e+001  -3.412491e+001  -4.394817e+001  -5.477855e+001  -6.691256e+001  -8.058853e+001  -6.998212e+001  -6.237348e+001  -5.702025e+001  -5.321465e+001  -5.044093e+001  -4.835646e+001  -4.673874e+001  -4.544213e+001  -4.341229e+001  -4.191371e+001  -3.979796e+001  -3.826859e+001  -3.716376e+001  -3.603040e+001  
-0.000000e+000  -8.522973e+000  -1.719014e+001  -2.615610e+001  -3.559500e+001  -4.570557e+001  -5.670592e+001  -6.880843e+001  -8.216804e+001  -7.209485e+001  -6.452416e+001  -5.896113e+001  -5.486815e+001  -5.181050e+001  -4.947499e+001  -4.764539e+001  -4.617354e+001  -4.387393e+001  -4.220048e+001  -3.991299e+001  -3.831022e+001  -3.717263e+001  -3.602538e+001  
-0.000000e+000  -8.949891e+000  -1.803236e+001  -2.738497e+001  -3.715358e+001  -4.749168e+001  -5.855250e+001  -7.047070e+001  -8.333448e+001  -7.409850e+001  -6.680119e+001  -6.116760e+001  -5.684500e+001  -5.350913e+001  -5.090084e+001  -4.882582e+001  -4.714216e+001  -4.449948e+001  -4.259545e+001  -4.007314e+001  -3.836769e+001  -3.718370e+001  -3.601669e+001  
-0.000000e+000  -9.236449e+000  -1.858860e+001  -2.817348e+001  -3.810936e+001  -4.851279e+001  -5.949127e+001  -7.113118e+001  -8.348278e+001  -7.509823e+001  -6.821745e+001  -6.269780e+001  -5.831537e+001  -5.483705e+001  -5.205773e+001  -4.981156e+001  -4.797003e+001  -4.505121e+001  -4.295155e+001  -4.021942e+001  -3.841931e+001  -3.719185e+001  -3.600623e+001  
-0.000000e+000  -9.441630e+000  -1.896099e+001  -2.863424e+001  -3.853388e+001  -4.872549e+001  -5.926326e+001  -7.018442e+001  -8.150349e+001  -7.477405e+001  -6.894688e+001  -6.400511e+001  -5.986838e+001  -5.642682e+001  -5.356560e+001  -5.117869e+001  -4.917454e+001  -4.590609e+001  -4.352665e+001  -4.046059e+001  -3.850065e+001  -3.719763e+001  -3.597954e+001  
-0.000000e+000  -9.315872e+000  -1.867800e+001  -2.813065e+001  -3.771396e+001  -4.746150e+001  -5.739753e+001  -6.753418e+001  -7.786887e+001  -7.261886e+001  -6.787537e+001  -6.367622e+001  -6.001278e+001  -5.684671e+001  -5.412440e+001  -5.178735e+001  -4.977871e+001  -4.639843e+001  -4.388518e+001  -4.061364e+001  -3.854327e+001  -3.718535e+001  -3.594397e+001  
-0.000000e+000  -8.991610e+000  -1.800632e+001  -2.706553e+001  -3.618729e+001  -4.538455e+001  -5.466356e+001  -6.402228e+001  -7.344916e+001  -6.946461e+001  -6.572064e+001  -6.227833e+001  -5.916553e+001  -5.638497e+001  -5.392224e+001  -5.175271e+001  -4.984676e+001  -4.653873e+001  -4.401802e+001  -4.066785e+001  -3.854087e+001  -3.715207e+001  -3.589868e+001  
-0.000000e+000  -7.552111e+000  -1.510011e+001  -2.263925e+001  -3.016356e+001  -3.766528e+001  -4.513433e+001  -5.255787e+001  -5.992001e+001  -5.832236e+001  -5.666873e+001  -5.501145e+001  -5.338995e+001  -5.183225e+001  -5.035672e+001  -4.897407e+001  -4.768911e+001  -4.526053e+001  -4.324644e+001  -4.028310e+001  -3.828033e+001  -3.693895e+001  -3.571834e+001  
-0.000000e+000  -6.222517e+000  -1.243419e+001  -1.862404e+001  -2.478075e+001  -3.089259e+001  -3.694729e+001  -4.293194e+001  -4.883297e+001  -4.852701e+001  -4.809226e+001  -4.756016e+001  -4.695826e+001  -4.631012e+001  -4.563538e+001  -4.495008e+001  -4.426697e+001  -4.284006e+001  -4.152958e+001  -3.933966e+001  -3.771243e+001  -3.656452e+001  -3.546623e+001  
-0.000000e+000  -4.518105e+000  -9.027967e+000  -1.352135e+001  -1.799004e+001  -2.242583e+001  -2.682059e+001  -3.116622e+001  -3.545470e+001  -3.598583e+001  -3.641931e+001  -3.676450e+001  -3.703064e+001  -3.722672e+001  -3.736130e+001  -3.744245e+001  -3.747766e+001  -3.742123e+001  -3.724334e+001  -3.666301e+001  -3.602894e+001  -3.547915e+001  -3.480467e+001  
-0.000000e+000  -3.951555e+000  -7.896573e+000  -1.182854e+001  -1.574097e+001  -1.962744e+001  -2.348162e+001  -2.729725e+001  -3.106821e+001  -3.175943e+001  -3.237344e+001  -3.291440e+001  -3.338680e+001  -3.379530e+001  -3.414469e+001  -3.443976e+001  -3.468527e+001  -3.506092e+001  -3.527317e+001  -3.532562e+001  -3.513521e+001  -3.487755e+001  -3.443464e+001  

