Port monitor named: Port3_h1.prt

nx        = 43
ny        = 4
nz        = 25

nu        = 23
nv        = 41
iu        = 2
iv        = 2

idir      = 1
dcut      = -3.050000e-002
icut      = 2
type      = 1
frequency = 2.500000e+009

fcutoff   = 0.000000e+000
alpha     = 0.000000e+000
beta      = 9.872216e+001
accuracy  = 7.595949e-011

type          = QTEM
wave imp.     = 2.492135e+002
wave imp.sig. = 1.058462e-008
line imp.     = 5.287458e+001

ref. port     = 0

-0.000000e+000  1.509313e-002  3.008272e-002  4.486681e-002  5.934659e-002  7.342787e-002  8.702237e-002  1.000490e-001  1.124348e-001  1.287687e-001  1.436305e-001  1.569205e-001  1.685762e-001  1.785721e-001  1.869159e-001  1.936458e-001  1.988254e-001  2.049990e-001  2.055129e-001  1.933456e-001  1.736815e-001  1.541752e-001  1.276102e-001  
-0.000000e+000  6.133132e-002  1.220884e-001  1.817089e-001  2.396541e-001  2.954196e-001  3.485449e-001  3.986218e-001  4.453011e-001  5.051156e-001  5.573205e-001  6.016234e-001  6.379712e-001  6.665233e-001  6.876189e-001  7.017385e-001  7.094660e-001  7.066475e-001  6.843222e-001  6.010381e-001  5.073566e-001  4.268492e-001  3.347474e-001  
-0.000000e+000  1.541819e-001  3.061905e-001  4.539123e-001  5.953524e-001  7.286899e-001  8.523284e-001  9.649387e-001  1.065491e+000  1.186135e+000  1.281147e+000  1.350870e+000  1.396644e+000  1.420570e+000  1.425245e+000  1.413523e+000  1.388301e+000  1.297865e+000  1.182195e+000  9.282585e-001  7.125911e-001  5.535101e-001  4.041694e-001  
-0.000000e+000  2.847379e-001  5.643152e-001  8.337064e-001  1.088163e+000  1.323369e+000  1.535600e+000  1.721879e+000  1.880114e+000  2.054553e+000  2.172234e+000  2.236825e+000  2.254523e+000  2.232971e+000  2.180268e+000  2.104207e+000  2.011791e+000  1.778077e+000  1.538459e+000  1.111885e+000  7.997486e-001  5.888356e-001  4.110448e-001  
-0.000000e+000  4.876346e-001  9.650841e-001  1.422185e+000  1.848913e+000  2.235679e+000  2.573831e+000  2.856335e+000  3.078501e+000  3.287513e+000  3.380247e+000  3.372585e+000  3.286055e+000  3.143199e+000  2.964360e+000  2.766123e+000  2.561032e+000  2.127305e+000  1.745667e+000  1.173027e+000  8.018012e-001  5.677310e-001  3.847580e-001  
-0.000000e+000  6.372948e-001  1.261667e+000  1.859750e+000  2.417506e+000  2.920446e+000  3.354465e+000  3.707330e+000  3.970583e+000  4.186015e+000  4.232204e+000  4.141061e+000  3.951964e+000  3.702123e+000  3.421625e+000  3.132324e+000  2.848815e+000  2.289749e+000  1.827609e+000  1.183403e+000  7.879895e-001  5.466999e-001  3.648359e-001  
-0.000000e+000  8.410371e-001  1.668296e+000  2.466150e+000  3.215637e+000  3.893868e+000  4.475027e+000  4.933676e+000  5.250353e+000  5.445098e+000  5.377539e+000  5.119853e+000  4.749595e+000  4.329131e+000  3.900660e+000  3.489266e+000  3.108048e+000  2.410112e+000  1.868664e+000  1.166505e+000  7.573343e-001  5.152583e-001  3.388781e-001  
-0.000000e+000  1.037040e+000  2.065502e+000  3.072744e+000  4.038002e+000  4.928922e+000  5.700501e+000  6.299734e+000  6.679297e+000  6.807815e+000  6.540824e+000  6.035477e+000  5.430519e+000  4.815098e+000  4.235701e+000  3.711740e+000  3.248032e+000  2.448521e+000  1.857334e+000  1.129584e+000  7.205789e-001  4.837056e-001  3.150087e-001  
-0.000000e+000  1.176620e+000  2.352400e+000  3.520961e+000  4.663985e+000  5.743929e+000  6.698108e+000  7.440765e+000  7.884105e+000  7.926258e+000  7.443456e+000  6.699790e+000  5.891257e+000  5.121230e+000  4.430853e+000  3.829185e+000  3.311456e+000  2.450934e+000  1.832927e+000  1.096143e+000  6.913349e-001  4.600411e-001  2.976906e-001  
-0.000000e+000  1.294640e+000  2.599849e+000  3.920169e+000  5.245787e+000  6.540033e+000  7.723525e+000  8.664370e+000  9.201046e+000  9.100981e+000  8.319592e+000  7.288522e+000  6.262831e+000  5.344403e+000  4.556546e+000  3.891523e+000  3.332450e+000  2.430179e+000  1.796797e+000  1.060274e+000  6.627160e-001  4.379657e-001  2.819882e-001  
-0.000000e+000  1.385110e+000  2.792986e+000  4.241104e+000  5.732653e+000  7.239432e+000  8.673314e+000  9.853812e+000  1.051561e+001  1.022148e+001  9.092132e+000  7.765406e+000  6.538545e+000  5.493970e+000  4.628874e+000  3.916542e+000  3.328180e+000  2.399347e+000  1.758318e+000  1.026808e+000  6.372891e-001  4.188903e-001  2.686499e-001  
-0.000000e+000  1.464380e+000  2.966306e+000  4.540590e+000  6.211788e+000  7.974124e+000  9.746584e+000  1.129643e+001  1.218328e+001  1.154773e+001  9.914024e+000  8.218671e+000  6.770316e+000  5.600165e+000  4.664281e+000  3.911615e+000  3.299983e+000  2.353507e+000  1.710293e+000  9.889168e-001  6.096621e-001  3.986690e-001  2.547282e-001  
-0.000000e+000  1.525216e+000  3.104096e+000  4.792458e+000  6.646048e+000  8.703471e+000  1.092824e+001  1.306270e+001  1.439332e+001  1.311980e+001  1.075210e+001  8.612322e+000  6.934668e+000  5.649578e+000  4.655310e+000  3.872564e+000  3.245510e+000  2.291834e+000  1.652462e+000  9.465960e-001  5.798698e-001  3.773364e-001  2.402475e-001  
-0.000000e+000  1.559735e+000  3.188194e+000  4.963291e+000  6.980302e+000  9.350552e+000  1.215352e+001  1.522142e+001  1.750876e+001  1.496136e+001  1.153552e+001  8.893695e+000  7.003600e+000  5.628359e+000  4.595027e+000  3.795793e+000  3.162878e+000  2.213734e+000  1.584679e+000  8.998800e-001  5.479628e-001  3.549334e-001  2.252339e-001  
-0.000000e+000  1.560569e+000  3.200426e+000  5.015576e+000  7.141471e+000  9.785566e+000  1.324864e+001  1.776110e+001  2.228302e+001  1.701979e+001  1.212811e+001  8.991870e+000  6.947161e+000  5.523989e+000  4.477892e+000  3.678689e+000  3.050837e+000  2.118892e+000  1.506930e+000  8.488468e-001  5.140082e-001  3.315068e-001  2.097161e-001  
-0.000000e+000  1.522552e+000  3.126778e+000  4.915654e+000  7.048876e+000  9.819598e+000  1.382993e+001  2.029528e+001  3.040134e+001  1.898904e+001  1.229195e+001  8.823607e+000  6.739205e+000  5.327840e+000  4.300758e+000  3.520007e+000  2.908918e+000  2.007304e+000  1.419337e+000  7.936186e-001  4.780891e-001  3.071097e-001  1.937245e-001  
-0.000000e+000  1.444519e+000  2.962677e+000  4.647096e+000  6.644183e+000  9.246950e+000  1.320999e+001  2.104807e+001  4.589189e+001  1.980516e+001  1.166609e+001  8.317248e+000  6.367095e+000  5.038125e+000  4.063744e+000  3.320143e+000  2.737516e+000  1.879293e+000  1.322169e+000  7.343627e-001  4.403048e-001  2.818007e-001  1.772918e-001  
-0.000000e+000  1.253948e+000  2.552606e+000  3.942877e+000  5.473160e+000  7.178975e+000  9.008986e+000  1.049058e+001  -0.000000e+000  1.023410e+001  8.663134e+000  6.900878e+000  5.492678e+000  4.410143e+000  3.574250e+000  2.921115e+000  2.404159e+000  1.639179e+000  1.144589e+000  6.290320e-001  3.742826e-001  2.381197e-001  1.491698e-001  
-0.000000e+000  8.668645e-001  1.732013e+000  2.580155e+000  3.360829e+000  3.946833e+000  4.053070e+000  3.092496e+000  -0.000000e+000  3.744480e+000  4.717212e+000  4.445428e+000  3.833855e+000  3.201982e+000  2.645344e+000  2.181060e+000  1.801356e+000  1.225154e+000  8.505830e-001  4.628764e-001  2.733832e-001  1.729126e-001  1.078684e-001  
-0.000000e+000  2.927785e-001  5.687321e-001  8.060149e-001  9.728674e-001  1.024017e+000  9.024279e-001  5.570472e-001  -0.000000e+000  8.040145e-001  1.306864e+000  1.449994e+000  1.389911e+000  1.241227e+000  1.068520e+000  9.027382e-001  7.561908e-001  5.173473e-001  3.578332e-001  1.924633e-001  1.125808e-001  7.065628e-002  4.383454e-002  
-0.000000e+000  -2.927785e-001  -5.687321e-001  -8.060149e-001  -9.728674e-001  -1.024017e+000  -9.024279e-001  -5.570472e-001  -0.000000e+000  -8.040145e-001  -1.306864e+000  -1.449994e+000  -1.389911e+000  -1.241227e+000  -1.068520e+000  -9.027382e-001  -7.561908e-001  -5.173473e-001  -3.578332e-001  -1.924633e-001  -1.125808e-001  -7.065628e-002  -4.383454e-002  
-0.000000e+000  -8.668645e-001  -1.732013e+000  -2.580155e+000  -3.360829e+000  -3.946833e+000  -4.053070e+000  -3.092496e+000  -0.000000e+000  -3.744480e+000  -4.717212e+000  -4.445428e+000  -3.833855e+000  -3.201982e+000  -2.645344e+000  -2.181060e+000  -1.801356e+000  -1.225154e+000  -8.505830e-001  -4.628764e-001  -2.733832e-001  -1.729126e-001  -1.078684e-001  
-0.000000e+000  -1.253948e+000  -2.552606e+000  -3.942877e+000  -5.473160e+000  -7.178975e+000  -9.008986e+000  -1.049058e+001  -0.000000e+000  -1.023410e+001  -8.663134e+000  -6.900878e+000  -5.492678e+000  -4.410143e+000  -3.574250e+000  -2.921115e+000  -2.404159e+000  -1.639179e+000  -1.144589e+000  -6.290320e-001  -3.742826e-001  -2.381197e-001  -1.491698e-001  
-0.000000e+000  -1.444520e+000  -2.962677e+000  -4.647096e+000  -6.644183e+000  -9.246950e+000  -1.320999e+001  -2.104807e+001  -4.589189e+001  -1.980516e+001  -1.166609e+001  -8.317248e+000  -6.367095e+000  -5.038125e+000  -4.063744e+000  -3.320143e+000  -2.737516e+000  -1.879293e+000  -1.322169e+000  -7.343627e-001  -4.403048e-001  -2.818007e-001  -1.772918e-001  
-0.000000e+000  -1.522552e+000  -3.126778e+000  -4.915654e+000  -7.048876e+000  -9.819598e+000  -1.382993e+001  -2.029528e+001  -3.040134e+001  -1.898904e+001  -1.229195e+001  -8.823607e+000  -6.739205e+000  -5.327840e+000  -4.300758e+000  -3.520007e+000  -2.908918e+000  -2.007304e+000  -1.419337e+000  -7.936186e-001  -4.780891e-001  -3.071097e-001  -1.937246e-001  
-0.000000e+000  -1.560569e+000  -3.200426e+000  -5.015576e+000  -7.141471e+000  -9.785566e+000  -1.324864e+001  -1.776110e+001  -2.228302e+001  -1.701979e+001  -1.212811e+001  -8.991870e+000  -6.947161e+000  -5.523989e+000  -4.477892e+000  -3.678689e+000  -3.050837e+000  -2.118892e+000  -1.506930e+000  -8.488468e-001  -5.140082e-001  -3.315068e-001  -2.097161e-001  
-0.000000e+000  -1.559735e+000  -3.188194e+000  -4.963291e+000  -6.980302e+000  -9.350552e+000  -1.215352e+001  -1.522142e+001  -1.750876e+001  -1.496136e+001  -1.153552e+001  -8.893695e+000  -7.003600e+000  -5.628359e+000  -4.595027e+000  -3.795793e+000  -3.162878e+000  -2.213734e+000  -1.584679e+000  -8.998800e-001  -5.479628e-001  -3.549334e-001  -2.252339e-001  
-0.000000e+000  -1.525216e+000  -3.104096e+000  -4.792458e+000  -6.646048e+000  -8.703471e+000  -1.092824e+001  -1.306270e+001  -1.439332e+001  -1.311980e+001  -1.075210e+001  -8.612322e+000  -6.934668e+000  -5.649578e+000  -4.655310e+000  -3.872564e+000  -3.245510e+000  -2.291834e+000  -1.652462e+000  -9.465960e-001  -5.798698e-001  -3.773364e-001  -2.402475e-001  
-0.000000e+000  -1.464380e+000  -2.966306e+000  -4.540590e+000  -6.211788e+000  -7.974124e+000  -9.746584e+000  -1.129643e+001  -1.218328e+001  -1.154773e+001  -9.914024e+000  -8.218671e+000  -6.770316e+000  -5.600165e+000  -4.664281e+000  -3.911615e+000  -3.299983e+000  -2.353507e+000  -1.710293e+000  -9.889168e-001  -6.096621e-001  -3.986690e-001  -2.547282e-001  
-0.000000e+000  -1.385111e+000  -2.792986e+000  -4.241104e+000  -5.732653e+000  -7.239432e+000  -8.673314e+000  -9.853812e+000  -1.051561e+001  -1.022148e+001  -9.092132e+000  -7.765406e+000  -6.538545e+000  -5.493970e+000  -4.628874e+000  -3.916542e+000  -3.328180e+000  -2.399347e+000  -1.758318e+000  -1.026808e+000  -6.372892e-001  -4.188903e-001  -2.686499e-001  
-0.000000e+000  -1.294640e+000  -2.599849e+000  -3.920169e+000  -5.245787e+000  -6.540033e+000  -7.723525e+000  -8.664370e+000  -9.201046e+000  -9.100981e+000  -8.319592e+000  -7.288522e+000  -6.262831e+000  -5.344403e+000  -4.556546e+000  -3.891523e+000  -3.332450e+000  -2.430179e+000  -1.796797e+000  -1.060274e+000  -6.627160e-001  -4.379657e-001  -2.819882e-001  
-0.000000e+000  -1.176620e+000  -2.352400e+000  -3.520961e+000  -4.663985e+000  -5.743929e+000  -6.698108e+000  -7.440765e+000  -7.884105e+000  -7.926258e+000  -7.443456e+000  -6.699790e+000  -5.891257e+000  -5.121230e+000  -4.430853e+000  -3.829185e+000  -3.311456e+000  -2.450934e+000  -1.832927e+000  -1.096143e+000  -6.913349e-001  -4.600411e-001  -2.976906e-001  
-0.000000e+000  -1.037040e+000  -2.065502e+000  -3.072744e+000  -4.038002e+000  -4.928922e+000  -5.700501e+000  -6.299734e+000  -6.679297e+000  -6.807815e+000  -6.540824e+000  -6.035477e+000  -5.430519e+000  -4.815098e+000  -4.235701e+000  -3.711740e+000  -3.248032e+000  -2.448521e+000  -1.857334e+000  -1.129584e+000  -7.205789e-001  -4.837056e-001  -3.150087e-001  
-0.000000e+000  -8.410371e-001  -1.668296e+000  -2.466150e+000  -3.215637e+000  -3.893868e+000  -4.475027e+000  -4.933676e+000  -5.250353e+000  -5.445098e+000  -5.377539e+000  -5.119853e+000  -4.749595e+000  -4.329131e+000  -3.900660e+000  -3.489266e+000  -3.108048e+000  -2.410112e+000  -1.868664e+000  -1.166505e+000  -7.573343e-001  -5.152583e-001  -3.388781e-001  
-0.000000e+000  -6.372948e-001  -1.261667e+000  -1.859750e+000  -2.417506e+000  -2.920446e+000  -3.354465e+000  -3.707330e+000  -3.970583e+000  -4.186015e+000  -4.232204e+000  -4.141061e+000  -3.951964e+000  -3.702123e+000  -3.421625e+000  -3.132324e+000  -2.848815e+000  -2.289749e+000  -1.827609e+000  -1.183403e+000  -7.879895e-001  -5.466999e-001  -3.648359e-001  
-0.000000e+000  -4.876346e-001  -9.650841e-001  -1.422185e+000  -1.848913e+000  -2.235679e+000  -2.573831e+000  -2.856335e+000  -3.078501e+000  -3.287513e+000  -3.380247e+000  -3.372585e+000  -3.286055e+000  -3.143199e+000  -2.964360e+000  -2.766123e+000  -2.561032e+000  -2.127305e+000  -1.745667e+000  -1.173027e+000  -8.018012e-001  -5.677310e-001  -3.847580e-001  
-0.000000e+000  -2.847379e-001  -5.643152e-001  -8.337064e-001  -1.088163e+000  -1.323369e+000  -1.535600e+000  -1.721879e+000  -1.880114e+000  -2.054553e+000  -2.172234e+000  -2.236825e+000  -2.254523e+000  -2.232971e+000  -2.180268e+000  -2.104207e+000  -2.011791e+000  -1.778077e+000  -1.538459e+000  -1.111885e+000  -7.997486e-001  -5.888356e-001  -4.110448e-001  
-0.000000e+000  -1.541819e-001  -3.061905e-001  -4.539123e-001  -5.953524e-001  -7.286899e-001  -8.523284e-001  -9.649387e-001  -1.065491e+000  -1.186135e+000  -1.281147e+000  -1.350870e+000  -1.396644e+000  -1.420570e+000  -1.425245e+000  -1.413523e+000  -1.388301e+000  -1.297865e+000  -1.182195e+000  -9.282585e-001  -7.125911e-001  -5.535101e-001  -4.041694e-001  
-0.000000e+000  -6.133132e-002  -1.220884e-001  -1.817089e-001  -2.396541e-001  -2.954196e-001  -3.485449e-001  -3.986218e-001  -4.453011e-001  -5.051156e-001  -5.573205e-001  -6.016234e-001  -6.379712e-001  -6.665233e-001  -6.876189e-001  -7.017385e-001  -7.094660e-001  -7.066475e-001  -6.843222e-001  -6.010381e-001  -5.073566e-001  -4.268492e-001  -3.347474e-001  
-0.000000e+000  -1.509313e-002  -3.008272e-002  -4.486681e-002  -5.934659e-002  -7.342787e-002  -8.702237e-002  -1.000490e-001  -1.124348e-001  -1.287687e-001  -1.436305e-001  -1.569205e-001  -1.685762e-001  -1.785721e-001  -1.869159e-001  -1.936458e-001  -1.988254e-001  -2.049990e-001  -2.055129e-001  -1.933456e-001  -1.736815e-001  -1.541752e-001  -1.276102e-001  
-0.000000e+000  -0.000000e+000  -0.000000e+000  -0.000000e+000  -0.000000e+000  -0.000000e+000  -0.000000e+000  -0.000000e+000  -0.000000e+000  -0.000000e+000  -0.000000e+000  -0.000000e+000  -0.000000e+000  -0.000000e+000  -0.000000e+000  -0.000000e+000  -0.000000e+000  -0.000000e+000  -0.000000e+000  -0.000000e+000  -0.000000e+000  -0.000000e+000  -0.000000e+000  

-1.392070e+000  -1.389387e+000  -1.384036e+000  -1.376049e+000  -1.365474e+000  -1.352372e+000  -1.336818e+000  -1.318901e+000  -1.296574e+000  -1.268678e+000  -1.237670e+000  -1.203879e+000  -1.167648e+000  -1.129324e+000  -1.089251e+000  -1.047769e+000  -9.807502e-001  -8.864925e-001  -7.447376e-001  -5.665978e-001  -4.060621e-001  -1.520830e-001  -0.000000e+000  
-1.626791e+000  -1.622655e+000  -1.614421e+000  -1.602164e+000  -1.585993e+000  -1.566051e+000  -1.542511e+000  -1.515572e+000  -1.481544e+000  -1.438792e+000  -1.391908e+000  -1.341593e+000  -1.288547e+000  -1.233448e+000  -1.176938e+000  -1.119612e+000  -1.028912e+000  -9.072554e-001  -7.329063e-001  -5.342213e-001  -3.706988e-001  -1.318512e-001  -0.000000e+000  
-2.447979e+000  -2.436802e+000  -2.414629e+000  -2.381817e+000  -2.338888e+000  -2.286515e+000  -2.225498e+000  -2.156743e+000  -2.068824e+000  -1.958832e+000  -1.842048e+000  -1.721241e+000  -1.598956e+000  -1.477429e+000  -1.358537e+000  -1.243778e+000  -1.071388e+000  -8.661478e-001  -6.062764e-001  -3.767289e-001  -2.307873e-001  -6.732784e-002  -0.000000e+000  
-3.394310e+000  -3.370624e+000  -3.323774e+000  -3.254791e+000  -3.165188e+000  -3.056916e+000  -2.932297e+000  -2.793943e+000  -2.617733e+000  -2.401383e+000  -2.179498e+000  -1.958937e+000  -1.745362e+000  -1.543064e+000  -1.354977e+000  -1.182816e+000  -9.379410e-001  -6.798852e-001  -3.916175e-001  -1.907949e-001  -9.258334e-002  -1.617491e-002  -0.000000e+000  
-5.105796e+000  -5.052561e+000  -4.947379e+000  -4.792860e+000  -4.592967e+000  -4.353019e+000  -4.079599e+000  -3.780336e+000  -3.402912e+000  -2.952447e+000  -2.511179e+000  -2.096287e+000  -1.719378e+000  -1.386645e+000  -1.099833e+000  -8.574924e-001  -5.405171e-001  -2.643200e-001  -1.664817e-002  8.497246e-002  9.399548e-002  4.544128e-002  -0.000000e+000  
-6.139287e+000  -6.065225e+000  -5.918431e+000  -5.701792e+000  -5.420145e+000  -5.080713e+000  -4.693377e+000  -4.270548e+000  -3.739881e+000  -3.118379e+000  -2.529106e+000  -1.997489e+000  -1.536655e+000  -1.149632e+000  -8.327343e-001  -5.786500e-001  -2.637777e-001  -1.981742e-002  1.670934e-001  2.039397e-001  1.688679e-001  6.829719e-002  -0.000000e+000  
-7.481689e+000  -7.381243e+000  -7.180759e+000  -6.881738e+000  -6.488074e+000  -6.007749e+000  -5.454449e+000  -4.848293e+000  -4.089300e+000  -3.219327e+000  -2.427917e+000  -1.751407e+000  -1.199839e+000  -7.659284e-001  -4.340532e-001  -1.863688e-001  9.750459e-002  2.791370e-001  3.752223e-001  3.313044e-001  2.463611e-001  9.107885e-002  -0.000000e+000  
-9.243412e+000  -9.114907e+000  -8.854503e+000  -8.456852e+000  -7.917763e+000  -7.239184e+000  -6.435527e+000  -5.539112e+000  -4.412037e+000  -3.157750e+000  -2.086883e+000  -1.243685e+000  -6.162120e-001  -1.679281e-001  1.416336e-001  3.477245e-001  5.528060e-001  6.320132e-001  6.033323e-001  4.636615e-001  3.243743e-001  1.132282e-001  -0.000000e+000  
-1.032550e+001  -1.018834e+001  -9.906450e+000  -9.466157e+000  -8.851368e+000  -8.051039e+000  -7.071349e+000  -5.950403e+000  -4.526660e+000  -2.983132e+000  -1.737191e+000  -8.197901e-001  -1.830149e-001  2.406357e-001  5.112931e-001  6.748182e-001  8.149994e-001  8.255024e-001  7.219398e-001  5.299872e-001  3.626245e-001  1.238371e-001  -0.000000e+000  
-1.155072e+001  -1.141287e+001  -1.112392e+001  -1.065795e+001  -9.979139e+000  -9.050646e+000  -7.854960e+000  -6.428043e+000  -4.579491e+000  -2.652440e+000  -1.214824e+000  -2.482485e-001  3.624179e-001  7.298563e-001  9.375124e-001  1.041312e+000  1.098015e+000  1.028261e+000  8.422537e-001  5.957362e-001  4.000228e-001  1.340568e-001  -0.000000e+000  
-1.246868e+001  -1.233836e+001  -1.206025e+001  -1.159839e+001  -1.089818e+001  -9.892906e+000  -8.528307e+000  -6.819587e+000  -4.545636e+000  -2.279411e+000  -7.164472e-001  2.490091e-001  8.079084e-001  1.111851e+000  1.259675e+000  1.311861e+000  1.300793e+000  1.170220e+000  9.243904e-001  6.398227e-001  4.248295e-001  1.407576e-001  -0.000000e+000  
-1.344976e+001  -1.333550e+001  -1.308584e+001  -1.265481e+001  -1.196588e+001  -1.091039e+001  -9.369518e+000  -7.299072e+000  -4.416133e+000  -1.734334e+000  -7.176042e-002  8.458996e-001  1.315951e+000  1.532217e+000  1.605407e+000  1.597061e+000  1.509840e+000  1.314075e+000  1.006055e+000  6.830563e-001  4.489533e-001  1.472155e-001  -0.000000e+000  
-1.448605e+001  -1.439821e+001  -1.419948e+001  -1.383673e+001  -1.321223e+001  -1.216471e+001  -1.046924e+001  -7.936379e+000  -4.118024e+000  -9.397385e-001  7.554209e-001  1.552546e+000  1.886315e+000  1.987804e+000  1.971289e+000  1.893965e+000  1.723122e+000  1.458582e+000  1.086667e+000  7.251854e-001  4.722755e-001  1.534060e-001  -0.000000e+000  
-1.556457e+001  -1.551444e+001  -1.539263e+001  -1.514598e+001  -1.466478e+001  -1.373531e+001  -1.197793e+001  -8.884433e+000  -3.504484e+000  2.181172e-001  1.802701e+000  2.372883e+000  2.513793e+000  2.472519e+000  2.352286e+000  2.198716e+000  1.938258e+000  1.602368e+000  1.165614e+000  7.659536e-001  4.946771e-001  1.593047e-001  -0.000000e+000  
-1.666685e+001  -1.666496e+001  -1.664607e+001  -1.656918e+001  -1.633583e+001  -1.571008e+001  -1.413944e+001  -1.050190e+001  -2.260699e+000  1.899807e+000  3.098706e+000  3.298650e+000  3.186181e+000  2.976848e+000  2.741708e+000  2.506614e+000  2.152565e+000  1.743956e+000  1.242266e+000  8.051026e-001  5.160402e-001  1.648880e-001  -0.000000e+000  
-1.776923e+001  -1.782297e+001  -1.792705e+001  -1.806807e+001  -1.819797e+001  -1.814614e+001  -1.731100e+001  -1.368230e+001  3.272043e-001  4.307291e+000  4.639791e+000  4.301319e+000  3.882649e+000  3.487827e+000  3.131418e+000  2.812284e+000  2.363150e+000  1.881800e+000  1.315979e+000  8.423751e-001  5.362492e-001  1.701331e-001  -0.000000e+000  
-1.884444e+001  -1.895549e+001  -1.918907e+001  -1.957150e+001  -2.014809e+001  -2.096437e+001  -2.184781e+001  -2.076777e+001  5.958844e+000  7.608899e+000  6.345770e+000  5.324107e+000  4.573699e+000  3.989776e+000  3.512339e+000  3.109965e+000  2.567007e+000  2.014325e+000  1.386111e+000  8.775182e-001  5.551916e-001  1.750181e-001  -0.000000e+000  
-1.986443e+001  -2.002715e+001  -2.037736e+001  -2.097902e+001  -2.198000e+001  -2.374871e+001  -2.734374e+001  -3.638198e+001  2.320296e+001  1.162506e+001  7.993285e+000  6.281020e+000  5.224460e+000  4.466072e+000  3.875253e+000  3.393897e+000  2.761151e+000  2.139968e+000  1.452030e+000  9.102864e-001  5.727598e-001  1.795222e-001  -0.000000e+000  
-2.193641e+001  -2.217266e+001  -2.267354e+001  -2.350547e+001  -2.479531e+001  -2.676940e+001  -2.979700e+001  -3.431736e+001  1.902279e+001  1.342022e+001  1.001414e+001  7.895109e+000  6.464003e+000  5.422082e+000  4.621329e+000  3.983673e+000  3.166364e+000  2.401179e+000  1.587437e+000  9.767673e-001  6.081000e-001  1.884978e-001  -0.000000e+000  
-2.336988e+001  -2.360357e+001  -2.407713e+001  -2.479943e+001  -2.577172e+001  -2.696191e+001  -2.824502e+001  -2.927770e+001  1.396899e+001  1.227679e+001  1.031441e+001  8.591070e+000  7.185323e+000  6.057813e+000  5.151377e+000  4.416821e+000  3.471695e+000  2.599130e+000  1.689343e+000  1.026256e+000  6.341941e-001  1.950646e-001  -0.000000e+000  
-2.434059e+001  -2.451939e+001  -2.486673e+001  -2.535901e+001  -2.595321e+001  -2.657869e+001  -2.712993e+001  -2.747021e+001  1.179325e+001  1.109931e+001  9.971470e+000  8.720260e+000  7.521095e+000  6.450436e+000  5.528993e+000  4.750761e+000  3.724807e+000  2.767818e+000  1.776354e+000  1.068020e+000  6.559901e-001  2.004842e-001  -0.000000e+000  
-2.336988e+001  -2.360357e+001  -2.407713e+001  -2.479943e+001  -2.577172e+001  -2.696191e+001  -2.824502e+001  -2.927770e+001  1.396899e+001  1.227679e+001  1.031441e+001  8.591070e+000  7.185323e+000  6.057813e+000  5.151377e+000  4.416821e+000  3.471695e+000  2.599130e+000  1.689343e+000  1.026256e+000  6.341941e-001  1.950646e-001  -0.000000e+000  
-2.193641e+001  -2.217266e+001  -2.267354e+001  -2.350547e+001  -2.479531e+001  -2.676940e+001  -2.979700e+001  -3.431736e+001  1.902279e+001  1.342022e+001  1.001414e+001  7.895109e+000  6.464003e+000  5.422082e+000  4.621329e+000  3.983673e+000  3.166364e+000  2.401179e+000  1.587437e+000  9.767673e-001  6.081000e-001  1.884978e-001  -0.000000e+000  
-1.986443e+001  -2.002715e+001  -2.037736e+001  -2.097902e+001  -2.198000e+001  -2.374871e+001  -2.734374e+001  -3.638198e+001  2.320296e+001  1.162506e+001  7.993285e+000  6.281020e+000  5.224460e+000  4.466072e+000  3.875253e+000  3.393897e+000  2.761151e+000  2.139968e+000  1.452030e+000  9.102864e-001  5.727598e-001  1.795222e-001  -0.000000e+000  
-1.884444e+001  -1.895549e+001  -1.918907e+001  -1.957150e+001  -2.014809e+001  -2.096437e+001  -2.184781e+001  -2.076777e+001  5.958844e+000  7.608899e+000  6.345770e+000  5.324107e+000  4.573699e+000  3.989776e+000  3.512339e+000  3.109965e+000  2.567007e+000  2.014325e+000  1.386111e+000  8.775182e-001  5.551916e-001  1.750181e-001  -0.000000e+000  
-1.776923e+001  -1.782297e+001  -1.792705e+001  -1.806807e+001  -1.819797e+001  -1.814614e+001  -1.731100e+001  -1.368230e+001  3.272043e-001  4.307291e+000  4.639791e+000  4.301319e+000  3.882649e+000  3.487827e+000  3.131418e+000  2.812284e+000  2.363150e+000  1.881800e+000  1.315979e+000  8.423751e-001  5.362492e-001  1.701331e-001  -0.000000e+000  
-1.666685e+001  -1.666496e+001  -1.664607e+001  -1.656918e+001  -1.633583e+001  -1.571008e+001  -1.413944e+001  -1.050190e+001  -2.260699e+000  1.899807e+000  3.098706e+000  3.298650e+000  3.186181e+000  2.976848e+000  2.741708e+000  2.506614e+000  2.152565e+000  1.743956e+000  1.242266e+000  8.051026e-001  5.160402e-001  1.648880e-001  -0.000000e+000  
-1.556457e+001  -1.551444e+001  -1.539263e+001  -1.514598e+001  -1.466478e+001  -1.373531e+001  -1.197793e+001  -8.884433e+000  -3.504484e+000  2.181172e-001  1.802701e+000  2.372883e+000  2.513793e+000  2.472519e+000  2.352286e+000  2.198716e+000  1.938258e+000  1.602368e+000  1.165614e+000  7.659536e-001  4.946771e-001  1.593047e-001  -0.000000e+000  
-1.448605e+001  -1.439821e+001  -1.419948e+001  -1.383673e+001  -1.321223e+001  -1.216471e+001  -1.046924e+001  -7.936379e+000  -4.118024e+000  -9.397385e-001  7.554209e-001  1.552546e+000  1.886315e+000  1.987804e+000  1.971289e+000  1.893965e+000  1.723122e+000  1.458582e+000  1.086667e+000  7.251854e-001  4.722755e-001  1.534060e-001  -0.000000e+000  
-1.344976e+001  -1.333550e+001  -1.308584e+001  -1.265481e+001  -1.196588e+001  -1.091039e+001  -9.369518e+000  -7.299072e+000  -4.416133e+000  -1.734334e+000  -7.176043e-002  8.458996e-001  1.315951e+000  1.532217e+000  1.605406e+000  1.597061e+000  1.509840e+000  1.314075e+000  1.006055e+000  6.830563e-001  4.489533e-001  1.472155e-001  -0.000000e+000  
-1.246868e+001  -1.233836e+001  -1.206025e+001  -1.159839e+001  -1.089818e+001  -9.892906e+000  -8.528307e+000  -6.819587e+000  -4.545636e+000  -2.279411e+000  -7.164472e-001  2.490091e-001  8.079084e-001  1.111851e+000  1.259675e+000  1.311861e+000  1.300793e+000  1.170220e+000  9.243904e-001  6.398227e-001  4.248295e-001  1.407576e-001  -0.000000e+000  
-1.155072e+001  -1.141287e+001  -1.112392e+001  -1.065795e+001  -9.979139e+000  -9.050646e+000  -7.854960e+000  -6.428043e+000  -4.579491e+000  -2.652440e+000  -1.214824e+000  -2.482485e-001  3.624179e-001  7.298563e-001  9.375124e-001  1.041312e+000  1.098015e+000  1.028261e+000  8.422537e-001  5.957362e-001  4.000228e-001  1.340568e-001  -0.000000e+000  
-1.032550e+001  -1.018834e+001  -9.906450e+000  -9.466157e+000  -8.851368e+000  -8.051039e+000  -7.071349e+000  -5.950403e+000  -4.526660e+000  -2.983132e+000  -1.737191e+000  -8.197901e-001  -1.830149e-001  2.406357e-001  5.112931e-001  6.748182e-001  8.149994e-001  8.255024e-001  7.219398e-001  5.299872e-001  3.626245e-001  1.238371e-001  -0.000000e+000  
-9.243412e+000  -9.114907e+000  -8.854503e+000  -8.456852e+000  -7.917763e+000  -7.239184e+000  -6.435527e+000  -5.539112e+000  -4.412037e+000  -3.157750e+000  -2.086883e+000  -1.243685e+000  -6.162120e-001  -1.679281e-001  1.416336e-001  3.477245e-001  5.528060e-001  6.320132e-001  6.033323e-001  4.636615e-001  3.243743e-001  1.132282e-001  -0.000000e+000  
-7.481689e+000  -7.381243e+000  -7.180759e+000  -6.881738e+000  -6.488074e+000  -6.007749e+000  -5.454449e+000  -4.848293e+000  -4.089300e+000  -3.219327e+000  -2.427917e+000  -1.751407e+000  -1.199839e+000  -7.659284e-001  -4.340532e-001  -1.863688e-001  9.750459e-002  2.791370e-001  3.752223e-001  3.313044e-001  2.463611e-001  9.107885e-002  -0.000000e+000  
-6.139287e+000  -6.065225e+000  -5.918431e+000  -5.701792e+000  -5.420145e+000  -5.080713e+000  -4.693377e+000  -4.270548e+000  -3.739881e+000  -3.118379e+000  -2.529106e+000  -1.997489e+000  -1.536655e+000  -1.149632e+000  -8.327343e-001  -5.786500e-001  -2.637777e-001  -1.981742e-002  1.670934e-001  2.039397e-001  1.688679e-001  6.829719e-002  -0.000000e+000  
-5.105796e+000  -5.052561e+000  -4.947379e+000  -4.792860e+000  -4.592967e+000  -4.353019e+000  -4.079599e+000  -3.780336e+000  -3.402912e+000  -2.952447e+000  -2.511179e+000  -2.096287e+000  -1.719378e+000  -1.386645e+000  -1.099833e+000  -8.574924e-001  -5.405171e-001  -2.643200e-001  -1.664817e-002  8.497246e-002  9.399548e-002  4.544128e-002  -0.000000e+000  
-3.394310e+000  -3.370624e+000  -3.323774e+000  -3.254791e+000  -3.165188e+000  -3.056916e+000  -2.932297e+000  -2.793943e+000  -2.617733e+000  -2.401383e+000  -2.179498e+000  -1.958937e+000  -1.745362e+000  -1.543064e+000  -1.354977e+000  -1.182816e+000  -9.379410e-001  -6.798852e-001  -3.916175e-001  -1.907949e-001  -9.258334e-002  -1.617491e-002  -0.000000e+000  
-2.447979e+000  -2.436802e+000  -2.414629e+000  -2.381817e+000  -2.338888e+000  -2.286515e+000  -2.225498e+000  -2.156743e+000  -2.068824e+000  -1.958832e+000  -1.842048e+000  -1.721241e+000  -1.598956e+000  -1.477429e+000  -1.358537e+000  -1.243778e+000  -1.071388e+000  -8.661478e-001  -6.062764e-001  -3.767289e-001  -2.307873e-001  -6.732784e-002  -0.000000e+000  
-1.626791e+000  -1.622655e+000  -1.614421e+000  -1.602164e+000  -1.585993e+000  -1.566051e+000  -1.542511e+000  -1.515572e+000  -1.481544e+000  -1.438792e+000  -1.391908e+000  -1.341593e+000  -1.288547e+000  -1.233448e+000  -1.176938e+000  -1.119612e+000  -1.028912e+000  -9.072554e-001  -7.329063e-001  -5.342213e-001  -3.706988e-001  -1.318512e-001  -0.000000e+000  
-1.392070e+000  -1.389387e+000  -1.384036e+000  -1.376049e+000  -1.365474e+000  -1.352372e+000  -1.336818e+000  -1.318901e+000  -1.296574e+000  -1.268678e+000  -1.237670e+000  -1.203879e+000  -1.167648e+000  -1.129324e+000  -1.089251e+000  -1.047769e+000  -9.807502e-001  -8.864925e-001  -7.447376e-001  -5.665978e-001  -4.060621e-001  -1.520830e-001  -0.000000e+000  

0.000000e+000  0.000000e+000  0.000000e+000  0.000000e+000  0.000000e+000  0.000000e+000  0.000000e+000  0.000000e+000  0.000000e+000  0.000000e+000  0.000000e+000  0.000000e+000  0.000000e+000  0.000000e+000  0.000000e+000  0.000000e+000  0.000000e+000  0.000000e+000  0.000000e+000  0.000000e+000  0.000000e+000  0.000000e+000  0.000000e+000  
0.000000e+000  0.000000e+000  0.000000e+000  0.000000e+000  0.000000e+000  0.000000e+000  0.000000e+000  0.000000e+000  0.000000e+000  0.000000e+000  0.000000e+000  0.000000e+000  0.000000e+000  0.000000e+000  0.000000e+000  0.000000e+000  0.000000e+000  0.000000e+000  0.000000e+000  0.000000e+000  0.000000e+000  0.000000e+000  0.000000e+000  
0.000000e+000  0.000000e+000  0.000000e+000  0.000000e+000  0.000000e+000  0.000000e+000  0.000000e+000  0.000000e+000  0.000000e+000  0.000000e+000  0.000000e+000  0.000000e+000  0.000000e+000  0.000000e+000  0.000000e+000  0.000000e+000  0.000000e+000  0.000000e+000  0.000000e+000  0.000000e+000  0.000000e+000  0.000000e+000  0.000000e+000  
0.000000e+000  0.000000e+000  0.000000e+000  0.000000e+000  0.000000e+000  0.000000e+000  0.000000e+000  0.000000e+000  0.000000e+000  0.000000e+000  0.000000e+000  0.000000e+000  0.000000e+000  0.000000e+000  0.000000e+000  0.000000e+000  0.000000e+000  0.000000e+000  0.000000e+000  0.000000e+000  0.000000e+000  0.000000e+000  0.000000e+000  
0.000000e+000  0.000000e+000  0.000000e+000  0.000000e+000  0.000000e+000  0.000000e+000  0.000000e+000  0.000000e+000  0.000000e+000  0.000000e+000  0.000000e+000  0.000000e+000  0.000000e+000  0.000000e+000  0.000000e+000  0.000000e+000  0.000000e+000  0.000000e+000  0.000000e+000  0.000000e+000  0.000000e+000  0.000000e+000  0.000000e+000  
0.000000e+000  0.000000e+000  0.000000e+000  0.000000e+000  0.000000e+000  0.000000e+000  0.000000e+000  0.000000e+000  0.000000e+000  0.000000e+000  0.000000e+000  0.000000e+000  0.000000e+000  0.000000e+000  0.000000e+000  0.000000e+000  0.000000e+000  0.000000e+000  0.000000e+000  0.000000e+000  0.000000e+000  0.000000e+000  0.000000e+000  
0.000000e+000  0.000000e+000  0.000000e+000  0.000000e+000  0.000000e+000  0.000000e+000  0.000000e+000  0.000000e+000  0.000000e+000  0.000000e+000  0.000000e+000  0.000000e+000  0.000000e+000  0.000000e+000  0.000000e+000  0.000000e+000  0.000000e+000  0.000000e+000  0.000000e+000  0.000000e+000  0.000000e+000  0.000000e+000  0.000000e+000  
0.000000e+000  0.000000e+000  0.000000e+000  0.000000e+000  0.000000e+000  0.000000e+000  0.000000e+000  0.000000e+000  0.000000e+000  0.000000e+000  0.000000e+000  0.000000e+000  0.000000e+000  0.000000e+000  0.000000e+000  0.000000e+000  0.000000e+000  0.000000e+000  0.000000e+000  0.000000e+000  0.000000e+000  0.000000e+000  0.000000e+000  
0.000000e+000  0.000000e+000  0.000000e+000  0.000000e+000  0.000000e+000  0.000000e+000  0.000000e+000  0.000000e+000  0.000000e+000  0.000000e+000  0.000000e+000  0.000000e+000  0.000000e+000  0.000000e+000  0.000000e+000  0.000000e+000  0.000000e+000  0.000000e+000  0.000000e+000  0.000000e+000  0.000000e+000  0.000000e+000  0.000000e+000  
0.000000e+000  0.000000e+000  0.000000e+000  0.000000e+000  0.000000e+000  0.000000e+000  0.000000e+000  0.000000e+000  0.000000e+000  0.000000e+000  0.000000e+000  0.000000e+000  0.000000e+000  0.000000e+000  0.000000e+000  0.000000e+000  0.000000e+000  0.000000e+000  0.000000e+000  0.000000e+000  0.000000e+000  0.000000e+000  0.000000e+000  
0.000000e+000  0.000000e+000  0.000000e+000  0.000000e+000  0.000000e+000  0.000000e+000  0.000000e+000  0.000000e+000  0.000000e+000  0.000000e+000  0.000000e+000  0.000000e+000  0.000000e+000  0.000000e+000  0.000000e+000  0.000000e+000  0.000000e+000  0.000000e+000  0.000000e+000  0.000000e+000  0.000000e+000  0.000000e+000  0.000000e+000  
0.000000e+000  0.000000e+000  0.000000e+000  0.000000e+000  0.000000e+000  0.000000e+000  0.000000e+000  0.000000e+000  0.000000e+000  0.000000e+000  0.000000e+000  0.000000e+000  0.000000e+000  0.000000e+000  0.000000e+000  0.000000e+000  0.000000e+000  0.000000e+000  0.000000e+000  0.000000e+000  0.000000e+000  0.000000e+000  0.000000e+000  
0.000000e+000  0.000000e+000  0.000000e+000  0.000000e+000  0.000000e+000  0.000000e+000  0.000000e+000  0.000000e+000  0.000000e+000  0.000000e+000  0.000000e+000  0.000000e+000  0.000000e+000  0.000000e+000  0.000000e+000  0.000000e+000  0.000000e+000  0.000000e+000  0.000000e+000  0.000000e+000  0.000000e+000  0.000000e+000  0.000000e+000  
0.000000e+000  0.000000e+000  0.000000e+000  0.000000e+000  0.000000e+000  0.000000e+000  0.000000e+000  0.000000e+000  0.000000e+000  0.000000e+000  0.000000e+000  0.000000e+000  0.000000e+000  0.000000e+000  0.000000e+000  0.000000e+000  0.000000e+000  0.000000e+000  0.000000e+000  0.000000e+000  0.000000e+000  0.000000e+000  0.000000e+000  
0.000000e+000  0.000000e+000  0.000000e+000  0.000000e+000  0.000000e+000  0.000000e+000  0.000000e+000  0.000000e+000  0.000000e+000  0.000000e+000  0.000000e+000  0.000000e+000  0.000000e+000  0.000000e+000  0.000000e+000  0.000000e+000  0.000000e+000  0.000000e+000  0.000000e+000  0.000000e+000  0.000000e+000  0.000000e+000  0.000000e+000  
0.000000e+000  0.000000e+000  0.000000e+000  0.000000e+000  0.000000e+000  0.000000e+000  0.000000e+000  0.000000e+000  0.000000e+000  0.000000e+000  0.000000e+000  0.000000e+000  0.000000e+000  0.000000e+000  0.000000e+000  0.000000e+000  0.000000e+000  0.000000e+000  0.000000e+000  0.000000e+000  0.000000e+000  0.000000e+000  0.000000e+000  
0.000000e+000  0.000000e+000  0.000000e+000  0.000000e+000  0.000000e+000  0.000000e+000  0.000000e+000  0.000000e+000  0.000000e+000  0.000000e+000  0.000000e+000  0.000000e+000  0.000000e+000  0.000000e+000  0.000000e+000  0.000000e+000  0.000000e+000  0.000000e+000  0.000000e+000  0.000000e+000  0.000000e+000  0.000000e+000  0.000000e+000  
0.000000e+000  0.000000e+000  0.000000e+000  0.000000e+000  0.000000e+000  0.000000e+000  0.000000e+000  0.000000e+000  0.000000e+000  0.000000e+000  0.000000e+000  0.000000e+000  0.000000e+000  0.000000e+000  0.000000e+000  0.000000e+000  0.000000e+000  0.000000e+000  0.000000e+000  0.000000e+000  0.000000e+000  0.000000e+000  0.000000e+000  
0.000000e+000  0.000000e+000  0.000000e+000  0.000000e+000  0.000000e+000  0.000000e+000  0.000000e+000  0.000000e+000  0.000000e+000  0.000000e+000  0.000000e+000  0.000000e+000  0.000000e+000  0.000000e+000  0.000000e+000  0.000000e+000  0.000000e+000  0.000000e+000  0.000000e+000  0.000000e+000  0.000000e+000  0.000000e+000  0.000000e+000  
0.000000e+000  0.000000e+000  0.000000e+000  0.000000e+000  0.000000e+000  0.000000e+000  0.000000e+000  0.000000e+000  0.000000e+000  0.000000e+000  0.000000e+000  0.000000e+000  0.000000e+000  0.000000e+000  0.000000e+000  0.000000e+000  0.000000e+000  0.000000e+000  0.000000e+000  0.000000e+000  0.000000e+000  0.000000e+000  0.000000e+000  
0.000000e+000  0.000000e+000  0.000000e+000  0.000000e+000  0.000000e+000  0.000000e+000  0.000000e+000  0.000000e+000  0.000000e+000  0.000000e+000  0.000000e+000  0.000000e+000  0.000000e+000  0.000000e+000  0.000000e+000  0.000000e+000  0.000000e+000  0.000000e+000  0.000000e+000  0.000000e+000  0.000000e+000  0.000000e+000  0.000000e+000  
0.000000e+000  0.000000e+000  0.000000e+000  0.000000e+000  0.000000e+000  0.000000e+000  0.000000e+000  0.000000e+000  0.000000e+000  0.000000e+000  0.000000e+000  0.000000e+000  0.000000e+000  0.000000e+000  0.000000e+000  0.000000e+000  0.000000e+000  0.000000e+000  0.000000e+000  0.000000e+000  0.000000e+000  0.000000e+000  0.000000e+000  
0.000000e+000  0.000000e+000  0.000000e+000  0.000000e+000  0.000000e+000  0.000000e+000  0.000000e+000  0.000000e+000  0.000000e+000  0.000000e+000  0.000000e+000  0.000000e+000  0.000000e+000  0.000000e+000  0.000000e+000  0.000000e+000  0.000000e+000  0.000000e+000  0.000000e+000  0.000000e+000  0.000000e+000  0.000000e+000  0.000000e+000  
0.000000e+000  0.000000e+000  0.000000e+000  0.000000e+000  0.000000e+000  0.000000e+000  0.000000e+000  0.000000e+000  0.000000e+000  0.000000e+000  0.000000e+000  0.000000e+000  0.000000e+000  0.000000e+000  0.000000e+000  0.000000e+000  0.000000e+000  0.000000e+000  0.000000e+000  0.000000e+000  0.000000e+000  0.000000e+000  0.000000e+000  
0.000000e+000  0.000000e+000  0.000000e+000  0.000000e+000  0.000000e+000  0.000000e+000  0.000000e+000  0.000000e+000  0.000000e+000  0.000000e+000  0.000000e+000  0.000000e+000  0.000000e+000  0.000000e+000  0.000000e+000  0.000000e+000  0.000000e+000  0.000000e+000  0.000000e+000  0.000000e+000  0.000000e+000  0.000000e+000  0.000000e+000  
0.000000e+000  0.000000e+000  0.000000e+000  0.000000e+000  0.000000e+000  0.000000e+000  0.000000e+000  0.000000e+000  0.000000e+000  0.000000e+000  0.000000e+000  0.000000e+000  0.000000e+000  0.000000e+000  0.000000e+000  0.000000e+000  0.000000e+000  0.000000e+000  0.000000e+000  0.000000e+000  0.000000e+000  0.000000e+000  0.000000e+000  
0.000000e+000  0.000000e+000  0.000000e+000  0.000000e+000  0.000000e+000  0.000000e+000  0.000000e+000  0.000000e+000  0.000000e+000  0.000000e+000  0.000000e+000  0.000000e+000  0.000000e+000  0.000000e+000  0.000000e+000  0.000000e+000  0.000000e+000  0.000000e+000  0.000000e+000  0.000000e+000  0.000000e+000  0.000000e+000  0.000000e+000  
0.000000e+000  0.000000e+000  0.000000e+000  0.000000e+000  0.000000e+000  0.000000e+000  0.000000e+000  0.000000e+000  0.000000e+000  0.000000e+000  0.000000e+000  0.000000e+000  0.000000e+000  0.000000e+000  0.000000e+000  0.000000e+000  0.000000e+000  0.000000e+000  0.000000e+000  0.000000e+000  0.000000e+000  0.000000e+000  0.000000e+000  
0.000000e+000  0.000000e+000  0.000000e+000  0.000000e+000  0.000000e+000  0.000000e+000  0.000000e+000  0.000000e+000  0.000000e+000  0.000000e+000  0.000000e+000  0.000000e+000  0.000000e+000  0.000000e+000  0.000000e+000  0.000000e+000  0.000000e+000  0.000000e+000  0.000000e+000  0.000000e+000  0.000000e+000  0.000000e+000  0.000000e+000  
0.000000e+000  0.000000e+000  0.000000e+000  0.000000e+000  0.000000e+000  0.000000e+000  0.000000e+000  0.000000e+000  0.000000e+000  0.000000e+000  0.000000e+000  0.000000e+000  0.000000e+000  0.000000e+000  0.000000e+000  0.000000e+000  0.000000e+000  0.000000e+000  0.000000e+000  0.000000e+000  0.000000e+000  0.000000e+000  0.000000e+000  
0.000000e+000  0.000000e+000  0.000000e+000  0.000000e+000  0.000000e+000  0.000000e+000  0.000000e+000  0.000000e+000  0.000000e+000  0.000000e+000  0.000000e+000  0.000000e+000  0.000000e+000  0.000000e+000  0.000000e+000  0.000000e+000  0.000000e+000  0.000000e+000  0.000000e+000  0.000000e+000  0.000000e+000  0.000000e+000  0.000000e+000  
0.000000e+000  0.000000e+000  0.000000e+000  0.000000e+000  0.000000e+000  0.000000e+000  0.000000e+000  0.000000e+000  0.000000e+000  0.000000e+000  0.000000e+000  0.000000e+000  0.000000e+000  0.000000e+000  0.000000e+000  0.000000e+000  0.000000e+000  0.000000e+000  0.000000e+000  0.000000e+000  0.000000e+000  0.000000e+000  0.000000e+000  
0.000000e+000  0.000000e+000  0.000000e+000  0.000000e+000  0.000000e+000  0.000000e+000  0.000000e+000  0.000000e+000  0.000000e+000  0.000000e+000  0.000000e+000  0.000000e+000  0.000000e+000  0.000000e+000  0.000000e+000  0.000000e+000  0.000000e+000  0.000000e+000  0.000000e+000  0.000000e+000  0.000000e+000  0.000000e+000  0.000000e+000  
0.000000e+000  0.000000e+000  0.000000e+000  0.000000e+000  0.000000e+000  0.000000e+000  0.000000e+000  0.000000e+000  0.000000e+000  0.000000e+000  0.000000e+000  0.000000e+000  0.000000e+000  0.000000e+000  0.000000e+000  0.000000e+000  0.000000e+000  0.000000e+000  0.000000e+000  0.000000e+000  0.000000e+000  0.000000e+000  0.000000e+000  
0.000000e+000  0.000000e+000  0.000000e+000  0.000000e+000  0.000000e+000  0.000000e+000  0.000000e+000  0.000000e+000  0.000000e+000  0.000000e+000  0.000000e+000  0.000000e+000  0.000000e+000  0.000000e+000  0.000000e+000  0.000000e+000  0.000000e+000  0.000000e+000  0.000000e+000  0.000000e+000  0.000000e+000  0.000000e+000  0.000000e+000  
0.000000e+000  0.000000e+000  0.000000e+000  0.000000e+000  0.000000e+000  0.000000e+000  0.000000e+000  0.000000e+000  0.000000e+000  0.000000e+000  0.000000e+000  0.000000e+000  0.000000e+000  0.000000e+000  0.000000e+000  0.000000e+000  0.000000e+000  0.000000e+000  0.000000e+000  0.000000e+000  0.000000e+000  0.000000e+000  0.000000e+000  
0.000000e+000  0.000000e+000  0.000000e+000  0.000000e+000  0.000000e+000  0.000000e+000  0.000000e+000  0.000000e+000  0.000000e+000  0.000000e+000  0.000000e+000  0.000000e+000  0.000000e+000  0.000000e+000  0.000000e+000  0.000000e+000  0.000000e+000  0.000000e+000  0.000000e+000  0.000000e+000  0.000000e+000  0.000000e+000  0.000000e+000  
0.000000e+000  0.000000e+000  0.000000e+000  0.000000e+000  0.000000e+000  0.000000e+000  0.000000e+000  0.000000e+000  0.000000e+000  0.000000e+000  0.000000e+000  0.000000e+000  0.000000e+000  0.000000e+000  0.000000e+000  0.000000e+000  0.000000e+000  0.000000e+000  0.000000e+000  0.000000e+000  0.000000e+000  0.000000e+000  0.000000e+000  
0.000000e+000  0.000000e+000  0.000000e+000  0.000000e+000  0.000000e+000  0.000000e+000  0.000000e+000  0.000000e+000  0.000000e+000  0.000000e+000  0.000000e+000  0.000000e+000  0.000000e+000  0.000000e+000  0.000000e+000  0.000000e+000  0.000000e+000  0.000000e+000  0.000000e+000  0.000000e+000  0.000000e+000  0.000000e+000  0.000000e+000  
0.000000e+000  0.000000e+000  0.000000e+000  0.000000e+000  0.000000e+000  0.000000e+000  0.000000e+000  0.000000e+000  0.000000e+000  0.000000e+000  0.000000e+000  0.000000e+000  0.000000e+000  0.000000e+000  0.000000e+000  0.000000e+000  0.000000e+000  0.000000e+000  0.000000e+000  0.000000e+000  0.000000e+000  0.000000e+000  0.000000e+000  
0.000000e+000  0.000000e+000  0.000000e+000  0.000000e+000  0.000000e+000  0.000000e+000  0.000000e+000  0.000000e+000  0.000000e+000  0.000000e+000  0.000000e+000  0.000000e+000  0.000000e+000  0.000000e+000  0.000000e+000  0.000000e+000  0.000000e+000  0.000000e+000  0.000000e+000  0.000000e+000  0.000000e+000  0.000000e+000  0.000000e+000  

0.000000e+000  0.000000e+000  0.000000e+000  0.000000e+000  0.000000e+000  0.000000e+000  0.000000e+000  0.000000e+000  0.000000e+000  0.000000e+000  0.000000e+000  0.000000e+000  0.000000e+000  0.000000e+000  0.000000e+000  0.000000e+000  0.000000e+000  0.000000e+000  0.000000e+000  0.000000e+000  0.000000e+000  0.000000e+000  0.000000e+000  
0.000000e+000  0.000000e+000  0.000000e+000  0.000000e+000  0.000000e+000  0.000000e+000  0.000000e+000  0.000000e+000  0.000000e+000  0.000000e+000  0.000000e+000  0.000000e+000  0.000000e+000  0.000000e+000  0.000000e+000  0.000000e+000  0.000000e+000  0.000000e+000  0.000000e+000  0.000000e+000  0.000000e+000  0.000000e+000  0.000000e+000  
0.000000e+000  0.000000e+000  0.000000e+000  0.000000e+000  0.000000e+000  0.000000e+000  0.000000e+000  0.000000e+000  0.000000e+000  0.000000e+000  0.000000e+000  0.000000e+000  0.000000e+000  0.000000e+000  0.000000e+000  0.000000e+000  0.000000e+000  0.000000e+000  0.000000e+000  0.000000e+000  0.000000e+000  0.000000e+000  0.000000e+000  
0.000000e+000  0.000000e+000  0.000000e+000  0.000000e+000  0.000000e+000  0.000000e+000  0.000000e+000  0.000000e+000  0.000000e+000  0.000000e+000  0.000000e+000  0.000000e+000  0.000000e+000  0.000000e+000  0.000000e+000  0.000000e+000  0.000000e+000  0.000000e+000  0.000000e+000  0.000000e+000  0.000000e+000  0.000000e+000  0.000000e+000  
0.000000e+000  0.000000e+000  0.000000e+000  0.000000e+000  0.000000e+000  0.000000e+000  0.000000e+000  0.000000e+000  0.000000e+000  0.000000e+000  0.000000e+000  0.000000e+000  0.000000e+000  0.000000e+000  0.000000e+000  0.000000e+000  0.000000e+000  0.000000e+000  0.000000e+000  0.000000e+000  0.000000e+000  0.000000e+000  0.000000e+000  
0.000000e+000  0.000000e+000  0.000000e+000  0.000000e+000  0.000000e+000  0.000000e+000  0.000000e+000  0.000000e+000  0.000000e+000  0.000000e+000  0.000000e+000  0.000000e+000  0.000000e+000  0.000000e+000  0.000000e+000  0.000000e+000  0.000000e+000  0.000000e+000  0.000000e+000  0.000000e+000  0.000000e+000  0.000000e+000  0.000000e+000  
0.000000e+000  0.000000e+000  0.000000e+000  0.000000e+000  0.000000e+000  0.000000e+000  0.000000e+000  0.000000e+000  0.000000e+000  0.000000e+000  0.000000e+000  0.000000e+000  0.000000e+000  0.000000e+000  0.000000e+000  0.000000e+000  0.000000e+000  0.000000e+000  0.000000e+000  0.000000e+000  0.000000e+000  0.000000e+000  0.000000e+000  
0.000000e+000  0.000000e+000  0.000000e+000  0.000000e+000  0.000000e+000  0.000000e+000  0.000000e+000  0.000000e+000  0.000000e+000  0.000000e+000  0.000000e+000  0.000000e+000  0.000000e+000  0.000000e+000  0.000000e+000  0.000000e+000  0.000000e+000  0.000000e+000  0.000000e+000  0.000000e+000  0.000000e+000  0.000000e+000  0.000000e+000  
0.000000e+000  0.000000e+000  0.000000e+000  0.000000e+000  0.000000e+000  0.000000e+000  0.000000e+000  0.000000e+000  0.000000e+000  0.000000e+000  0.000000e+000  0.000000e+000  0.000000e+000  0.000000e+000  0.000000e+000  0.000000e+000  0.000000e+000  0.000000e+000  0.000000e+000  0.000000e+000  0.000000e+000  0.000000e+000  0.000000e+000  
0.000000e+000  0.000000e+000  0.000000e+000  0.000000e+000  0.000000e+000  0.000000e+000  0.000000e+000  0.000000e+000  0.000000e+000  0.000000e+000  0.000000e+000  0.000000e+000  0.000000e+000  0.000000e+000  0.000000e+000  0.000000e+000  0.000000e+000  0.000000e+000  0.000000e+000  0.000000e+000  0.000000e+000  0.000000e+000  0.000000e+000  
0.000000e+000  0.000000e+000  0.000000e+000  0.000000e+000  0.000000e+000  0.000000e+000  0.000000e+000  0.000000e+000  0.000000e+000  0.000000e+000  0.000000e+000  0.000000e+000  0.000000e+000  0.000000e+000  0.000000e+000  0.000000e+000  0.000000e+000  0.000000e+000  0.000000e+000  0.000000e+000  0.000000e+000  0.000000e+000  0.000000e+000  
0.000000e+000  0.000000e+000  0.000000e+000  0.000000e+000  0.000000e+000  0.000000e+000  0.000000e+000  0.000000e+000  0.000000e+000  0.000000e+000  0.000000e+000  0.000000e+000  0.000000e+000  0.000000e+000  0.000000e+000  0.000000e+000  0.000000e+000  0.000000e+000  0.000000e+000  0.000000e+000  0.000000e+000  0.000000e+000  0.000000e+000  
0.000000e+000  0.000000e+000  0.000000e+000  0.000000e+000  0.000000e+000  0.000000e+000  0.000000e+000  0.000000e+000  0.000000e+000  0.000000e+000  0.000000e+000  0.000000e+000  0.000000e+000  0.000000e+000  0.000000e+000  0.000000e+000  0.000000e+000  0.000000e+000  0.000000e+000  0.000000e+000  0.000000e+000  0.000000e+000  0.000000e+000  
0.000000e+000  0.000000e+000  0.000000e+000  0.000000e+000  0.000000e+000  0.000000e+000  0.000000e+000  0.000000e+000  0.000000e+000  0.000000e+000  0.000000e+000  0.000000e+000  0.000000e+000  0.000000e+000  0.000000e+000  0.000000e+000  0.000000e+000  0.000000e+000  0.000000e+000  0.000000e+000  0.000000e+000  0.000000e+000  0.000000e+000  
0.000000e+000  0.000000e+000  0.000000e+000  0.000000e+000  0.000000e+000  0.000000e+000  0.000000e+000  0.000000e+000  0.000000e+000  0.000000e+000  0.000000e+000  0.000000e+000  0.000000e+000  0.000000e+000  0.000000e+000  0.000000e+000  0.000000e+000  0.000000e+000  0.000000e+000  0.000000e+000  0.000000e+000  0.000000e+000  0.000000e+000  
0.000000e+000  0.000000e+000  0.000000e+000  0.000000e+000  0.000000e+000  0.000000e+000  0.000000e+000  0.000000e+000  0.000000e+000  0.000000e+000  0.000000e+000  0.000000e+000  0.000000e+000  0.000000e+000  0.000000e+000  0.000000e+000  0.000000e+000  0.000000e+000  0.000000e+000  0.000000e+000  0.000000e+000  0.000000e+000  0.000000e+000  
0.000000e+000  0.000000e+000  0.000000e+000  0.000000e+000  0.000000e+000  0.000000e+000  0.000000e+000  0.000000e+000  0.000000e+000  0.000000e+000  0.000000e+000  0.000000e+000  0.000000e+000  0.000000e+000  0.000000e+000  0.000000e+000  0.000000e+000  0.000000e+000  0.000000e+000  0.000000e+000  0.000000e+000  0.000000e+000  0.000000e+000  
0.000000e+000  0.000000e+000  0.000000e+000  0.000000e+000  0.000000e+000  0.000000e+000  0.000000e+000  0.000000e+000  0.000000e+000  0.000000e+000  0.000000e+000  0.000000e+000  0.000000e+000  0.000000e+000  0.000000e+000  0.000000e+000  0.000000e+000  0.000000e+000  0.000000e+000  0.000000e+000  0.000000e+000  0.000000e+000  0.000000e+000  
0.000000e+000  0.000000e+000  0.000000e+000  0.000000e+000  0.000000e+000  0.000000e+000  0.000000e+000  0.000000e+000  0.000000e+000  0.000000e+000  0.000000e+000  0.000000e+000  0.000000e+000  0.000000e+000  0.000000e+000  0.000000e+000  0.000000e+000  0.000000e+000  0.000000e+000  0.000000e+000  0.000000e+000  0.000000e+000  0.000000e+000  
0.000000e+000  0.000000e+000  0.000000e+000  0.000000e+000  0.000000e+000  0.000000e+000  0.000000e+000  0.000000e+000  0.000000e+000  0.000000e+000  0.000000e+000  0.000000e+000  0.000000e+000  0.000000e+000  0.000000e+000  0.000000e+000  0.000000e+000  0.000000e+000  0.000000e+000  0.000000e+000  0.000000e+000  0.000000e+000  0.000000e+000  
0.000000e+000  0.000000e+000  0.000000e+000  0.000000e+000  0.000000e+000  0.000000e+000  0.000000e+000  0.000000e+000  0.000000e+000  0.000000e+000  0.000000e+000  0.000000e+000  0.000000e+000  0.000000e+000  0.000000e+000  0.000000e+000  0.000000e+000  0.000000e+000  0.000000e+000  0.000000e+000  0.000000e+000  0.000000e+000  0.000000e+000  
0.000000e+000  0.000000e+000  0.000000e+000  0.000000e+000  0.000000e+000  0.000000e+000  0.000000e+000  0.000000e+000  0.000000e+000  0.000000e+000  0.000000e+000  0.000000e+000  0.000000e+000  0.000000e+000  0.000000e+000  0.000000e+000  0.000000e+000  0.000000e+000  0.000000e+000  0.000000e+000  0.000000e+000  0.000000e+000  0.000000e+000  
0.000000e+000  0.000000e+000  0.000000e+000  0.000000e+000  0.000000e+000  0.000000e+000  0.000000e+000  0.000000e+000  0.000000e+000  0.000000e+000  0.000000e+000  0.000000e+000  0.000000e+000  0.000000e+000  0.000000e+000  0.000000e+000  0.000000e+000  0.000000e+000  0.000000e+000  0.000000e+000  0.000000e+000  0.000000e+000  0.000000e+000  
0.000000e+000  0.000000e+000  0.000000e+000  0.000000e+000  0.000000e+000  0.000000e+000  0.000000e+000  0.000000e+000  0.000000e+000  0.000000e+000  0.000000e+000  0.000000e+000  0.000000e+000  0.000000e+000  0.000000e+000  0.000000e+000  0.000000e+000  0.000000e+000  0.000000e+000  0.000000e+000  0.000000e+000  0.000000e+000  0.000000e+000  
0.000000e+000  0.000000e+000  0.000000e+000  0.000000e+000  0.000000e+000  0.000000e+000  0.000000e+000  0.000000e+000  0.000000e+000  0.000000e+000  0.000000e+000  0.000000e+000  0.000000e+000  0.000000e+000  0.000000e+000  0.000000e+000  0.000000e+000  0.000000e+000  0.000000e+000  0.000000e+000  0.000000e+000  0.000000e+000  0.000000e+000  
0.000000e+000  0.000000e+000  0.000000e+000  0.000000e+000  0.000000e+000  0.000000e+000  0.000000e+000  0.000000e+000  0.000000e+000  0.000000e+000  0.000000e+000  0.000000e+000  0.000000e+000  0.000000e+000  0.000000e+000  0.000000e+000  0.000000e+000  0.000000e+000  0.000000e+000  0.000000e+000  0.000000e+000  0.000000e+000  0.000000e+000  
0.000000e+000  0.000000e+000  0.000000e+000  0.000000e+000  0.000000e+000  0.000000e+000  0.000000e+000  0.000000e+000  0.000000e+000  0.000000e+000  0.000000e+000  0.000000e+000  0.000000e+000  0.000000e+000  0.000000e+000  0.000000e+000  0.000000e+000  0.000000e+000  0.000000e+000  0.000000e+000  0.000000e+000  0.000000e+000  0.000000e+000  
0.000000e+000  0.000000e+000  0.000000e+000  0.000000e+000  0.000000e+000  0.000000e+000  0.000000e+000  0.000000e+000  0.000000e+000  0.000000e+000  0.000000e+000  0.000000e+000  0.000000e+000  0.000000e+000  0.000000e+000  0.000000e+000  0.000000e+000  0.000000e+000  0.000000e+000  0.000000e+000  0.000000e+000  0.000000e+000  0.000000e+000  
0.000000e+000  0.000000e+000  0.000000e+000  0.000000e+000  0.000000e+000  0.000000e+000  0.000000e+000  0.000000e+000  0.000000e+000  0.000000e+000  0.000000e+000  0.000000e+000  0.000000e+000  0.000000e+000  0.000000e+000  0.000000e+000  0.000000e+000  0.000000e+000  0.000000e+000  0.000000e+000  0.000000e+000  0.000000e+000  0.000000e+000  
0.000000e+000  0.000000e+000  0.000000e+000  0.000000e+000  0.000000e+000  0.000000e+000  0.000000e+000  0.000000e+000  0.000000e+000  0.000000e+000  0.000000e+000  0.000000e+000  0.000000e+000  0.000000e+000  0.000000e+000  0.000000e+000  0.000000e+000  0.000000e+000  0.000000e+000  0.000000e+000  0.000000e+000  0.000000e+000  0.000000e+000  
0.000000e+000  0.000000e+000  0.000000e+000  0.000000e+000  0.000000e+000  0.000000e+000  0.000000e+000  0.000000e+000  0.000000e+000  0.000000e+000  0.000000e+000  0.000000e+000  0.000000e+000  0.000000e+000  0.000000e+000  0.000000e+000  0.000000e+000  0.000000e+000  0.000000e+000  0.000000e+000  0.000000e+000  0.000000e+000  0.000000e+000  
0.000000e+000  0.000000e+000  0.000000e+000  0.000000e+000  0.000000e+000  0.000000e+000  0.000000e+000  0.000000e+000  0.000000e+000  0.000000e+000  0.000000e+000  0.000000e+000  0.000000e+000  0.000000e+000  0.000000e+000  0.000000e+000  0.000000e+000  0.000000e+000  0.000000e+000  0.000000e+000  0.000000e+000  0.000000e+000  0.000000e+000  
0.000000e+000  0.000000e+000  0.000000e+000  0.000000e+000  0.000000e+000  0.000000e+000  0.000000e+000  0.000000e+000  0.000000e+000  0.000000e+000  0.000000e+000  0.000000e+000  0.000000e+000  0.000000e+000  0.000000e+000  0.000000e+000  0.000000e+000  0.000000e+000  0.000000e+000  0.000000e+000  0.000000e+000  0.000000e+000  0.000000e+000  
0.000000e+000  0.000000e+000  0.000000e+000  0.000000e+000  0.000000e+000  0.000000e+000  0.000000e+000  0.000000e+000  0.000000e+000  0.000000e+000  0.000000e+000  0.000000e+000  0.000000e+000  0.000000e+000  0.000000e+000  0.000000e+000  0.000000e+000  0.000000e+000  0.000000e+000  0.000000e+000  0.000000e+000  0.000000e+000  0.000000e+000  
0.000000e+000  0.000000e+000  0.000000e+000  0.000000e+000  0.000000e+000  0.000000e+000  0.000000e+000  0.000000e+000  0.000000e+000  0.000000e+000  0.000000e+000  0.000000e+000  0.000000e+000  0.000000e+000  0.000000e+000  0.000000e+000  0.000000e+000  0.000000e+000  0.000000e+000  0.000000e+000  0.000000e+000  0.000000e+000  0.000000e+000  
0.000000e+000  0.000000e+000  0.000000e+000  0.000000e+000  0.000000e+000  0.000000e+000  0.000000e+000  0.000000e+000  0.000000e+000  0.000000e+000  0.000000e+000  0.000000e+000  0.000000e+000  0.000000e+000  0.000000e+000  0.000000e+000  0.000000e+000  0.000000e+000  0.000000e+000  0.000000e+000  0.000000e+000  0.000000e+000  0.000000e+000  
0.000000e+000  0.000000e+000  0.000000e+000  0.000000e+000  0.000000e+000  0.000000e+000  0.000000e+000  0.000000e+000  0.000000e+000  0.000000e+000  0.000000e+000  0.000000e+000  0.000000e+000  0.000000e+000  0.000000e+000  0.000000e+000  0.000000e+000  0.000000e+000  0.000000e+000  0.000000e+000  0.000000e+000  0.000000e+000  0.000000e+000  
0.000000e+000  0.000000e+000  0.000000e+000  0.000000e+000  0.000000e+000  0.000000e+000  0.000000e+000  0.000000e+000  0.000000e+000  0.000000e+000  0.000000e+000  0.000000e+000  0.000000e+000  0.000000e+000  0.000000e+000  0.000000e+000  0.000000e+000  0.000000e+000  0.000000e+000  0.000000e+000  0.000000e+000  0.000000e+000  0.000000e+000  
0.000000e+000  0.000000e+000  0.000000e+000  0.000000e+000  0.000000e+000  0.000000e+000  0.000000e+000  0.000000e+000  0.000000e+000  0.000000e+000  0.000000e+000  0.000000e+000  0.000000e+000  0.000000e+000  0.000000e+000  0.000000e+000  0.000000e+000  0.000000e+000  0.000000e+000  0.000000e+000  0.000000e+000  0.000000e+000  0.000000e+000  
0.000000e+000  0.000000e+000  0.000000e+000  0.000000e+000  0.000000e+000  0.000000e+000  0.000000e+000  0.000000e+000  0.000000e+000  0.000000e+000  0.000000e+000  0.000000e+000  0.000000e+000  0.000000e+000  0.000000e+000  0.000000e+000  0.000000e+000  0.000000e+000  0.000000e+000  0.000000e+000  0.000000e+000  0.000000e+000  0.000000e+000  
0.000000e+000  0.000000e+000  0.000000e+000  0.000000e+000  0.000000e+000  0.000000e+000  0.000000e+000  0.000000e+000  0.000000e+000  0.000000e+000  0.000000e+000  0.000000e+000  0.000000e+000  0.000000e+000  0.000000e+000  0.000000e+000  0.000000e+000  0.000000e+000  0.000000e+000  0.000000e+000  0.000000e+000  0.000000e+000  0.000000e+000  

0.000000e+000  0.000000e+000  0.000000e+000  0.000000e+000  0.000000e+000  0.000000e+000  0.000000e+000  0.000000e+000  0.000000e+000  0.000000e+000  0.000000e+000  0.000000e+000  0.000000e+000  0.000000e+000  0.000000e+000  0.000000e+000  0.000000e+000  0.000000e+000  0.000000e+000  0.000000e+000  0.000000e+000  0.000000e+000  0.000000e+000  
0.000000e+000  0.000000e+000  0.000000e+000  0.000000e+000  0.000000e+000  0.000000e+000  0.000000e+000  0.000000e+000  0.000000e+000  0.000000e+000  0.000000e+000  0.000000e+000  0.000000e+000  0.000000e+000  0.000000e+000  0.000000e+000  0.000000e+000  0.000000e+000  0.000000e+000  0.000000e+000  0.000000e+000  0.000000e+000  0.000000e+000  
0.000000e+000  0.000000e+000  0.000000e+000  0.000000e+000  0.000000e+000  0.000000e+000  0.000000e+000  0.000000e+000  0.000000e+000  0.000000e+000  0.000000e+000  0.000000e+000  0.000000e+000  0.000000e+000  0.000000e+000  0.000000e+000  0.000000e+000  0.000000e+000  0.000000e+000  0.000000e+000  0.000000e+000  0.000000e+000  0.000000e+000  
0.000000e+000  0.000000e+000  0.000000e+000  0.000000e+000  0.000000e+000  0.000000e+000  0.000000e+000  0.000000e+000  0.000000e+000  0.000000e+000  0.000000e+000  0.000000e+000  0.000000e+000  0.000000e+000  0.000000e+000  0.000000e+000  0.000000e+000  0.000000e+000  0.000000e+000  0.000000e+000  0.000000e+000  0.000000e+000  0.000000e+000  
0.000000e+000  0.000000e+000  0.000000e+000  0.000000e+000  0.000000e+000  0.000000e+000  0.000000e+000  0.000000e+000  0.000000e+000  0.000000e+000  0.000000e+000  0.000000e+000  0.000000e+000  0.000000e+000  0.000000e+000  0.000000e+000  0.000000e+000  0.000000e+000  0.000000e+000  0.000000e+000  0.000000e+000  0.000000e+000  0.000000e+000  
0.000000e+000  0.000000e+000  0.000000e+000  0.000000e+000  0.000000e+000  0.000000e+000  0.000000e+000  0.000000e+000  0.000000e+000  0.000000e+000  0.000000e+000  0.000000e+000  0.000000e+000  0.000000e+000  0.000000e+000  0.000000e+000  0.000000e+000  0.000000e+000  0.000000e+000  0.000000e+000  0.000000e+000  0.000000e+000  0.000000e+000  
0.000000e+000  0.000000e+000  0.000000e+000  0.000000e+000  0.000000e+000  0.000000e+000  0.000000e+000  0.000000e+000  0.000000e+000  0.000000e+000  0.000000e+000  0.000000e+000  0.000000e+000  0.000000e+000  0.000000e+000  0.000000e+000  0.000000e+000  0.000000e+000  0.000000e+000  0.000000e+000  0.000000e+000  0.000000e+000  0.000000e+000  
0.000000e+000  0.000000e+000  0.000000e+000  0.000000e+000  0.000000e+000  0.000000e+000  0.000000e+000  0.000000e+000  0.000000e+000  0.000000e+000  0.000000e+000  0.000000e+000  0.000000e+000  0.000000e+000  0.000000e+000  0.000000e+000  0.000000e+000  0.000000e+000  0.000000e+000  0.000000e+000  0.000000e+000  0.000000e+000  0.000000e+000  
0.000000e+000  0.000000e+000  0.000000e+000  0.000000e+000  0.000000e+000  0.000000e+000  0.000000e+000  0.000000e+000  0.000000e+000  0.000000e+000  0.000000e+000  0.000000e+000  0.000000e+000  0.000000e+000  0.000000e+000  0.000000e+000  0.000000e+000  0.000000e+000  0.000000e+000  0.000000e+000  0.000000e+000  0.000000e+000  0.000000e+000  
0.000000e+000  0.000000e+000  0.000000e+000  0.000000e+000  0.000000e+000  0.000000e+000  0.000000e+000  0.000000e+000  0.000000e+000  0.000000e+000  0.000000e+000  0.000000e+000  0.000000e+000  0.000000e+000  0.000000e+000  0.000000e+000  0.000000e+000  0.000000e+000  0.000000e+000  0.000000e+000  0.000000e+000  0.000000e+000  0.000000e+000  
0.000000e+000  0.000000e+000  0.000000e+000  0.000000e+000  0.000000e+000  0.000000e+000  0.000000e+000  0.000000e+000  0.000000e+000  0.000000e+000  0.000000e+000  0.000000e+000  0.000000e+000  0.000000e+000  0.000000e+000  0.000000e+000  0.000000e+000  0.000000e+000  0.000000e+000  0.000000e+000  0.000000e+000  0.000000e+000  0.000000e+000  
0.000000e+000  0.000000e+000  0.000000e+000  0.000000e+000  0.000000e+000  0.000000e+000  0.000000e+000  0.000000e+000  0.000000e+000  0.000000e+000  0.000000e+000  0.000000e+000  0.000000e+000  0.000000e+000  0.000000e+000  0.000000e+000  0.000000e+000  0.000000e+000  0.000000e+000  0.000000e+000  0.000000e+000  0.000000e+000  0.000000e+000  
0.000000e+000  0.000000e+000  0.000000e+000  0.000000e+000  0.000000e+000  0.000000e+000  0.000000e+000  0.000000e+000  0.000000e+000  0.000000e+000  0.000000e+000  0.000000e+000  0.000000e+000  0.000000e+000  0.000000e+000  0.000000e+000  0.000000e+000  0.000000e+000  0.000000e+000  0.000000e+000  0.000000e+000  0.000000e+000  0.000000e+000  
0.000000e+000  0.000000e+000  0.000000e+000  0.000000e+000  0.000000e+000  0.000000e+000  0.000000e+000  0.000000e+000  0.000000e+000  0.000000e+000  0.000000e+000  0.000000e+000  0.000000e+000  0.000000e+000  0.000000e+000  0.000000e+000  0.000000e+000  0.000000e+000  0.000000e+000  0.000000e+000  0.000000e+000  0.000000e+000  0.000000e+000  
0.000000e+000  0.000000e+000  0.000000e+000  0.000000e+000  0.000000e+000  0.000000e+000  0.000000e+000  0.000000e+000  0.000000e+000  0.000000e+000  0.000000e+000  0.000000e+000  0.000000e+000  0.000000e+000  0.000000e+000  0.000000e+000  0.000000e+000  0.000000e+000  0.000000e+000  0.000000e+000  0.000000e+000  0.000000e+000  0.000000e+000  
0.000000e+000  0.000000e+000  0.000000e+000  0.000000e+000  0.000000e+000  0.000000e+000  0.000000e+000  0.000000e+000  0.000000e+000  0.000000e+000  0.000000e+000  0.000000e+000  0.000000e+000  0.000000e+000  0.000000e+000  0.000000e+000  0.000000e+000  0.000000e+000  0.000000e+000  0.000000e+000  0.000000e+000  0.000000e+000  0.000000e+000  
0.000000e+000  0.000000e+000  0.000000e+000  0.000000e+000  0.000000e+000  0.000000e+000  0.000000e+000  0.000000e+000  0.000000e+000  0.000000e+000  0.000000e+000  0.000000e+000  0.000000e+000  0.000000e+000  0.000000e+000  0.000000e+000  0.000000e+000  0.000000e+000  0.000000e+000  0.000000e+000  0.000000e+000  0.000000e+000  0.000000e+000  
0.000000e+000  0.000000e+000  0.000000e+000  0.000000e+000  0.000000e+000  0.000000e+000  0.000000e+000  0.000000e+000  0.000000e+000  0.000000e+000  0.000000e+000  0.000000e+000  0.000000e+000  0.000000e+000  0.000000e+000  0.000000e+000  0.000000e+000  0.000000e+000  0.000000e+000  0.000000e+000  0.000000e+000  0.000000e+000  0.000000e+000  
0.000000e+000  0.000000e+000  0.000000e+000  0.000000e+000  0.000000e+000  0.000000e+000  0.000000e+000  0.000000e+000  0.000000e+000  0.000000e+000  0.000000e+000  0.000000e+000  0.000000e+000  0.000000e+000  0.000000e+000  0.000000e+000  0.000000e+000  0.000000e+000  0.000000e+000  0.000000e+000  0.000000e+000  0.000000e+000  0.000000e+000  
0.000000e+000  0.000000e+000  0.000000e+000  0.000000e+000  0.000000e+000  0.000000e+000  0.000000e+000  0.000000e+000  0.000000e+000  0.000000e+000  0.000000e+000  0.000000e+000  0.000000e+000  0.000000e+000  0.000000e+000  0.000000e+000  0.000000e+000  0.000000e+000  0.000000e+000  0.000000e+000  0.000000e+000  0.000000e+000  0.000000e+000  
0.000000e+000  0.000000e+000  0.000000e+000  0.000000e+000  0.000000e+000  0.000000e+000  0.000000e+000  0.000000e+000  0.000000e+000  0.000000e+000  0.000000e+000  0.000000e+000  0.000000e+000  0.000000e+000  0.000000e+000  0.000000e+000  0.000000e+000  0.000000e+000  0.000000e+000  0.000000e+000  0.000000e+000  0.000000e+000  0.000000e+000  
0.000000e+000  0.000000e+000  0.000000e+000  0.000000e+000  0.000000e+000  0.000000e+000  0.000000e+000  0.000000e+000  0.000000e+000  0.000000e+000  0.000000e+000  0.000000e+000  0.000000e+000  0.000000e+000  0.000000e+000  0.000000e+000  0.000000e+000  0.000000e+000  0.000000e+000  0.000000e+000  0.000000e+000  0.000000e+000  0.000000e+000  
0.000000e+000  0.000000e+000  0.000000e+000  0.000000e+000  0.000000e+000  0.000000e+000  0.000000e+000  0.000000e+000  0.000000e+000  0.000000e+000  0.000000e+000  0.000000e+000  0.000000e+000  0.000000e+000  0.000000e+000  0.000000e+000  0.000000e+000  0.000000e+000  0.000000e+000  0.000000e+000  0.000000e+000  0.000000e+000  0.000000e+000  
0.000000e+000  0.000000e+000  0.000000e+000  0.000000e+000  0.000000e+000  0.000000e+000  0.000000e+000  0.000000e+000  0.000000e+000  0.000000e+000  0.000000e+000  0.000000e+000  0.000000e+000  0.000000e+000  0.000000e+000  0.000000e+000  0.000000e+000  0.000000e+000  0.000000e+000  0.000000e+000  0.000000e+000  0.000000e+000  0.000000e+000  
0.000000e+000  0.000000e+000  0.000000e+000  0.000000e+000  0.000000e+000  0.000000e+000  0.000000e+000  0.000000e+000  0.000000e+000  0.000000e+000  0.000000e+000  0.000000e+000  0.000000e+000  0.000000e+000  0.000000e+000  0.000000e+000  0.000000e+000  0.000000e+000  0.000000e+000  0.000000e+000  0.000000e+000  0.000000e+000  0.000000e+000  
0.000000e+000  0.000000e+000  0.000000e+000  0.000000e+000  0.000000e+000  0.000000e+000  0.000000e+000  0.000000e+000  0.000000e+000  0.000000e+000  0.000000e+000  0.000000e+000  0.000000e+000  0.000000e+000  0.000000e+000  0.000000e+000  0.000000e+000  0.000000e+000  0.000000e+000  0.000000e+000  0.000000e+000  0.000000e+000  0.000000e+000  
0.000000e+000  0.000000e+000  0.000000e+000  0.000000e+000  0.000000e+000  0.000000e+000  0.000000e+000  0.000000e+000  0.000000e+000  0.000000e+000  0.000000e+000  0.000000e+000  0.000000e+000  0.000000e+000  0.000000e+000  0.000000e+000  0.000000e+000  0.000000e+000  0.000000e+000  0.000000e+000  0.000000e+000  0.000000e+000  0.000000e+000  
0.000000e+000  0.000000e+000  0.000000e+000  0.000000e+000  0.000000e+000  0.000000e+000  0.000000e+000  0.000000e+000  0.000000e+000  0.000000e+000  0.000000e+000  0.000000e+000  0.000000e+000  0.000000e+000  0.000000e+000  0.000000e+000  0.000000e+000  0.000000e+000  0.000000e+000  0.000000e+000  0.000000e+000  0.000000e+000  0.000000e+000  
0.000000e+000  0.000000e+000  0.000000e+000  0.000000e+000  0.000000e+000  0.000000e+000  0.000000e+000  0.000000e+000  0.000000e+000  0.000000e+000  0.000000e+000  0.000000e+000  0.000000e+000  0.000000e+000  0.000000e+000  0.000000e+000  0.000000e+000  0.000000e+000  0.000000e+000  0.000000e+000  0.000000e+000  0.000000e+000  0.000000e+000  
0.000000e+000  0.000000e+000  0.000000e+000  0.000000e+000  0.000000e+000  0.000000e+000  0.000000e+000  0.000000e+000  0.000000e+000  0.000000e+000  0.000000e+000  0.000000e+000  0.000000e+000  0.000000e+000  0.000000e+000  0.000000e+000  0.000000e+000  0.000000e+000  0.000000e+000  0.000000e+000  0.000000e+000  0.000000e+000  0.000000e+000  
0.000000e+000  0.000000e+000  0.000000e+000  0.000000e+000  0.000000e+000  0.000000e+000  0.000000e+000  0.000000e+000  0.000000e+000  0.000000e+000  0.000000e+000  0.000000e+000  0.000000e+000  0.000000e+000  0.000000e+000  0.000000e+000  0.000000e+000  0.000000e+000  0.000000e+000  0.000000e+000  0.000000e+000  0.000000e+000  0.000000e+000  
0.000000e+000  0.000000e+000  0.000000e+000  0.000000e+000  0.000000e+000  0.000000e+000  0.000000e+000  0.000000e+000  0.000000e+000  0.000000e+000  0.000000e+000  0.000000e+000  0.000000e+000  0.000000e+000  0.000000e+000  0.000000e+000  0.000000e+000  0.000000e+000  0.000000e+000  0.000000e+000  0.000000e+000  0.000000e+000  0.000000e+000  
0.000000e+000  0.000000e+000  0.000000e+000  0.000000e+000  0.000000e+000  0.000000e+000  0.000000e+000  0.000000e+000  0.000000e+000  0.000000e+000  0.000000e+000  0.000000e+000  0.000000e+000  0.000000e+000  0.000000e+000  0.000000e+000  0.000000e+000  0.000000e+000  0.000000e+000  0.000000e+000  0.000000e+000  0.000000e+000  0.000000e+000  
0.000000e+000  0.000000e+000  0.000000e+000  0.000000e+000  0.000000e+000  0.000000e+000  0.000000e+000  0.000000e+000  0.000000e+000  0.000000e+000  0.000000e+000  0.000000e+000  0.000000e+000  0.000000e+000  0.000000e+000  0.000000e+000  0.000000e+000  0.000000e+000  0.000000e+000  0.000000e+000  0.000000e+000  0.000000e+000  0.000000e+000  
0.000000e+000  0.000000e+000  0.000000e+000  0.000000e+000  0.000000e+000  0.000000e+000  0.000000e+000  0.000000e+000  0.000000e+000  0.000000e+000  0.000000e+000  0.000000e+000  0.000000e+000  0.000000e+000  0.000000e+000  0.000000e+000  0.000000e+000  0.000000e+000  0.000000e+000  0.000000e+000  0.000000e+000  0.000000e+000  0.000000e+000  
0.000000e+000  0.000000e+000  0.000000e+000  0.000000e+000  0.000000e+000  0.000000e+000  0.000000e+000  0.000000e+000  0.000000e+000  0.000000e+000  0.000000e+000  0.000000e+000  0.000000e+000  0.000000e+000  0.000000e+000  0.000000e+000  0.000000e+000  0.000000e+000  0.000000e+000  0.000000e+000  0.000000e+000  0.000000e+000  0.000000e+000  
0.000000e+000  0.000000e+000  0.000000e+000  0.000000e+000  0.000000e+000  0.000000e+000  0.000000e+000  0.000000e+000  0.000000e+000  0.000000e+000  0.000000e+000  0.000000e+000  0.000000e+000  0.000000e+000  0.000000e+000  0.000000e+000  0.000000e+000  0.000000e+000  0.000000e+000  0.000000e+000  0.000000e+000  0.000000e+000  0.000000e+000  
0.000000e+000  0.000000e+000  0.000000e+000  0.000000e+000  0.000000e+000  0.000000e+000  0.000000e+000  0.000000e+000  0.000000e+000  0.000000e+000  0.000000e+000  0.000000e+000  0.000000e+000  0.000000e+000  0.000000e+000  0.000000e+000  0.000000e+000  0.000000e+000  0.000000e+000  0.000000e+000  0.000000e+000  0.000000e+000  0.000000e+000  
0.000000e+000  0.000000e+000  0.000000e+000  0.000000e+000  0.000000e+000  0.000000e+000  0.000000e+000  0.000000e+000  0.000000e+000  0.000000e+000  0.000000e+000  0.000000e+000  0.000000e+000  0.000000e+000  0.000000e+000  0.000000e+000  0.000000e+000  0.000000e+000  0.000000e+000  0.000000e+000  0.000000e+000  0.000000e+000  0.000000e+000  
0.000000e+000  0.000000e+000  0.000000e+000  0.000000e+000  0.000000e+000  0.000000e+000  0.000000e+000  0.000000e+000  0.000000e+000  0.000000e+000  0.000000e+000  0.000000e+000  0.000000e+000  0.000000e+000  0.000000e+000  0.000000e+000  0.000000e+000  0.000000e+000  0.000000e+000  0.000000e+000  0.000000e+000  0.000000e+000  0.000000e+000  
0.000000e+000  0.000000e+000  0.000000e+000  0.000000e+000  0.000000e+000  0.000000e+000  0.000000e+000  0.000000e+000  0.000000e+000  0.000000e+000  0.000000e+000  0.000000e+000  0.000000e+000  0.000000e+000  0.000000e+000  0.000000e+000  0.000000e+000  0.000000e+000  0.000000e+000  0.000000e+000  0.000000e+000  0.000000e+000  0.000000e+000  

1.236888e-001  1.234990e-001  1.231196e-001  1.225511e-001  1.217942e-001  1.208502e-001  1.197204e-001  1.184068e-001  1.163312e-001  1.134060e-001  1.102411e-001  1.068669e-001  1.033142e-001  9.961354e-002  9.579496e-002  9.188719e-002  8.563725e-002  7.700553e-002  6.421250e-002  4.848995e-002  3.456013e-002  1.282225e-002  0.000000e+000  
3.879131e-001  3.873267e-001  3.861521e-001  3.843858e-001  3.820227e-001  3.790570e-001  3.754825e-001  3.712933e-001  3.637962e-001  3.526780e-001  3.407684e-001  3.282104e-001  3.151449e-001  3.017075e-001  2.880261e-001  2.742185e-001  2.524487e-001  2.233316e-001  1.815478e-001  1.333889e-001  9.314542e-002  3.345517e-002  0.000000e+000  
6.296626e-001  6.290062e-001  6.276733e-001  6.256242e-001  6.228019e-001  6.191344e-001  6.145379e-001  6.089209e-001  5.940871e-001  5.694399e-001  5.435150e-001  5.167326e-001  4.894849e-001  4.621250e-001  4.349598e-001  4.082469e-001  3.672306e-001  3.154783e-001  2.453150e-001  1.724634e-001  1.167714e-001  4.015026e-002  0.000000e+000  
8.048682e-001  8.048310e-001  8.046957e-001  8.043422e-001  8.035957e-001  8.022328e-001  7.999898e-001  7.965735e-001  7.749369e-001  7.342695e-001  6.922214e-001  6.496371e-001  6.072543e-001  5.656826e-001  5.253979e-001  4.867490e-001  4.288454e-001  3.594670e-001  2.697985e-001  1.836490e-001  1.217083e-001  4.068837e-002  0.000000e+000  
9.228734e-001  9.246140e-001  9.279622e-001  9.326530e-001  9.382930e-001  9.443674e-001  9.502534e-001  9.552428e-001  9.271969e-001  8.652616e-001  8.026357e-001  7.408815e-001  6.812113e-001  6.244735e-001  5.711904e-001  5.216200e-001  4.495155e-001  3.679456e-001  2.675966e-001  1.775424e-001  1.158230e-001  3.800553e-002  0.000000e+000  
9.774073e-001  9.806443e-001  9.869427e-001  9.959477e-001  1.007120e+000  1.019733e+000  1.032885e+000  1.045520e+000  1.013685e+000  9.366283e-001  8.597964e-001  7.853175e-001  7.146843e-001  6.487928e-001  5.880593e-001  5.325551e-001  4.531557e-001  3.660689e-001  2.616959e-001  1.712555e-001  1.107868e-001  3.599842e-002  0.000000e+000  
1.017911e+000  1.023381e+000  1.034120e+000  1.049705e+000  1.069457e+000  1.092402e+000  1.117247e+000  1.142393e+000  1.106231e+000  1.008403e+000  9.128079e-001  8.223883e-001  7.388378e-001  6.628529e-001  5.944617e-001  5.333014e-001  4.475102e-001  3.565476e-001  2.504824e-001  1.617100e-001  1.037621e-001  3.340341e-002  0.000000e+000  
1.030709e+000  1.038488e+000  1.053886e+000  1.076543e+000  1.105797e+000  1.140565e+000  1.179213e+000  1.219489e+000  1.179394e+000  1.059417e+000  9.450308e-001  8.399152e-001  7.455173e-001  6.618641e-001  5.882550e-001  5.236970e-001  4.346484e-001  3.427262e-001  2.377438e-001  1.520272e-001  9.699955e-002  3.102984e-002  0.000000e+000  
1.030952e+000  1.040435e+000  1.059320e+000  1.087382e+000  1.124107e+000  1.168474e+000  1.218686e+000  1.271953e+000  1.228789e+000  1.090731e+000  9.618508e-001  8.461510e-001  7.444851e-001  6.560691e-001  5.794872e-001  5.132039e-001  4.227971e-001  3.310899e-001  2.277596e-001  1.447325e-001  9.200431e-002  2.931130e-002  0.000000e+000  
1.022679e+000  1.033665e+000  1.055681e+000  1.088740e+000  1.132646e+000  1.186671e+000  1.249071e+000  1.316551e+000  1.270186e+000  1.113216e+000  9.703465e-001  8.453450e-001  7.378940e-001  6.460825e-001  5.676657e-001  5.005553e-001  4.098742e-001  3.191800e-001  2.180950e-001  1.378996e-001  8.740393e-002  2.775588e-002  0.000000e+000  
1.010548e+000  1.022730e+000  1.047277e+000  1.084483e+000  1.134567e+000  1.197274e+000  1.271165e+000  1.352615e+000  1.303083e+000  1.128115e+000  9.729643e-001  8.404840e-001  7.287984e-001  6.347733e-001  5.553716e-001  4.880226e-001  3.976850e-001  3.083207e-001  2.095577e-001  1.319800e-001  8.345890e-002  2.643608e-002  0.000000e+000  
9.924102e-001  1.005698e+000  1.032631e+000  1.073876e+000  1.130259e+000  1.202348e+000  1.289499e+000  1.388089e+000  1.334503e+000  1.138283e+000  9.701342e-001  8.306203e-001  7.154557e-001  6.199508e-001  5.401855e-001  4.731006e-001  3.837389e-001  2.962470e-001  2.003257e-001  1.256893e-001  7.930545e-002  2.505994e-002  0.000000e+000  
9.677251e-001  9.819435e-001  1.010934e+000  1.055812e+000  1.118214e+000  1.199998e+000  1.302176e+000  1.422096e+000  1.363030e+000  1.141697e+000  9.603950e-001  8.148819e-001  6.973748e-001  6.013400e-001  5.219518e-001  4.557005e-001  3.680057e-001  2.829564e-001  1.904091e-001  1.190377e-001  7.495071e-002  2.362982e-002  0.000000e+000  
9.360391e-001  9.509170e-001  9.814180e-001  1.029128e+000  1.096636e+000  1.187614e+000  1.306113e+000  1.452876e+000  1.386029e+000  1.135429e+000  9.419925e-001  7.923713e-001  6.741094e-001  5.787166e-001  5.005566e-001  4.357653e-001  3.504748e-001  2.684578e-001  1.798232e-001  1.120371e-001  7.040282e-002  2.214830e-002  0.000000e+000  
8.970313e-001  9.122034e-001  9.434382e-001  9.927100e-001  1.063528e+000  1.161715e+000  1.296163e+000  1.476415e+000  1.398273e+000  1.115280e+000  9.129585e-001  7.622643e-001  6.453148e-001  5.519345e-001  4.759408e-001  4.132764e-001  3.311574e-001  2.527720e-001  1.685885e-001  1.047019e-001  6.567091e-002  2.061817e-002  0.000000e+000  
8.505598e-001  8.655899e-001  8.965913e-001  9.457070e-001  1.016982e+000  1.118025e+000  1.263751e+000  1.482352e+000  1.388770e+000  1.075488e+000  8.713759e-001  7.239734e-001  6.108164e-001  5.209531e-001  4.481115e-001  3.882587e-001  3.100884e-001  2.359326e-001  1.567308e-001  9.704841e-002  6.076507e-002  1.904239e-002  0.000000e+000  
7.966963e-001  8.111233e-001  8.408419e-001  8.878209e-001  9.558296e-001  1.052428e+000  1.195639e+000  1.441140e+000  1.333176e+000  1.009068e+000  8.159947e-001  6.773716e-001  5.706779e-001  4.858584e-001  4.171490e-001  3.607841e-001  2.873271e-001  2.179860e-001  1.442811e-001  8.909516e-002  5.569634e-002  1.742412e-002  0.000000e+000  
6.948965e-001  7.076091e-001  7.335753e-001  7.739038e-001  8.302777e-001  9.047293e-001  9.982551e-001  1.104176e+000  1.013350e+000  8.447183e-001  7.013789e-001  5.866065e-001  4.948012e-001  4.207475e-001  3.604671e-001  3.109954e-001  2.466287e-001  1.862646e-001  1.225620e-001  7.534688e-002  4.697942e-002  1.465623e-002  0.000000e+000  
5.180269e-001  5.268849e-001  5.446177e-001  5.711098e-001  6.057237e-001  6.464548e-001  6.882215e-001  7.197763e-001  6.428348e-001  5.810073e-001  5.028770e-001  4.289674e-001  3.649653e-001  3.112894e-001  2.667606e-001  2.298960e-001  1.817644e-001  1.367288e-001  8.946276e-002  5.475897e-002  3.405545e-002  1.059542e-002  0.000000e+000  
2.169345e-001  2.199387e-001  2.257792e-001  2.340656e-001  2.440778e-001  2.546220e-001  2.639081e-001  2.696257e-001  2.320829e-001  2.187686e-001  1.970825e-001  1.729573e-001  1.497606e-001  1.289754e-001  1.110180e-001  9.578986e-002  7.562912e-002  5.665388e-002  3.680907e-002  2.240098e-002  1.388419e-002  4.304147e-003  0.000000e+000  
-2.169345e-001  -2.199387e-001  -2.257792e-001  -2.340656e-001  -2.440778e-001  -2.546220e-001  -2.639081e-001  -2.696257e-001  -2.320829e-001  -2.187686e-001  -1.970825e-001  -1.729573e-001  -1.497606e-001  -1.289754e-001  -1.110180e-001  -9.578986e-002  -7.562912e-002  -5.665388e-002  -3.680907e-002  -2.240098e-002  -1.388419e-002  -4.304147e-003  0.000000e+000  
-5.180269e-001  -5.268849e-001  -5.446177e-001  -5.711098e-001  -6.057237e-001  -6.464548e-001  -6.882215e-001  -7.197763e-001  -6.428348e-001  -5.810073e-001  -5.028770e-001  -4.289674e-001  -3.649653e-001  -3.112894e-001  -2.667606e-001  -2.298960e-001  -1.817644e-001  -1.367288e-001  -8.946276e-002  -5.475897e-002  -3.405545e-002  -1.059542e-002  0.000000e+000  
-6.948965e-001  -7.076091e-001  -7.335753e-001  -7.739038e-001  -8.302777e-001  -9.047293e-001  -9.982551e-001  -1.104176e+000  -1.013350e+000  -8.447183e-001  -7.013789e-001  -5.866065e-001  -4.948012e-001  -4.207475e-001  -3.604671e-001  -3.109954e-001  -2.466287e-001  -1.862646e-001  -1.225620e-001  -7.534688e-002  -4.697942e-002  -1.465623e-002  0.000000e+000  
-7.966963e-001  -8.111233e-001  -8.408419e-001  -8.878209e-001  -9.558296e-001  -1.052428e+000  -1.195639e+000  -1.441140e+000  -1.333176e+000  -1.009068e+000  -8.159947e-001  -6.773716e-001  -5.706779e-001  -4.858584e-001  -4.171490e-001  -3.607841e-001  -2.873271e-001  -2.179860e-001  -1.442811e-001  -8.909516e-002  -5.569634e-002  -1.742412e-002  0.000000e+000  
-8.505598e-001  -8.655899e-001  -8.965913e-001  -9.457070e-001  -1.016982e+000  -1.118025e+000  -1.263751e+000  -1.482352e+000  -1.388770e+000  -1.075488e+000  -8.713759e-001  -7.239734e-001  -6.108164e-001  -5.209531e-001  -4.481115e-001  -3.882587e-001  -3.100884e-001  -2.359326e-001  -1.567308e-001  -9.704841e-002  -6.076507e-002  -1.904239e-002  0.000000e+000  
-8.970313e-001  -9.122034e-001  -9.434382e-001  -9.927100e-001  -1.063528e+000  -1.161715e+000  -1.296163e+000  -1.476415e+000  -1.398273e+000  -1.115280e+000  -9.129585e-001  -7.622643e-001  -6.453148e-001  -5.519345e-001  -4.759408e-001  -4.132764e-001  -3.311574e-001  -2.527720e-001  -1.685885e-001  -1.047019e-001  -6.567091e-002  -2.061817e-002  0.000000e+000  
-9.360391e-001  -9.509169e-001  -9.814180e-001  -1.029128e+000  -1.096636e+000  -1.187614e+000  -1.306113e+000  -1.452876e+000  -1.386029e+000  -1.135429e+000  -9.419925e-001  -7.923713e-001  -6.741094e-001  -5.787166e-001  -5.005566e-001  -4.357653e-001  -3.504748e-001  -2.684578e-001  -1.798232e-001  -1.120371e-001  -7.040282e-002  -2.214830e-002  0.000000e+000  
-9.677251e-001  -9.819435e-001  -1.010934e+000  -1.055812e+000  -1.118214e+000  -1.199998e+000  -1.302176e+000  -1.422096e+000  -1.363030e+000  -1.141697e+000  -9.603950e-001  -8.148819e-001  -6.973748e-001  -6.013400e-001  -5.219518e-001  -4.557005e-001  -3.680057e-001  -2.829564e-001  -1.904091e-001  -1.190377e-001  -7.495071e-002  -2.362982e-002  0.000000e+000  
-9.924102e-001  -1.005698e+000  -1.032631e+000  -1.073876e+000  -1.130259e+000  -1.202348e+000  -1.289499e+000  -1.388089e+000  -1.334503e+000  -1.138283e+000  -9.701342e-001  -8.306203e-001  -7.154557e-001  -6.199508e-001  -5.401855e-001  -4.731006e-001  -3.837389e-001  -2.962470e-001  -2.003257e-001  -1.256893e-001  -7.930545e-002  -2.505994e-002  0.000000e+000  
-1.010548e+000  -1.022730e+000  -1.047277e+000  -1.084483e+000  -1.134567e+000  -1.197274e+000  -1.271165e+000  -1.352615e+000  -1.303083e+000  -1.128115e+000  -9.729643e-001  -8.404840e-001  -7.287984e-001  -6.347733e-001  -5.553716e-001  -4.880226e-001  -3.976850e-001  -3.083207e-001  -2.095577e-001  -1.319800e-001  -8.345890e-002  -2.643608e-002  0.000000e+000  
-1.022679e+000  -1.033665e+000  -1.055681e+000  -1.088740e+000  -1.132646e+000  -1.186671e+000  -1.249071e+000  -1.316551e+000  -1.270186e+000  -1.113216e+000  -9.703465e-001  -8.453450e-001  -7.378940e-001  -6.460825e-001  -5.676657e-001  -5.005553e-001  -4.098742e-001  -3.191800e-001  -2.180950e-001  -1.378996e-001  -8.740393e-002  -2.775588e-002  0.000000e+000  
-1.030952e+000  -1.040435e+000  -1.059320e+000  -1.087382e+000  -1.124107e+000  -1.168474e+000  -1.218686e+000  -1.271953e+000  -1.228789e+000  -1.090731e+000  -9.618508e-001  -8.461510e-001  -7.444851e-001  -6.560691e-001  -5.794872e-001  -5.132039e-001  -4.227971e-001  -3.310899e-001  -2.277596e-001  -1.447325e-001  -9.200431e-002  -2.931130e-002  0.000000e+000  
-1.030709e+000  -1.038488e+000  -1.053886e+000  -1.076543e+000  -1.105797e+000  -1.140565e+000  -1.179213e+000  -1.219489e+000  -1.179394e+000  -1.059417e+000  -9.450308e-001  -8.399152e-001  -7.455173e-001  -6.618641e-001  -5.882550e-001  -5.236970e-001  -4.346484e-001  -3.427262e-001  -2.377438e-001  -1.520272e-001  -9.699955e-002  -3.102984e-002  0.000000e+000  
-1.017911e+000  -1.023381e+000  -1.034120e+000  -1.049705e+000  -1.069457e+000  -1.092402e+000  -1.117247e+000  -1.142393e+000  -1.106231e+000  -1.008403e+000  -9.128079e-001  -8.223883e-001  -7.388378e-001  -6.628529e-001  -5.944617e-001  -5.333014e-001  -4.475102e-001  -3.565476e-001  -2.504824e-001  -1.617100e-001  -1.037621e-001  -3.340341e-002  0.000000e+000  
-9.774073e-001  -9.806443e-001  -9.869427e-001  -9.959477e-001  -1.007120e+000  -1.019733e+000  -1.032885e+000  -1.045520e+000  -1.013685e+000  -9.366283e-001  -8.597964e-001  -7.853175e-001  -7.146843e-001  -6.487928e-001  -5.880593e-001  -5.325551e-001  -4.531557e-001  -3.660689e-001  -2.616959e-001  -1.712555e-001  -1.107868e-001  -3.599842e-002  0.000000e+000  
-9.228734e-001  -9.246140e-001  -9.279622e-001  -9.326530e-001  -9.382930e-001  -9.443674e-001  -9.502534e-001  -9.552428e-001  -9.271969e-001  -8.652616e-001  -8.026357e-001  -7.408815e-001  -6.812113e-001  -6.244735e-001  -5.711904e-001  -5.216200e-001  -4.495155e-001  -3.679456e-001  -2.675966e-001  -1.775424e-001  -1.158230e-001  -3.800553e-002  0.000000e+000  
-8.048682e-001  -8.048310e-001  -8.046957e-001  -8.043422e-001  -8.035957e-001  -8.022328e-001  -7.999898e-001  -7.965735e-001  -7.749369e-001  -7.342695e-001  -6.922214e-001  -6.496371e-001  -6.072543e-001  -5.656826e-001  -5.253979e-001  -4.867490e-001  -4.288454e-001  -3.594670e-001  -2.697985e-001  -1.836490e-001  -1.217083e-001  -4.068837e-002  0.000000e+000  
-6.296626e-001  -6.290062e-001  -6.276733e-001  -6.256242e-001  -6.228019e-001  -6.191344e-001  -6.145379e-001  -6.089209e-001  -5.940871e-001  -5.694399e-001  -5.435150e-001  -5.167326e-001  -4.894849e-001  -4.621250e-001  -4.349598e-001  -4.082469e-001  -3.672306e-001  -3.154783e-001  -2.453150e-001  -1.724634e-001  -1.167714e-001  -4.015026e-002  0.000000e+000  
-3.879131e-001  -3.873267e-001  -3.861521e-001  -3.843858e-001  -3.820227e-001  -3.790570e-001  -3.754825e-001  -3.712933e-001  -3.637962e-001  -3.526780e-001  -3.407684e-001  -3.282104e-001  -3.151449e-001  -3.017075e-001  -2.880261e-001  -2.742185e-001  -2.524487e-001  -2.233316e-001  -1.815478e-001  -1.333889e-001  -9.314542e-002  -3.345517e-002  0.000000e+000  
-1.236888e-001  -1.234990e-001  -1.231196e-001  -1.225511e-001  -1.217942e-001  -1.208502e-001  -1.197204e-001  -1.184068e-001  -1.163312e-001  -1.134060e-001  -1.102411e-001  -1.068669e-001  -1.033142e-001  -9.961354e-002  -9.579496e-002  -9.188719e-002  -8.563725e-002  -7.700553e-002  -6.421250e-002  -4.848995e-002  -3.456013e-002  -1.282225e-002  0.000000e+000  
0.000000e+000  0.000000e+000  0.000000e+000  0.000000e+000  0.000000e+000  0.000000e+000  0.000000e+000  0.000000e+000  0.000000e+000  0.000000e+000  0.000000e+000  0.000000e+000  0.000000e+000  0.000000e+000  0.000000e+000  0.000000e+000  0.000000e+000  0.000000e+000  0.000000e+000  0.000000e+000  0.000000e+000  0.000000e+000  0.000000e+000  

