Unknown:
C:\Users\johba\OneDrive\Skrivebord\patch_antenna_cst\Result\farfield (f=1.8087)_1.fme
C:\Users\johba\OneDrive\Skrivebord\patch_antenna_cst\Result\farfield (f=1.8819)_1.fme
C:\Users\johba\OneDrive\Skrivebord\patch_antenna_cst\Result\farfield (f=1.9551)_1.fme
C:\Users\johba\OneDrive\Skrivebord\patch_antenna_cst\Result\farfield (f=2.0284)_1.fme
C:\Users\johba\OneDrive\Skrivebord\patch_antenna_cst\Result\farfield (f=2.1016)_1.fme
C:\Users\johba\OneDrive\Skrivebord\patch_antenna_cst\Result\farfield (f=2.1748)_1.fme
C:\Users\johba\OneDrive\Skrivebord\patch_antenna_cst\Result\farfield (f=2.2481)_1.fme
C:\Users\johba\OneDrive\Skrivebord\patch_antenna_cst\Result\farfield (f=2.3213)1D_1.ffp
C:\Users\johba\OneDrive\Skrivebord\patch_antenna_cst\Result\farfield (f=2.3213)_1.fme
C:\Users\johba\OneDrive\Skrivebord\patch_antenna_cst\Result\farfield (f=2.3945)1D_1.ffp
C:\Users\johba\OneDrive\Skrivebord\patch_antenna_cst\Result\farfield (f=2.3945)2D_1.ffp
C:\Users\johba\OneDrive\Skrivebord\patch_antenna_cst\Result\farfield (f=2.3945)_1.fme
C:\Users\johba\OneDrive\Skrivebord\patch_antenna_cst\Result\farfield (f=2.4677)1D_1.ffp
C:\Users\johba\OneDrive\Skrivebord\patch_antenna_cst\Result\farfield (f=2.4677)2D_1.ffp
C:\Users\johba\OneDrive\Skrivebord\patch_antenna_cst\Result\farfield (f=2.4677)_1.fme
C:\Users\johba\OneDrive\Skrivebord\patch_antenna_cst\Result\farfield (f=2.541)_1.fme
C:\Users\johba\OneDrive\Skrivebord\patch_antenna_cst\Result\farfield (f=2.6142)1D_1.ffp
C:\Users\johba\OneDrive\Skrivebord\patch_antenna_cst\Result\farfield (f=2.6142)_1.fme
C:\Users\johba\OneDrive\Skrivebord\patch_antenna_cst\Result\farfield (f=2.6874)_1.fme
C:\Users\johba\OneDrive\Skrivebord\patch_antenna_cst\Result\farfield (f=2.7606)1D_1.ffp
C:\Users\johba\OneDrive\Skrivebord\patch_antenna_cst\Result\farfield (f=2.7606)_1.fme
C:\Users\johba\OneDrive\Skrivebord\patch_antenna_cst\Result\farfield (f=2.8339)_1.fme
C:\Users\johba\OneDrive\Skrivebord\patch_antenna_cst\Result\farfield (f=2.9071)1D_1.ffp
C:\Users\johba\OneDrive\Skrivebord\patch_antenna_cst\Result\farfield (f=2.9071)_1.fme
C:\Users\johba\OneDrive\Skrivebord\patch_antenna_cst\Result\farfield (f=2.9803)_1.fme
C:\Users\johba\OneDrive\Skrivebord\patch_antenna_cst\Result\farfield (f=3.0535)_1.fme
C:\Users\johba\OneDrive\Skrivebord\patch_antenna_cst\Result\farfield (f=3.1268)1D_1.ffp
C:\Users\johba\OneDrive\Skrivebord\patch_antenna_cst\Result\farfield (f=3.1268)_1.fme
C:\Users\johba\OneDrive\Skrivebord\patch_antenna_cst\Result\farfield (f=3.2)_1.fme
C:\Users\johba\OneDrive\Skrivebord\patch_antenna_cst\Result\ff_2d_plot_cache.dat
C:\Users\johba\OneDrive\Skrivebord\patch_antenna_cst\Result\hardware_resources.sconf
C:\Users\johba\OneDrive\Skrivebord\patch_antenna_cst\Result\Hex.gap
C:\Users\johba\OneDrive\Skrivebord\patch_antenna_cst\Result\MCalc.ddi
C:\Users\johba\OneDrive\Skrivebord\patch_antenna_cst\Result\MCalc.log
C:\Users\johba\OneDrive\Skrivebord\patch_antenna_cst\Result\ml_info.log
C:\Users\johba\OneDrive\Skrivebord\patch_antenna_cst\Result\Model.axg
C:\Users\johba\OneDrive\Skrivebord\patch_antenna_cst\Result\Model.coco
C:\Users\johba\OneDrive\Skrivebord\patch_antenna_cst\Result\Model.ddi
C:\Users\johba\OneDrive\Skrivebord\patch_antenna_cst\Result\Model.elg
C:\Users\johba\OneDrive\Skrivebord\patch_antenna_cst\Result\Model.log
C:\Users\johba\OneDrive\Skrivebord\patch_antenna_cst\Result\Model.sa
C:\Users\johba\OneDrive\Skrivebord\patch_antenna_cst\Result\Model.sam
C:\Users\johba\OneDrive\Skrivebord\patch_antenna_cst\Result\ModelPBA.axg
C:\Users\johba\OneDrive\Skrivebord\patch_antenna_cst\Result\Model_1.sam
C:\Users\johba\OneDrive\Skrivebord\patch_antenna_cst\Result\m^fifx.dsc
C:\Users\johba\OneDrive\Skrivebord\patch_antenna_cst\Result\m^fqq.dsc
C:\Users\johba\OneDrive\Skrivebord\patch_antenna_cst\Result\Ports.web
C:\Users\johba\OneDrive\Skrivebord\patch_antenna_cst\Result\PP-MCalc.log
C:\Users\johba\OneDrive\Skrivebord\patch_antenna_cst\Result\PP-Prio.log
C:\Users\johba\OneDrive\Skrivebord\patch_antenna_cst\Result\p^a.dsc
C:\Users\johba\OneDrive\Skrivebord\patch_antenna_cst\Result\P^m^fb.slog
C:\Users\johba\OneDrive\Skrivebord\patch_antenna_cst\Result\P^m^fbqq.slog
C:\Users\johba\OneDrive\Skrivebord\patch_antenna_cst\Result\P^m^fqq.slog
C:\Users\johba\OneDrive\Skrivebord\patch_antenna_cst\Result\P^p^m.slog
C:\Users\johba\OneDrive\Skrivebord\patch_antenna_cst\Result\P^s^pm.slog
Mesh:
C:\Users\johba\OneDrive\Skrivebord\patch_antenna_cst\Result\dA.mat
C:\Users\johba\OneDrive\Skrivebord\patch_antenna_cst\Result\dad.mat
C:\Users\johba\OneDrive\Skrivebord\patch_antenna_cst\Result\ds.mat
C:\Users\johba\OneDrive\Skrivebord\patch_antenna_cst\Result\dsd.mat
C:\Users\johba\OneDrive\Skrivebord\patch_antenna_cst\Result\dsMCalc.mat
C:\Users\johba\OneDrive\Skrivebord\patch_antenna_cst\Result\Eps.mat
C:\Users\johba\OneDrive\Skrivebord\patch_antenna_cst\Result\HexMatrix.m2h
C:\Users\johba\OneDrive\Skrivebord\patch_antenna_cst\Result\HexMatrix_MCalc.m2h
C:\Users\johba\OneDrive\Skrivebord\patch_antenna_cst\Result\MCalc.fmp
C:\Users\johba\OneDrive\Skrivebord\patch_antenna_cst\Result\MCalc.xcfd
C:\Users\johba\OneDrive\Skrivebord\patch_antenna_cst\Result\MCalcCCS_c.mson
C:\Users\johba\OneDrive\Skrivebord\patch_antenna_cst\Result\Meta.m2h
C:\Users\johba\OneDrive\Skrivebord\patch_antenna_cst\Result\Meta.mat
C:\Users\johba\OneDrive\Skrivebord\patch_antenna_cst\Result\Model-fmf.msqlite
C:\Users\johba\OneDrive\Skrivebord\patch_antenna_cst\Result\Model.cct
C:\Users\johba\OneDrive\Skrivebord\patch_antenna_cst\Result\Model.fmf
C:\Users\johba\OneDrive\Skrivebord\patch_antenna_cst\Result\Model.fmm
C:\Users\johba\OneDrive\Skrivebord\patch_antenna_cst\Result\Model.fpc
C:\Users\johba\OneDrive\Skrivebord\patch_antenna_cst\Result\Model.fwf
C:\Users\johba\OneDrive\Skrivebord\patch_antenna_cst\Result\Model.sic
C:\Users\johba\OneDrive\Skrivebord\patch_antenna_cst\Result\Model.sid
C:\Users\johba\OneDrive\Skrivebord\patch_antenna_cst\Result\Model.spi
C:\Users\johba\OneDrive\Skrivebord\patch_antenna_cst\Result\Model.xcfd
C:\Users\johba\OneDrive\Skrivebord\patch_antenna_cst\Result\Mue.mat
C:\Users\johba\OneDrive\Skrivebord\patch_antenna_cst\Result\m^fqq.mem
C:\Users\johba\OneDrive\Skrivebord\patch_antenna_cst\Result\p1.spi
C:\Users\johba\OneDrive\Skrivebord\patch_antenna_cst\Result\PEC.mat
C:\Users\johba\OneDrive\Skrivebord\patch_antenna_cst\Result\Port1.wgi
C:\Users\johba\OneDrive\Skrivebord\patch_antenna_cst\Result\p^a.mem
C:\Users\johba\OneDrive\Skrivebord\patch_antenna_cst\Result\p^m.mem
C:\Users\johba\OneDrive\Skrivebord\patch_antenna_cst\Result\Rho.mat
C:\Users\johba\OneDrive\Skrivebord\patch_antenna_cst\Result\S2HMatrix.m2h
C:\Users\johba\OneDrive\Skrivebord\patch_antenna_cst\Result\Shapes.con
C:\Users\johba\OneDrive\Skrivebord\patch_antenna_cst\Result\s^pm.mem
Port:
C:\Users\johba\OneDrive\Skrivebord\patch_antenna_cst\Result\adapt_Port1_e1.prt
C:\Users\johba\OneDrive\Skrivebord\patch_antenna_cst\Result\adapt_Port1_e1[2.5].prt
C:\Users\johba\OneDrive\Skrivebord\patch_antenna_cst\Result\adapt_Port1_h1.prt
C:\Users\johba\OneDrive\Skrivebord\patch_antenna_cst\Result\adapt_Port1_h1[2.5].prt
C:\Users\johba\OneDrive\Skrivebord\patch_antenna_cst\Result\Model.pmi
C:\Users\johba\OneDrive\Skrivebord\patch_antenna_cst\Result\Port1_1[2.5]-LAPTOP-4V14CJV4.m2d
C:\Users\johba\OneDrive\Skrivebord\patch_antenna_cst\Result\Port1_drv-LAPTOP-4V14CJV4.m2d
C:\Users\johba\OneDrive\Skrivebord\patch_antenna_cst\Result\Port1_e1-LAPTOP-4V14CJV4.prt
C:\Users\johba\OneDrive\Skrivebord\patch_antenna_cst\Result\Port1_e1[2.5]-LAPTOP-4V14CJV4.prt
C:\Users\johba\OneDrive\Skrivebord\patch_antenna_cst\Result\Port1_h1-LAPTOP-4V14CJV4.prt
C:\Users\johba\OneDrive\Skrivebord\patch_antenna_cst\Result\Port1_h1[2.5]-LAPTOP-4V14CJV4.prt
