04/Nov/2024 12:42:52  Defined reference frequency for open boundary condition (2.5 GHz) is larger
                      than the lowest relevant system frequency (monitor at 1.8 GHz).
                      Please check the Settings for PML Boundary (Simulation > Settings > Boundary
                      Conditions > Open Boundary) to ensure accurate monitor results for the lowest
                      frequency of interest. More...
                      
                      ------------------------------------------------------------------------------
04/Nov/2024 12:42:52  *** Warning ***
                      
                      The monitor loss (f=3.2) is only available for dielectric or magnetic losses
                      and will be ignored.
                      
                      ------------------------------------------------------------------------------
04/Nov/2024 12:42:52  *** Warning ***
                      
                      The monitor loss (f=2.5) is only available for dielectric or magnetic losses
                      and will be ignored.
                      
                      ------------------------------------------------------------------------------
04/Nov/2024 12:42:52  *** Warning ***
                      
                      The monitor loss (f=1.8) is only available for dielectric or magnetic losses
                      and will be ignored.
                      
                      ------------------------------------------------------------------------------
04/Nov/2024 12:42:52  *** Warning ***
                      
                      This software is licensed for personal and educational purposes only.
                      
                      ------------------------------------------------------------------------------
04/Nov/2024 12:42:53  Modeler
                      
                      ------------------------------------------------------------------------------
04/Nov/2024 12:42:53  
                      ------------------------------------------------------------------------------
04/Nov/2024 12:43:18  *** Warning ***
                      
                      This software is licensed for personal and educational purposes only.
                      
                      ------------------------------------------------------------------------------
04/Nov/2024 12:43:18  The following farfield monitor(s) have been adjusted to model box [-31.5601,
                      32.3836, -33.0601, 33.0601, -3.55182, 13.1012]:
                        farfield (f=1.8087), farfield (f=1.8788), farfield (f=1.8819), farfield
                      (f=1.949), farfield (f=1.9551), farfield (f=2.0191), farfield (f=2.0284),
                      farfield (f=2.0893), farfield (f=2.1016), farfield (f=2.1594), farfield
                      (f=2.1748), farfield (f=2.2296), farfield (f=2.2481), farfield (f=2.2997),
                      farfield (f=2.3213), farfield (f=2.3699), farfield (f=2.3945), farfield
                      (f=2.44), farfield (f=2.4677), farfield (f=2.541), farfield (f=2.6142),
                      farfield (f=2.6874), farfield (f=2.7606), farfield (f=2.8339), farfield
                      (f=2.9071), farfield (f=2.9803), farfield (f=3.0535), farfield (f=3.1268),
                      farfield (f=3.2).
                      For further information please check the page "Special Solver Parameters -
                      Solver" in the Online Help.
                      
                      ------------------------------------------------------------------------------
04/Nov/2024 12:43:18  
                      Solver started at: 12:43 PM Monday, 04. November 2024 (Rom, normaltid)
                      
                        Module:  Time Domain: S-Parameter (Win 64)
                        Version: 2023.4 Release from 2023-05-04 (change 1108613)
                      

                      ------------------------------------------------------------------------------

                      ------------------------------------------------------------------------------
04/Nov/2024 12:43:18  ======================================================================
                       Solver cycle: 1
                      ======================================================================
                      
                      Stimulation at port 1 (mode 1) 
                      
                      
                      
                      ------------------------------------------------------------------------------
04/Nov/2024 12:43:19  Units settings: 
                      
                        Dimensions: mm
                        Frequency:  GHz
                        Time:       ns
                      
                      ------------------------------------------------------------------------------
04/Nov/2024 12:43:19  The dispersive material update [Automatic] will be performed using the "Standard" update schema
                      
                      ------------------------------------------------------------------------------
04/Nov/2024 12:43:35  Mesh statistics:
                      
                         Hexahedral mesh type: Perfect Boundary Approximation (PBA)
                            Version: default
                      
                         Parallelization type: domain decomposition
                            Number of parallel working threads: 2
                            Number of calculation domains used: 2
                      
                         Used point accuracy enhancement value: 75.00%.
                         Acceleration mode: CPU
                         Used point accuracy enhancement value: 65.00%.
                         PBA fill limit: 99.00% (inverse)
                         Used point accuracy enhancement value: 69.00%.
04/Nov/2024 12:26:41     current system memory usage reached 80%

04/Nov/2024 12:43:37  Using Generalized port mode solver.
                      
                      ------------------------------------------------------------------------------
04/Nov/2024 12:43:37  Boundary conditions: 
                      
                        YZsymmetry: none
                        XZsymmetry: none
                        XYsymmetry: none
                      
                        Xmin: expanded open, 4 Layer, depth 34.3818 mm
                        Xmax: expanded open, 4 Layer, depth 36.7013 mm
                      
                        Ymin: expanded open, 4 Layer, depth 34.3782 mm
                        Ymax: expanded open, 4 Layer, depth 34.3782 mm
                      
                        Zmin: expanded open, 4 Layer, depth 34.6492 mm
                        Zmax: expanded open, 4 Layer, depth 32.6428 mm
                      
                        PML-Type: Convolution PML
                      
                      ------------------------------------------------------------------------------
04/Nov/2024 12:43:37  Frequency settings: 
                      
                        Fmin:         1.8
                        Fmax:         3.2
                        Nfsteps(lin): 1001
                      
                      ------------------------------------------------------------------------------
04/Nov/2024 12:43:37  Field update statistics:
                      
                        Number of components in total: 	560343
                        Number of TST and special elements:	347
                        Number of lossy metal components:	10838
                      
                      Subcycling state:      			Automatically deactivated
                      
                      ------------------------------------------------------------------------------
04/Nov/2024 12:43:37  Waveguide boundaries:
                      
04/Nov/2024 12:43:37  Port: 1
                      
04/Nov/2024 12:43:38    -------------------------------- F-Calc 2.5 --------------------------------
                        Port   Mode   Type        Z-Wave        Z-Wave-Sigma  Z-Line        F-Cutoff
                        1      1      QTEM        199           1.42e-009     52.7          ---
                        ----------------------------------------------------------------------------
                      
04/Nov/2024 12:43:38  Using standard absorber for unconsidered modes at port 1.
                      
                      ------------------------------------------------------------------------------
04/Nov/2024 12:44:07  
                      --------------------------------------------------------------------------------
04/Nov/2024 12:44:07  Steady state energy criterion met, solver finished successfully.
                      
                      ------------------------------------------------------------------------------
04/Nov/2024 12:44:07  Frequency domain results normalized to default signal.
                      
                      
                      ------------------------------------------------------------------------------
04/Nov/2024 12:44:07  
                        ----------------------------------------------------------------------------
                                            Peak memory used (kB)         Free physical memory (kB) 
                                                                          At begin     Minimum      
                        ----------------------------------------------------------------------------
                        Matrices calc.      128906                        4266601      4143554      
                        Solver run total    112972                        4302764      4152088      
                        ----------------------------------------------------------------------------
                      
                      --------------------------------------------------------------------------------
                      Solver Statistics:
                      
                        Hardware:
                           Computer name:                 	LAPTOP-4V14CJV4 
                      
                           Number of CPU threads:               4
                           Hardware info:                  	Hardware Accelerator Device not activated
                      
                        Number of mesh cells:             	89914
                        Excitation duration:              	5.07792678e+000 ns 
                        Calculation time for excitation:  	0 	s
                        Number of calculated pulse widths:	3.57555 
                        Steady state accuracy limit:      	-40	dB 
                        Simulated number of time steps:   	10797 
                        Maximum number of time steps:     	60393 
                        Time step width:
                           without subcycles:             	1.681611598e-003 ns
                           used:                          	1.681611598e-003 ns
                      
                        Matrix calculation time:          	16 	s
                        Solver setup time:                	6 	s
                        Solver loop time:                 	24 	s
                        Solver post-processing time:      	1 	s
                                                          	------------
                        Total solver time:                	47 	s
                      
                      ------------------------------------------------------------------------------
04/Nov/2024 12:44:07  
                        Adaptive port meshing time:          	26     	s
                        Total solver time (all cycles):      	47     	s
                        Solver initialization and clean-up:  	2      	s
                                                             	------------
                        Total simulation time:               	75     	s  ( = 0 h, 1 m, 15 s )
                      
                      ------------------------------------------------------------------------------
04/Nov/2024 12:44:07  Solver finished at: 12:44 PM Monday, 04. November 2024
                      
                      
                      
                      ------------------------------------------------------------------------------
04/Nov/2024 12:44:12  Creating parametric 1D results for Run ID 9
                      
                      ------------------------------------------------------------------------------
