Unknown:
C:\Users\johba\OneDrive\Skrivebord\track_and_point_antenna_final_new_er\Result\bdensx.adt
C:\Users\johba\OneDrive\Skrivebord\track_and_point_antenna_final_new_er\Result\bdensy.adt
C:\Users\johba\OneDrive\Skrivebord\track_and_point_antenna_final_new_er\Result\bdensz.adt
C:\Users\johba\OneDrive\Skrivebord\track_and_point_antenna_final_new_er\Result\edensx.adt
C:\Users\johba\OneDrive\Skrivebord\track_and_point_antenna_final_new_er\Result\edensy.adt
C:\Users\johba\OneDrive\Skrivebord\track_and_point_antenna_final_new_er\Result\edensz.adt
C:\Users\johba\OneDrive\Skrivebord\track_and_point_antenna_final_new_er\Result\farfield (f=1.8)_1.fme
C:\Users\johba\OneDrive\Skrivebord\track_and_point_antenna_final_new_er\Result\farfield (f=1.8087)_1.fme
C:\Users\johba\OneDrive\Skrivebord\track_and_point_antenna_final_new_er\Result\farfield (f=1.8819)_1.fme
C:\Users\johba\OneDrive\Skrivebord\track_and_point_antenna_final_new_er\Result\farfield (f=1.9551)_1.fme
C:\Users\johba\OneDrive\Skrivebord\track_and_point_antenna_final_new_er\Result\farfield (f=2.0284)_1.fme
C:\Users\johba\OneDrive\Skrivebord\track_and_point_antenna_final_new_er\Result\farfield (f=2.1016)_1.fme
C:\Users\johba\OneDrive\Skrivebord\track_and_point_antenna_final_new_er\Result\farfield (f=2.1748)_1.fme
C:\Users\johba\OneDrive\Skrivebord\track_and_point_antenna_final_new_er\Result\farfield (f=2.2481)_1.fme
C:\Users\johba\OneDrive\Skrivebord\track_and_point_antenna_final_new_er\Result\farfield (f=2.3213)_1.fme
C:\Users\johba\OneDrive\Skrivebord\track_and_point_antenna_final_new_er\Result\farfield (f=2.3945)_1.fme
C:\Users\johba\OneDrive\Skrivebord\track_and_point_antenna_final_new_er\Result\farfield (f=2.44)_1.fme
C:\Users\johba\OneDrive\Skrivebord\track_and_point_antenna_final_new_er\Result\farfield (f=2.4677)_1.fme
C:\Users\johba\OneDrive\Skrivebord\track_and_point_antenna_final_new_er\Result\farfield (f=2.541)_1.fme
C:\Users\johba\OneDrive\Skrivebord\track_and_point_antenna_final_new_er\Result\farfield (f=2.6142)_1.fme
C:\Users\johba\OneDrive\Skrivebord\track_and_point_antenna_final_new_er\Result\farfield (f=2.6874)_1.fme
C:\Users\johba\OneDrive\Skrivebord\track_and_point_antenna_final_new_er\Result\farfield (f=2.7606)_1.fme
C:\Users\johba\OneDrive\Skrivebord\track_and_point_antenna_final_new_er\Result\farfield (f=2.8339)_1.fme
C:\Users\johba\OneDrive\Skrivebord\track_and_point_antenna_final_new_er\Result\farfield (f=2.9071)_1.fme
C:\Users\johba\OneDrive\Skrivebord\track_and_point_antenna_final_new_er\Result\farfield (f=2.9803)_1.fme
C:\Users\johba\OneDrive\Skrivebord\track_and_point_antenna_final_new_er\Result\farfield (f=3.0535)_1.fme
C:\Users\johba\OneDrive\Skrivebord\track_and_point_antenna_final_new_er\Result\farfield (f=3.1268)_1.fme
C:\Users\johba\OneDrive\Skrivebord\track_and_point_antenna_final_new_er\Result\farfield (f=3.2)_1.fme
C:\Users\johba\OneDrive\Skrivebord\track_and_point_antenna_final_new_er\Result\hardware_resources.sconf
C:\Users\johba\OneDrive\Skrivebord\track_and_point_antenna_final_new_er\Result\Hex.gap
C:\Users\johba\OneDrive\Skrivebord\track_and_point_antenna_final_new_er\Result\MCalc.ddi
C:\Users\johba\OneDrive\Skrivebord\track_and_point_antenna_final_new_er\Result\MCalc.log
C:\Users\johba\OneDrive\Skrivebord\track_and_point_antenna_final_new_er\Result\ml_info.log
C:\Users\johba\OneDrive\Skrivebord\track_and_point_antenna_final_new_er\Result\Model.axg
C:\Users\johba\OneDrive\Skrivebord\track_and_point_antenna_final_new_er\Result\Model.coco
C:\Users\johba\OneDrive\Skrivebord\track_and_point_antenna_final_new_er\Result\Model.ddi
C:\Users\johba\OneDrive\Skrivebord\track_and_point_antenna_final_new_er\Result\Model.elg
C:\Users\johba\OneDrive\Skrivebord\track_and_point_antenna_final_new_er\Result\Model.log
C:\Users\johba\OneDrive\Skrivebord\track_and_point_antenna_final_new_er\Result\Model.mlg
C:\Users\johba\OneDrive\Skrivebord\track_and_point_antenna_final_new_er\Result\Model.sam
C:\Users\johba\OneDrive\Skrivebord\track_and_point_antenna_final_new_er\Result\ModelPBA.axg
C:\Users\johba\OneDrive\Skrivebord\track_and_point_antenna_final_new_er\Result\Model_1.sam
C:\Users\johba\OneDrive\Skrivebord\track_and_point_antenna_final_new_er\Result\m^fqq.dsc
C:\Users\johba\OneDrive\Skrivebord\track_and_point_antenna_final_new_er\Result\Ports.web
C:\Users\johba\OneDrive\Skrivebord\track_and_point_antenna_final_new_er\Result\PP-MCalc.log
C:\Users\johba\OneDrive\Skrivebord\track_and_point_antenna_final_new_er\Result\PP-Prio.log
C:\Users\johba\OneDrive\Skrivebord\track_and_point_antenna_final_new_er\Result\p^a.dsc
C:\Users\johba\OneDrive\Skrivebord\track_and_point_antenna_final_new_er\Result\P^m^fb.slog
C:\Users\johba\OneDrive\Skrivebord\track_and_point_antenna_final_new_er\Result\P^m^fbqq.slog
C:\Users\johba\OneDrive\Skrivebord\track_and_point_antenna_final_new_er\Result\P^m^fqq.slog
C:\Users\johba\OneDrive\Skrivebord\track_and_point_antenna_final_new_er\Result\P^p^m.slog
C:\Users\johba\OneDrive\Skrivebord\track_and_point_antenna_final_new_er\Result\P^s^pm.slog
Mesh:
C:\Users\johba\OneDrive\Skrivebord\track_and_point_antenna_final_new_er\Result\dA.mat
C:\Users\johba\OneDrive\Skrivebord\track_and_point_antenna_final_new_er\Result\dad.mat
C:\Users\johba\OneDrive\Skrivebord\track_and_point_antenna_final_new_er\Result\ds.mat
C:\Users\johba\OneDrive\Skrivebord\track_and_point_antenna_final_new_er\Result\dsd.mat
C:\Users\johba\OneDrive\Skrivebord\track_and_point_antenna_final_new_er\Result\dsMCalc.mat
C:\Users\johba\OneDrive\Skrivebord\track_and_point_antenna_final_new_er\Result\Eps.mat
C:\Users\johba\OneDrive\Skrivebord\track_and_point_antenna_final_new_er\Result\HexMatrix.m2h
C:\Users\johba\OneDrive\Skrivebord\track_and_point_antenna_final_new_er\Result\HexMatrix_MCalc.m2h
C:\Users\johba\OneDrive\Skrivebord\track_and_point_antenna_final_new_er\Result\MCalc.fmp
C:\Users\johba\OneDrive\Skrivebord\track_and_point_antenna_final_new_er\Result\MCalc.xcfd
C:\Users\johba\OneDrive\Skrivebord\track_and_point_antenna_final_new_er\Result\MCalcCCS_c.mson
C:\Users\johba\OneDrive\Skrivebord\track_and_point_antenna_final_new_er\Result\Meta.m2h
C:\Users\johba\OneDrive\Skrivebord\track_and_point_antenna_final_new_er\Result\Meta.mat
C:\Users\johba\OneDrive\Skrivebord\track_and_point_antenna_final_new_er\Result\Model-fmf.msqlite
C:\Users\johba\OneDrive\Skrivebord\track_and_point_antenna_final_new_er\Result\Model.cct
C:\Users\johba\OneDrive\Skrivebord\track_and_point_antenna_final_new_er\Result\Model.fmf
C:\Users\johba\OneDrive\Skrivebord\track_and_point_antenna_final_new_er\Result\Model.fmm
C:\Users\johba\OneDrive\Skrivebord\track_and_point_antenna_final_new_er\Result\Model.fpc
C:\Users\johba\OneDrive\Skrivebord\track_and_point_antenna_final_new_er\Result\Model.fwf
C:\Users\johba\OneDrive\Skrivebord\track_and_point_antenna_final_new_er\Result\Model.sic
C:\Users\johba\OneDrive\Skrivebord\track_and_point_antenna_final_new_er\Result\Model.sid
C:\Users\johba\OneDrive\Skrivebord\track_and_point_antenna_final_new_er\Result\Model.spi
C:\Users\johba\OneDrive\Skrivebord\track_and_point_antenna_final_new_er\Result\Model.xcfd
C:\Users\johba\OneDrive\Skrivebord\track_and_point_antenna_final_new_er\Result\Mue.mat
C:\Users\johba\OneDrive\Skrivebord\track_and_point_antenna_final_new_er\Result\m^fqq.mem
C:\Users\johba\OneDrive\Skrivebord\track_and_point_antenna_final_new_er\Result\p1.spi
C:\Users\johba\OneDrive\Skrivebord\track_and_point_antenna_final_new_er\Result\PEC.mat
C:\Users\johba\OneDrive\Skrivebord\track_and_point_antenna_final_new_er\Result\Port1.wgi
C:\Users\johba\OneDrive\Skrivebord\track_and_point_antenna_final_new_er\Result\p^a.mem
C:\Users\johba\OneDrive\Skrivebord\track_and_point_antenna_final_new_er\Result\p^m.mem
C:\Users\johba\OneDrive\Skrivebord\track_and_point_antenna_final_new_er\Result\Rho.mat
C:\Users\johba\OneDrive\Skrivebord\track_and_point_antenna_final_new_er\Result\S2HMatrix.m2h
C:\Users\johba\OneDrive\Skrivebord\track_and_point_antenna_final_new_er\Result\Shapes.con
C:\Users\johba\OneDrive\Skrivebord\track_and_point_antenna_final_new_er\Result\s^pm.mem
Port:
C:\Users\johba\OneDrive\Skrivebord\track_and_point_antenna_final_new_er\Result\adapt_Port1_e1.prt
C:\Users\johba\OneDrive\Skrivebord\track_and_point_antenna_final_new_er\Result\adapt_Port1_e1[2.5].prt
C:\Users\johba\OneDrive\Skrivebord\track_and_point_antenna_final_new_er\Result\adapt_Port1_h1.prt
C:\Users\johba\OneDrive\Skrivebord\track_and_point_antenna_final_new_er\Result\adapt_Port1_h1[2.5].prt
C:\Users\johba\OneDrive\Skrivebord\track_and_point_antenna_final_new_er\Result\Model.pmi
C:\Users\johba\OneDrive\Skrivebord\track_and_point_antenna_final_new_er\Result\Port1_1[2.5].m2d
C:\Users\johba\OneDrive\Skrivebord\track_and_point_antenna_final_new_er\Result\Port1_drv.m2d
C:\Users\johba\OneDrive\Skrivebord\track_and_point_antenna_final_new_er\Result\Port1_e1.prt
C:\Users\johba\OneDrive\Skrivebord\track_and_point_antenna_final_new_er\Result\Port1_e1[2.5].prt
C:\Users\johba\OneDrive\Skrivebord\track_and_point_antenna_final_new_er\Result\Port1_h1.prt
C:\Users\johba\OneDrive\Skrivebord\track_and_point_antenna_final_new_er\Result\Port1_h1[2.5].prt
