#! /usr/bin/vvp
:ivl_version "12.0 (stable)";
:ivl_delay_selection "TYPICAL";
:vpi_time_precision + 0;
:vpi_module "/usr/lib/x86_64-linux-gnu/ivl/system.vpi";
:vpi_module "/usr/lib/x86_64-linux-gnu/ivl/vhdl_sys.vpi";
:vpi_module "/usr/lib/x86_64-linux-gnu/ivl/vhdl_textio.vpi";
:vpi_module "/usr/lib/x86_64-linux-gnu/ivl/v2005_math.vpi";
:vpi_module "/usr/lib/x86_64-linux-gnu/ivl/va_math.vpi";
S_0x564574f27490 .scope module, "complex_sample_mul" "complex_sample_mul" 2 4;
 .timescale 0 0;
    .port_info 0 /INPUT 12 "I_x1";
    .port_info 1 /INPUT 12 "I_x2";
    .port_info 2 /INPUT 12 "I_x3";
    .port_info 3 /INPUT 12 "I_x4";
    .port_info 4 /INPUT 12 "Q_x1";
    .port_info 5 /INPUT 12 "Q_x2";
    .port_info 6 /INPUT 12 "Q_x3";
    .port_info 7 /INPUT 12 "Q_x4";
    .port_info 8 /INPUT 12 "I_s1";
    .port_info 9 /INPUT 12 "I_s2";
    .port_info 10 /INPUT 12 "I_s3";
    .port_info 11 /INPUT 12 "I_s4";
    .port_info 12 /INPUT 12 "Q_s1";
    .port_info 13 /INPUT 12 "Q_s2";
    .port_info 14 /INPUT 12 "Q_s3";
    .port_info 15 /INPUT 12 "Q_s4";
    .port_info 16 /OUTPUT 24 "I_y";
    .port_info 17 /OUTPUT 24 "Q_y";
P_0x564574f27620 .param/l "WORD_LENGTH" 0 2 6, +C4<00000000000000000000000000001100>;
P_0x564574f27660 .param/l "Y_WORD_LENGTH" 0 2 7, +C4<0000000000000000000000000000000000000000000000000000000000011000>;
v0x564574f804c0_0 .var/s "I_imm_1", 11 0;
v0x564574f805c0_0 .var/s "I_imm_2", 11 0;
v0x564574f806a0_0 .var/s "I_imm_3", 11 0;
v0x564574f80760_0 .var/s "I_imm_4", 11 0;
o0x7f17346c71f8 .functor BUFZ 12, C4<zzzzzzzzzzzz>; HiZ drive
v0x564574f80840_0 .net/s "I_s1", 11 0, o0x7f17346c71f8;  0 drivers
o0x7f17346c7228 .functor BUFZ 12, C4<zzzzzzzzzzzz>; HiZ drive
v0x564574f80970_0 .net/s "I_s2", 11 0, o0x7f17346c7228;  0 drivers
o0x7f17346c7258 .functor BUFZ 12, C4<zzzzzzzzzzzz>; HiZ drive
v0x564574f80a50_0 .net/s "I_s3", 11 0, o0x7f17346c7258;  0 drivers
o0x7f17346c7288 .functor BUFZ 12, C4<zzzzzzzzzzzz>; HiZ drive
v0x564574f80b30_0 .net/s "I_s4", 11 0, o0x7f17346c7288;  0 drivers
o0x7f17346c72b8 .functor BUFZ 12, C4<zzzzzzzzzzzz>; HiZ drive
v0x564574f80c10_0 .net/s "I_x1", 11 0, o0x7f17346c72b8;  0 drivers
o0x7f17346c72e8 .functor BUFZ 12, C4<zzzzzzzzzzzz>; HiZ drive
v0x564574f80cf0_0 .net/s "I_x2", 11 0, o0x7f17346c72e8;  0 drivers
o0x7f17346c7318 .functor BUFZ 12, C4<zzzzzzzzzzzz>; HiZ drive
v0x564574f80dd0_0 .net/s "I_x3", 11 0, o0x7f17346c7318;  0 drivers
o0x7f17346c7348 .functor BUFZ 12, C4<zzzzzzzzzzzz>; HiZ drive
v0x564574f80eb0_0 .net/s "I_x4", 11 0, o0x7f17346c7348;  0 drivers
v0x564574f80f90_0 .net/s "I_y", 23 0, L_0x564574f830b0;  1 drivers
v0x564574f81070_0 .var/s "Q_imm_1", 11 0;
v0x564574f81150_0 .var/s "Q_imm_2", 11 0;
v0x564574f81230_0 .var/s "Q_imm_3", 11 0;
v0x564574f81310_0 .var/s "Q_imm_4", 11 0;
o0x7f17346c7468 .functor BUFZ 12, C4<zzzzzzzzzzzz>; HiZ drive
v0x564574f813f0_0 .net/s "Q_s1", 11 0, o0x7f17346c7468;  0 drivers
o0x7f17346c7498 .functor BUFZ 12, C4<zzzzzzzzzzzz>; HiZ drive
v0x564574f814d0_0 .net/s "Q_s2", 11 0, o0x7f17346c7498;  0 drivers
o0x7f17346c74c8 .functor BUFZ 12, C4<zzzzzzzzzzzz>; HiZ drive
v0x564574f815b0_0 .net/s "Q_s3", 11 0, o0x7f17346c74c8;  0 drivers
o0x7f17346c74f8 .functor BUFZ 12, C4<zzzzzzzzzzzz>; HiZ drive
v0x564574f81690_0 .net/s "Q_s4", 11 0, o0x7f17346c74f8;  0 drivers
o0x7f17346c7528 .functor BUFZ 12, C4<zzzzzzzzzzzz>; HiZ drive
v0x564574f81770_0 .net/s "Q_x1", 11 0, o0x7f17346c7528;  0 drivers
o0x7f17346c7558 .functor BUFZ 12, C4<zzzzzzzzzzzz>; HiZ drive
v0x564574f81850_0 .net/s "Q_x2", 11 0, o0x7f17346c7558;  0 drivers
o0x7f17346c7588 .functor BUFZ 12, C4<zzzzzzzzzzzz>; HiZ drive
v0x564574f81930_0 .net/s "Q_x3", 11 0, o0x7f17346c7588;  0 drivers
o0x7f17346c75b8 .functor BUFZ 12, C4<zzzzzzzzzzzz>; HiZ drive
v0x564574f81a10_0 .net/s "Q_x4", 11 0, o0x7f17346c75b8;  0 drivers
v0x564574f81af0_0 .net/s "Q_y", 23 0, L_0x564574f83880;  1 drivers
v0x564574f81bd0_0 .net/s *"_ivl_0", 23 0, L_0x564574f28d20;  1 drivers
v0x564574f81cb0_0 .net/s *"_ivl_10", 23 0, L_0x564574f82fd0;  1 drivers
v0x564574f81d90_0 .net/s *"_ivl_14", 23 0, L_0x564574f831f0;  1 drivers
v0x564574f81e70_0 .net/s *"_ivl_16", 23 0, L_0x564574f832e0;  1 drivers
v0x564574f81f50_0 .net/s *"_ivl_18", 23 0, L_0x564574f833e0;  1 drivers
v0x564574f82030_0 .net/s *"_ivl_2", 23 0, L_0x564574f82b70;  1 drivers
v0x564574f82110_0 .net/s *"_ivl_20", 23 0, L_0x564574f835b0;  1 drivers
v0x564574f82400_0 .net/s *"_ivl_22", 23 0, L_0x564574f83650;  1 drivers
v0x564574f824e0_0 .net/s *"_ivl_24", 23 0, L_0x564574f837e0;  1 drivers
v0x564574f825c0_0 .net/s *"_ivl_4", 23 0, L_0x564574f82c70;  1 drivers
v0x564574f826a0_0 .net/s *"_ivl_6", 23 0, L_0x564574f82d90;  1 drivers
v0x564574f82780_0 .net/s *"_ivl_8", 23 0, L_0x564574f82e60;  1 drivers
L_0x564574f28d20 .extend/s 24, v0x564574f804c0_0;
L_0x564574f82b70 .extend/s 24, v0x564574f805c0_0;
L_0x564574f82c70 .arith/sum 24, L_0x564574f28d20, L_0x564574f82b70;
L_0x564574f82d90 .extend/s 24, v0x564574f806a0_0;
L_0x564574f82e60 .arith/sum 24, L_0x564574f82c70, L_0x564574f82d90;
L_0x564574f82fd0 .extend/s 24, v0x564574f80760_0;
L_0x564574f830b0 .arith/sum 24, L_0x564574f82e60, L_0x564574f82fd0;
L_0x564574f831f0 .extend/s 24, v0x564574f81070_0;
L_0x564574f832e0 .extend/s 24, v0x564574f81150_0;
L_0x564574f833e0 .arith/sum 24, L_0x564574f831f0, L_0x564574f832e0;
L_0x564574f835b0 .extend/s 24, v0x564574f81230_0;
L_0x564574f83650 .arith/sum 24, L_0x564574f833e0, L_0x564574f835b0;
L_0x564574f837e0 .extend/s 24, v0x564574f81310_0;
L_0x564574f83880 .arith/sum 24, L_0x564574f83650, L_0x564574f837e0;
S_0x564574f56b90 .scope task, "complex_mult" "complex_mult" 2 26, 2 26 0, S_0x564574f27490;
 .timescale 0 0;
v0x564574f56d70_0 .var/s "in_I_x1", 11 0;
v0x564574f80000_0 .var/s "in_I_x2", 11 0;
v0x564574f800e0_0 .var/s "in_Q_x1", 11 0;
v0x564574f801d0_0 .var/s "in_Q_x2", 11 0;
v0x564574f802b0_0 .var/s "out_I_y", 23 0;
v0x564574f803e0_0 .var/s "out_Q_y", 23 0;
TD_complex_sample_mul.complex_mult ;
    %load/vec4 v0x564574f56d70_0;
    %pad/s 24;
    %load/vec4 v0x564574f80000_0;
    %pad/s 24;
    %mul;
    %load/vec4 v0x564574f800e0_0;
    %pad/s 24;
    %load/vec4 v0x564574f801d0_0;
    %pad/s 24;
    %mul;
    %sub;
    %store/vec4 v0x564574f802b0_0, 0, 24;
    %load/vec4 v0x564574f56d70_0;
    %pad/s 24;
    %load/vec4 v0x564574f801d0_0;
    %pad/s 24;
    %mul;
    %load/vec4 v0x564574f80000_0;
    %pad/s 24;
    %load/vec4 v0x564574f800e0_0;
    %pad/s 24;
    %mul;
    %add;
    %store/vec4 v0x564574f803e0_0, 0, 24;
    %end;
    .scope S_0x564574f27490;
T_1 ;
    %load/vec4 v0x564574f80c10_0;
    %store/vec4 v0x564574f56d70_0, 0, 12;
    %load/vec4 v0x564574f80840_0;
    %store/vec4 v0x564574f80000_0, 0, 12;
    %load/vec4 v0x564574f81770_0;
    %store/vec4 v0x564574f800e0_0, 0, 12;
    %load/vec4 v0x564574f813f0_0;
    %store/vec4 v0x564574f801d0_0, 0, 12;
    %fork TD_complex_sample_mul.complex_mult, S_0x564574f56b90;
    %join;
    %load/vec4 v0x564574f802b0_0;
    %pad/s 12;
    %store/vec4 v0x564574f804c0_0, 0, 12;
    %load/vec4 v0x564574f803e0_0;
    %pad/s 12;
    %store/vec4 v0x564574f81070_0, 0, 12;
    %load/vec4 v0x564574f80cf0_0;
    %store/vec4 v0x564574f56d70_0, 0, 12;
    %load/vec4 v0x564574f80970_0;
    %store/vec4 v0x564574f80000_0, 0, 12;
    %load/vec4 v0x564574f81850_0;
    %store/vec4 v0x564574f800e0_0, 0, 12;
    %load/vec4 v0x564574f814d0_0;
    %store/vec4 v0x564574f801d0_0, 0, 12;
    %fork TD_complex_sample_mul.complex_mult, S_0x564574f56b90;
    %join;
    %load/vec4 v0x564574f802b0_0;
    %pad/s 12;
    %store/vec4 v0x564574f805c0_0, 0, 12;
    %load/vec4 v0x564574f803e0_0;
    %pad/s 12;
    %store/vec4 v0x564574f81150_0, 0, 12;
    %load/vec4 v0x564574f80dd0_0;
    %store/vec4 v0x564574f56d70_0, 0, 12;
    %load/vec4 v0x564574f80a50_0;
    %store/vec4 v0x564574f80000_0, 0, 12;
    %load/vec4 v0x564574f81930_0;
    %store/vec4 v0x564574f800e0_0, 0, 12;
    %load/vec4 v0x564574f815b0_0;
    %store/vec4 v0x564574f801d0_0, 0, 12;
    %fork TD_complex_sample_mul.complex_mult, S_0x564574f56b90;
    %join;
    %load/vec4 v0x564574f802b0_0;
    %pad/s 12;
    %store/vec4 v0x564574f806a0_0, 0, 12;
    %load/vec4 v0x564574f803e0_0;
    %pad/s 12;
    %store/vec4 v0x564574f81230_0, 0, 12;
    %load/vec4 v0x564574f80eb0_0;
    %store/vec4 v0x564574f56d70_0, 0, 12;
    %load/vec4 v0x564574f80b30_0;
    %store/vec4 v0x564574f80000_0, 0, 12;
    %load/vec4 v0x564574f81a10_0;
    %store/vec4 v0x564574f800e0_0, 0, 12;
    %load/vec4 v0x564574f81690_0;
    %store/vec4 v0x564574f801d0_0, 0, 12;
    %fork TD_complex_sample_mul.complex_mult, S_0x564574f56b90;
    %join;
    %load/vec4 v0x564574f802b0_0;
    %pad/s 12;
    %store/vec4 v0x564574f80760_0, 0, 12;
    %load/vec4 v0x564574f803e0_0;
    %pad/s 12;
    %store/vec4 v0x564574f81310_0, 0, 12;
    %end;
    .thread T_1;
# The file index is used to find the file name in the following table.
:file_names 3;
    "N/A";
    "<interactive>";
    "complex_sample_mul.v";
