Added Component: Designator=C1(Cap-1)
Add component (AddParameter): Name = "Value"; Value = "100nF"; VariantName = "[No Variations]"
Added Component: Designator=H-bridge(Header 1x5)
Added Component: Designator=Stepper_motor(Header 1x5)
Added Pin To Net: NetName=GND Pin=A1-GND_3
Added Pin To Net: NetName=GND Pin=C1-1
Added Pin To Net: NetName=+5 Pin=C1-2
Added Pin To Net: NetName=GND Pin=H-bridge-3
Added Pin To Net: NetName=+12 Pin=H-bridge-4
Added Pin To Net: NetName=GND Pin=H-bridge-5
Added Pin To Net: NetName=+12 Pin=Stepper_motor-4
Added Pin To Net: NetName=GND Pin=Stepper_motor-5
Added Pin To Net: NetName=Dir Pin=A1-D4
Added Pin To Net: NetName=Dir Pin=Stepper_motor-1
Added Net: Name=Dir
Added Pin To Net: NetName=In1 Pin=A1-D9
Added Pin To Net: NetName=In1 Pin=H-bridge-1
Added Net: Name=In1
Added Pin To Net: NetName=In2 Pin=A1-D10
Added Pin To Net: NetName=In2 Pin=H-bridge-2
Added Net: Name=In2
Added Pin To Net: NetName=Position_switch Pin=A1-D6
Added Pin To Net: NetName=Position_switch Pin=Stepper_motor-3
Added Net: Name=Position_switch
Added Pin To Net: NetName=Step Pin=A1-D5
Added Pin To Net: NetName=Step Pin=Stepper_motor-2
Added Net: Name=Step
Added Member To Class: ClassName=main Member=Component C1 Cap
Added Member To Class: ClassName=main Member=Component H-bridge Header 1x5
Added Member To Class: ClassName=main Member=Component Stepper_motor Header 1x5
