; Top Design: "MyFirstWorkspace_lib:cell_3:schematic"
; Netlisted using Hierarchy Policy: "Standard"

Options ResourceUsage=yes UseNutmegFormat=no EnableOptim=no TopDesignName="MyFirstWorkspace_lib:cell_3:schematic" DcopOutputNodeVoltages=yes DcopOutputPinCurrents=yes DcopOutputAllSweepPoints=no DcopOutputDcopType=0
MSABND:Bend16  N__5 N__10 Subst="MSub1" W=W mm Angle=90 M=0 
MSABND:Bend17  N__8 N__4 Subst="MSub1" W=W mm Angle=90 M=0 
MSABND:Bend27  N__27 N__30 Subst="MSub1" W=W mm Angle=90 M=0 
MSABND:Bend26  N__29 N__25 Subst="MSub1" W=W mm Angle=90 M=0 
MSABND:Bend25  N__16 N__21 Subst="MSub1" W=W mm Angle=90 M=0 
MSABND:Bend24  N__20 N__17 Subst="MSub1" W=W mm Angle=90 M=0 
MSABND:Bend23  N__19 N__18 Subst="MSub1" W=W mm Angle=90 M=0 
MSABND:Bend22  N__14 N__32 Subst="MSub1" W=W mm Angle=90 M=0 
MSABND:Bend21  N__12 N__0 Subst="MSub1" W=W mm Angle=90 M=0 
MSABND:Bend20  N__1 N__13 Subst="MSub1" W=W mm Angle=90 M=0 
MSABND:Bend18  N__7 N__3 Subst="MSub1" W=W mm Angle=90 M=0 
MSABND:Bend19  N__2 N__6 Subst="MSub1" W=W mm Angle=90 M=0 
MSABND:Bend29  N__31 N__26 Subst="MSub1" W=W mm Angle=90 M=0 
MSABND:Bend28  N__15 N__22 Subst="MSub1" W=W mm Angle=90 M=0 
MCFIL:CLin6  N__26 N__25 Subst="MSub1" W=W mm S=s1 mm L=L mm 
MCFIL:CLin5  N__15 N__16 Subst="MSub1" W=W mm S=s2 mm L=L mm 
MCFIL:CLin4  N__18 N__17 Subst="MSub1" W=W mm S=s3 mm L=L mm 
MCFIL:CLin3  N__12 N__14 Subst="MSub1" W=W mm S=s3 mm L=L mm 
MCFIL:CLin2  N__8 N__7 Subst="MSub1" W=W mm S=s1 mm L=L mm 
MCFIL:CLin1  N__6 N__13 Subst="MSub1" W=W mm S=s2 mm L=L mm 
MTEE_ADS:Tee2  N__23 N__27 N__24 Subst="MSub1" W1=W mm W2=T mm W3=W mm 
MTEE_ADS:Tee1  N__10 N__9 N__33 Subst="MSub1" W1=W mm W2=T mm W3=W mm 
MLOC2:TL4  N__23 Subst="MSub1" W=W mm L=Louter mm Wall1=2.5e+28 mm Wall2=2.5e+28 mm Mod=1 
MLOC2:TL1  N__9 Subst="MSub1" W=W mm L=Louter mm Wall1=2.5e+28 mm Wall2=2.5e+28 mm Mod=1 
MLIN2:TL11  N__5 N__4 Subst="MSub1" W=W mm L=Lmid mm Wall1=2.5e+28 mm Wall2=2.5e+28 mm Mod=1 
MLIN2:TL10  N__3 N__2 Subst="MSub1" W=W mm L=Lmid mm Wall1=2.5e+28 mm Wall2=2.5e+28 mm Mod=1 
MLIN2:TL9  N__1 N__0 Subst="MSub1" W=W mm L=Lmid mm Wall1=2.5e+28 mm Wall2=2.5e+28 mm Mod=1 
MLIN2:TL8  N__32 N__19 Subst="MSub1" W=W mm L=Lmid mm Wall1=2.5e+28 mm Wall2=2.5e+28 mm Mod=1 
MLIN2:TL7  N__20 N__21 Subst="MSub1" W=W mm L=Lmid mm Wall1=2.5e+28 mm Wall2=2.5e+28 mm Mod=1 
MLIN2:TL6  N__22 N__31 Subst="MSub1" W=W mm L=Lmid mm Wall1=2.5e+28 mm Wall2=2.5e+28 mm Mod=1 
MLIN2:TL5  N__29 N__30 Subst="MSub1" W=W mm L=Lmid mm Wall1=2.5e+28 mm Wall2=2.5e+28 mm Mod=1 
MLIN2:TL3  N__24 N__28 Subst="MSub1" W=imp mm L=Lin mm Wall1=2.5e+28 mm Wall2=2.5e+28 mm Mod=1 
MLIN2:TL2  N__11 N__33 Subst="MSub1" W=imp mm L=Lin mm Wall1=2.5e+28 mm Wall2=2.5e+28 mm Mod=1 
Port:TermG1  N__11 0 Num=1 Z=50 Ohm Noise=yes 
Port:TermG2  N__28 0 Num=2 Z=50 Ohm Noise=yes 
model MSub1 MSUB H=1.524 mm Er=3 Mur=1 Cond=5.8E+7 Hu=1e+33 mm T=35 um TanD=0.001 Rough=0 mm DielectricLossModel=1 FreqForEpsrTanD=1.0 GHz LowFreqForTanD=1.0 kHz HighFreqForTanD=1.0 THz RoughnessModel=2 
S_Param:SP1 CalcS=yes CalcY=no CalcZ=no GroupDelayAperture=1e-4 FreqConversion=no FreqConversionPort=1 StatusLevel=2 CalcNoise=no SortNoise=0 BandwidthForNoise=1.0 Hz DevOpPtLevel=0 SPSS_WSP=yes \
SweepVar="freq" SweepPlan="SP1_stim" OutputPlan="SP1_Output" 

SweepPlan: SP1_stim Start=1.5 GHz Stop=3.5 GHz Step=0.1 MHz 

OutputPlan:SP1_Output \
      Type="Output" \
      UseEquationNestLevel=yes \
      EquationNestLevel=2 \
      UseSavedEquationNestLevel=yes \
      SavedEquationNestLevel=2

#load "python","LinearCollapse"
Component Module="LinearCollapse" Type="ModelExtractor" NetworkRepresentation=2

T=2.30442 tune{ 0.1 to 8 by 0.0387 } opt{ 2 to 5 }
Wt=1.08257 tune{ 0.1 to 8 by 0.0387 } opt{ 1 to 3.5 }
Lin=3.5 tune{ 0.1 to 5 by 0.0387 } opt{ 1 to 3.5 }
imp=1 tune{ 1 to 5 by 0.0387 } opt{ 1 to 5 }
s3=2.99999 tune{ 0.1 to 1 by 0.0387 } opt{ 0.5 to 3 }
Louter=5.0001 tune{ 5 to 17.6 by 0.0387 } opt{ 5 to 20 }
Lmid=1.9999 tune{ 0.1 to 3 by 0.0387 } opt{ 1 to 2 }
L=18.8527 tune{ 5 to 30 by 0.5 } opt{ 5 to 20 }
W=1.36519 tune{ 0.2 to 2 by 0.1 } opt{ 1 to 3 }
s1=0.513608 tune{ 0.1 to 1 by 0.0994 } opt{ 0.5 to 2 }
s2=2.27917 tune{ 0.1 to 1 by 0.129 } opt{ 0.5 to 3 }
